Build started at 2020-12-13T10:17:06.428752
Main binary: /home/user/hyperscale/buildroot/output/host/bin/python3
Build Options: -Dbuild.pkg_config_path=/home/user/hyperscale/buildroot/output/host/lib/pkgconfig -Dexamples=disabled -Dtests=disabled -Dgobject-cast-checks=disabled -Dglib-asserts=disabled -Dglib-checks=disabled -Dasm=disabled -Ddirectsound=disabled -Dwaveform=disabled -Drpicamsrc=disabled -Dosxaudio=disabled -Dosxvideo=disabled -Daalib=disabled -Dlibcaca=disabled -Ddoc=disabled -Ddv=disabled -Ddv1394=disabled -Djack=disabled -Dv4l2-libv4l2=disabled -Dalpha=disabled -Dapetag=disabled -Daudiofx=disabled -Daudioparsers=disabled -Dauparse=disabled -Dautodetect=disabled -Davi=disabled -Dcutter=disabled -Ddebugutils=disabled -Ddeinterlace=disabled -Ddtmf=disabled -Deffectv=disabled -Dequalizer=disabled -Dflv=disabled -Dflx=disabled -Dgoom=disabled -Dgoom2k1=disabled -Dicydemux=disabled -Did3demux=disabled -Dimagefreeze=disabled -Dinterleave=disabled -Disomp4=disabled -Dlame=disabled -Dmpg123=disabled -Dlaw=disabled -Dlevel=disabled -Dmatroska=disabled -Dmonoscope=disabled -Dmultifile=disabled -Dmultipart=disabled -Dreplaygain=disabled -Drtp=enabled -Drtpmanager=enabled -Drtsp=disabled -Dshapewipe=disabled -Dsmpte=disabled -Dspectrum=disabled -Dudp=enabled -Dvideobox=disabled -Dvideocrop=disabled -Dvideofilter=disabled -Dvideomixer=disabled -Dwavenc=disabled -Dwavparse=disabled -Dy4m=disabled -Doss=disabled -Doss4=disabled -Dqt5=disabled -Dshout2=disabled -Dv4l2=disabled -Dv4l2-probe=false -Dximagesrc=disabled -Dximagesrc-xfixes=disabled -Dximagesrc-xdamage=disabled -Dcairo=disabled -Dflac=disabled -Dgdk-pixbuf=disabled -Djpeg=disabled -Dpng=disabled -Dpulse=disabled -Dsoup=enabled -Dspeex=disabled -Dtaglib=disabled -Dtwolame=disabled -Dvpx=disabled -Dwavpack=disabled -Dbz2=disabled -Dprefix=/usr -Dlibdir=lib -Dbuildtype=release -Ddefault_library=static '--cross-file /home/user/hyperscale/buildroot/output/build/gst1-plugins-good-1.18.1//build/cross-compilation.conf'
Python system: Linux
The Meson build system
Version: 0.56.0
Source dir: /home/user/hyperscale/buildroot/output/build/gst1-plugins-good-1.18.1
Build dir: /home/user/hyperscale/buildroot/output/build/gst1-plugins-good-1.18.1/build
Build type: cross build
Project name: gst-plugins-good
Project version: 1.18.1
None of 'CFLAGS' are defined in the environment, not changing global flags.
None of 'LDFLAGS' are defined in the environment, not changing global flags.
None of 'CPPFLAGS' are defined in the environment, not changing global flags.
None of 'CC_LD' are defined in the environment, not changing global flags.
Sanity testing C compiler: /home/user/hyperscale/buildroot/output/host/bin/csky-linux-gcc
Is cross compiler: True.
Sanity check compiler command line: /home/user/hyperscale/buildroot/output/host/bin/csky-linux-gcc /home/user/hyperscale/buildroot/output/build/gst1-plugins-good-1.18.1/build/meson-private/sanitycheckc.c -o /home/user/hyperscale/buildroot/output/build/gst1-plugins-good-1.18.1/build/meson-private/sanitycheckc_cross.exe -D_LARGEFILE_SOURCE -D_LARGEFILE64_SOURCE -D_FILE_OFFSET_BITS=64 -Os -static -pipe -D_FILE_OFFSET_BITS=64 -c
Sanity check compile stdout:

-----
Sanity check compile stderr:

-----
C compiler for the host machine: /home/user/hyperscale/buildroot/output/host/bin/csky-linux-gcc (gcc 6.3.0 "csky-linux-gcc (C-SKY Tools V3.10.7 uClibc-ng-1.0.29 Linux-4.9.56 abiv1 B20190605) 6.3.0")
C linker for the host machine: /home/user/hyperscale/buildroot/output/host/bin/csky-linux-gcc ld.bfd 2.27
None of 'CC_FOR_BUILD' are defined in the environment, not changing global flags.
None of 'CFLAGS_FOR_BUILD' are defined in the environment, not changing global flags.
None of 'LDFLAGS_FOR_BUILD' are defined in the environment, not changing global flags.
None of 'CPPFLAGS_FOR_BUILD' are defined in the environment, not changing global flags.
None of 'CC_LD_FOR_BUILD' are defined in the environment, not changing global flags.
Sanity testing C compiler: ccache cc
Is cross compiler: False.
None of 'CC_LD_FOR_BUILD' are defined in the environment, not changing global flags.
Sanity check compiler command line: ccache cc /home/user/hyperscale/buildroot/output/build/gst1-plugins-good-1.18.1/build/meson-private/sanitycheckc.c -o /home/user/hyperscale/buildroot/output/build/gst1-plugins-good-1.18.1/build/meson-private/sanitycheckc.exe -pipe -D_FILE_OFFSET_BITS=64
Sanity check compile stdout:

-----
Sanity check compile stderr:

-----
Running test binary command: /home/user/hyperscale/buildroot/output/build/gst1-plugins-good-1.18.1/build/meson-private/sanitycheckc.exe
C compiler for the build machine: ccache cc (gcc 9.3.0 "cc (Ubuntu 9.3.0-17ubuntu1~20.04) 9.3.0")
C linker for the build machine: cc ld.bfd 2.34
None of 'AR_FOR_BUILD' are defined in the environment, not changing global flags.
Build machine cpu family: x86_64
Build machine cpu: x86_64
Host machine cpu family: x86_64
Host machine cpu: x86_64
Target machine cpu family: csky
Target machine cpu: ck610
WARNING: Project targeting '>= 0.48' but tried to use feature introduced in '0.54.0': native arg in add_languages.
None of 'CXXFLAGS' are defined in the environment, not changing global flags.
None of 'LDFLAGS' are defined in the environment, not changing global flags.
None of 'CPPFLAGS' are defined in the environment, not changing global flags.
None of 'CXX_LD' are defined in the environment, not changing global flags.
Sanity testing C++ compiler: /home/user/hyperscale/buildroot/output/host/bin/csky-linux-g++
Is cross compiler: True.
Sanity check compiler command line: /home/user/hyperscale/buildroot/output/host/bin/csky-linux-g++ /home/user/hyperscale/buildroot/output/build/gst1-plugins-good-1.18.1/build/meson-private/sanitycheckcpp.cc -o /home/user/hyperscale/buildroot/output/build/gst1-plugins-good-1.18.1/build/meson-private/sanitycheckcpp_cross.exe -D_LARGEFILE_SOURCE -D_LARGEFILE64_SOURCE -D_FILE_OFFSET_BITS=64 -Os -static -static -pipe -D_FILE_OFFSET_BITS=64 -c
Sanity check compile stdout:

-----
Sanity check compile stderr:

-----
C++ compiler for the host machine: /home/user/hyperscale/buildroot/output/host/bin/csky-linux-g++ (gcc 6.3.0 "csky-linux-g++ (C-SKY Tools V3.10.7 uClibc-ng-1.0.29 Linux-4.9.56 abiv1 B20190605) 6.3.0")
C++ linker for the host machine: /home/user/hyperscale/buildroot/output/host/bin/csky-linux-g++ ld.bfd 2.27
None of 'CC_LD' are defined in the environment, not changing global flags.
Running compile:
Working directory:  /home/user/hyperscale/buildroot/output/build/gst1-plugins-good-1.18.1/build/meson-private/tmp3b58wfdy
Command line:  /home/user/hyperscale/buildroot/output/host/bin/csky-linux-gcc /home/user/hyperscale/buildroot/output/build/gst1-plugins-good-1.18.1/build/meson-private/tmp3b58wfdy/testfile.c -o /home/user/hyperscale/buildroot/output/build/gst1-plugins-good-1.18.1/build/meson-private/tmp3b58wfdy/output.exe -pipe -D_LARGEFILE_SOURCE -D_LARGEFILE64_SOURCE -Os -static -D_FILE_OFFSET_BITS=64 -O0 -Wl,--fatal-warnings -Wl,-Bsymbolic-functions 

Code:
 int main(void) { return 0; }

Compiler stdout:
 
Compiler stderr:
 
Compiler for C supports link arguments -Wl,-Bsymbolic-functions: YES 
Running compile:
Working directory:  /home/user/hyperscale/buildroot/output/build/gst1-plugins-good-1.18.1/build/meson-private/tmpo6f8o_8n
Command line:  /home/user/hyperscale/buildroot/output/host/bin/csky-linux-gcc /home/user/hyperscale/buildroot/output/build/gst1-plugins-good-1.18.1/build/meson-private/tmpo6f8o_8n/testfile.c -o /home/user/hyperscale/buildroot/output/build/gst1-plugins-good-1.18.1/build/meson-private/tmpo6f8o_8n/output.obj -pipe -c -D_LARGEFILE_SOURCE -D_LARGEFILE64_SOURCE -Os -static -D_FILE_OFFSET_BITS=64 -O0 -fvisibility=hidden 

Code:
 extern int i;
int i;

Compiler stdout:
 
Compiler stderr:
 
Compiler for C supports arguments -fvisibility=hidden: YES 
Running compile:
Working directory:  /home/user/hyperscale/buildroot/output/build/gst1-plugins-good-1.18.1/build/meson-private/tmpbikutjcm
Command line:  /home/user/hyperscale/buildroot/output/host/bin/csky-linux-gcc /home/user/hyperscale/buildroot/output/build/gst1-plugins-good-1.18.1/build/meson-private/tmpbikutjcm/testfile.c -o /home/user/hyperscale/buildroot/output/build/gst1-plugins-good-1.18.1/build/meson-private/tmpbikutjcm/output.obj -pipe -c -D_LARGEFILE_SOURCE -D_LARGEFILE64_SOURCE -Os -static -D_FILE_OFFSET_BITS=64 -O0 -fno-strict-aliasing 

Code:
 extern int i;
int i;

Compiler stdout:
 
Compiler stderr:
 
Compiler for C supports arguments -fno-strict-aliasing: YES 
Message: Disabling GLib cast checks
Message: Disabling GLib asserts
Message: Disabling GLib checks
Running compile:
Working directory:  /home/user/hyperscale/buildroot/output/build/gst1-plugins-good-1.18.1/build/meson-private/tmpmtp342uq
Command line:  /home/user/hyperscale/buildroot/output/host/bin/csky-linux-gcc /home/user/hyperscale/buildroot/output/build/gst1-plugins-good-1.18.1/build/meson-private/tmpmtp342uq/testfile.c -pipe -E -P -D_LARGEFILE_SOURCE -D_LARGEFILE64_SOURCE -Os -static -D_FILE_OFFSET_BITS=64 -P -O0 

Code:
 
        #ifdef __has_include
         #if !__has_include("dlfcn.h")
          #error "Header 'dlfcn.h' could not be found"
         #endif
        #else
         #include <dlfcn.h>
        #endif
Compiler stdout:
 
Compiler stderr:
 
Has header "dlfcn.h" : YES 
Running compile:
Working directory:  /home/user/hyperscale/buildroot/output/build/gst1-plugins-good-1.18.1/build/meson-private/tmphwbk8f68
Command line:  /home/user/hyperscale/buildroot/output/host/bin/csky-linux-gcc /home/user/hyperscale/buildroot/output/build/gst1-plugins-good-1.18.1/build/meson-private/tmphwbk8f68/testfile.c -pipe -E -P -D_LARGEFILE_SOURCE -D_LARGEFILE64_SOURCE -Os -static -D_FILE_OFFSET_BITS=64 -P -O0 

Code:
 
        #ifdef __has_include
         #if !__has_include("fcntl.h")
          #error "Header 'fcntl.h' could not be found"
         #endif
        #else
         #include <fcntl.h>
        #endif
Compiler stdout:
 
Compiler stderr:
 
Has header "fcntl.h" : YES 
Running compile:
Working directory:  /home/user/hyperscale/buildroot/output/build/gst1-plugins-good-1.18.1/build/meson-private/tmpvvd5y9kd
Command line:  /home/user/hyperscale/buildroot/output/host/bin/csky-linux-gcc /home/user/hyperscale/buildroot/output/build/gst1-plugins-good-1.18.1/build/meson-private/tmpvvd5y9kd/testfile.c -pipe -E -P -D_LARGEFILE_SOURCE -D_LARGEFILE64_SOURCE -Os -static -D_FILE_OFFSET_BITS=64 -P -O0 

Code:
 
        #ifdef __has_include
         #if !__has_include("inttypes.h")
          #error "Header 'inttypes.h' could not be found"
         #endif
        #else
         #include <inttypes.h>
        #endif
Compiler stdout:
 
Compiler stderr:
 
Has header "inttypes.h" : YES 
Running compile:
Working directory:  /home/user/hyperscale/buildroot/output/build/gst1-plugins-good-1.18.1/build/meson-private/tmpgmngoydz
Command line:  /home/user/hyperscale/buildroot/output/host/bin/csky-linux-gcc /home/user/hyperscale/buildroot/output/build/gst1-plugins-good-1.18.1/build/meson-private/tmpgmngoydz/testfile.c -pipe -E -P -D_LARGEFILE_SOURCE -D_LARGEFILE64_SOURCE -Os -static -D_FILE_OFFSET_BITS=64 -P -O0 

Code:
 
        #ifdef __has_include
         #if !__has_include("memory.h")
          #error "Header 'memory.h' could not be found"
         #endif
        #else
         #include <memory.h>
        #endif
Compiler stdout:
 
Compiler stderr:
 
Has header "memory.h" : YES 
Running compile:
Working directory:  /home/user/hyperscale/buildroot/output/build/gst1-plugins-good-1.18.1/build/meson-private/tmpbhk7jn7q
Command line:  /home/user/hyperscale/buildroot/output/host/bin/csky-linux-gcc /home/user/hyperscale/buildroot/output/build/gst1-plugins-good-1.18.1/build/meson-private/tmpbhk7jn7q/testfile.c -pipe -E -P -D_LARGEFILE_SOURCE -D_LARGEFILE64_SOURCE -Os -static -D_FILE_OFFSET_BITS=64 -P -O0 

Code:
 
        #ifdef __has_include
         #if !__has_include("process.h")
          #error "Header 'process.h' could not be found"
         #endif
        #else
         #include <process.h>
        #endif
Compiler stdout:
 
Compiler stderr:
 /home/user/hyperscale/buildroot/output/build/gst1-plugins-good-1.18.1/build/meson-private/tmpbhk7jn7q/testfile.c:4:12: error: #error "Header 'process.h' could not be found"
           #error "Header 'process.h' could not be found"
            ^~~~~

Has header "process.h" : NO 
Running compile:
Working directory:  /home/user/hyperscale/buildroot/output/build/gst1-plugins-good-1.18.1/build/meson-private/tmp0a1dy_ew
Command line:  /home/user/hyperscale/buildroot/output/host/bin/csky-linux-gcc /home/user/hyperscale/buildroot/output/build/gst1-plugins-good-1.18.1/build/meson-private/tmp0a1dy_ew/testfile.c -pipe -E -P -D_LARGEFILE_SOURCE -D_LARGEFILE64_SOURCE -Os -static -D_FILE_OFFSET_BITS=64 -P -O0 

Code:
 
        #ifdef __has_include
         #if !__has_include("stdint.h")
          #error "Header 'stdint.h' could not be found"
         #endif
        #else
         #include <stdint.h>
        #endif
Compiler stdout:
 
Compiler stderr:
 
Has header "stdint.h" : YES 
Running compile:
Working directory:  /home/user/hyperscale/buildroot/output/build/gst1-plugins-good-1.18.1/build/meson-private/tmpbe0wzw54
Command line:  /home/user/hyperscale/buildroot/output/host/bin/csky-linux-gcc /home/user/hyperscale/buildroot/output/build/gst1-plugins-good-1.18.1/build/meson-private/tmpbe0wzw54/testfile.c -pipe -E -P -D_LARGEFILE_SOURCE -D_LARGEFILE64_SOURCE -Os -static -D_FILE_OFFSET_BITS=64 -P -O0 

Code:
 
        #ifdef __has_include
         #if !__has_include("stdlib.h")
          #error "Header 'stdlib.h' could not be found"
         #endif
        #else
         #include <stdlib.h>
        #endif
Compiler stdout:
 
Compiler stderr:
 
Has header "stdlib.h" : YES 
Running compile:
Working directory:  /home/user/hyperscale/buildroot/output/build/gst1-plugins-good-1.18.1/build/meson-private/tmpobseawec
Command line:  /home/user/hyperscale/buildroot/output/host/bin/csky-linux-gcc /home/user/hyperscale/buildroot/output/build/gst1-plugins-good-1.18.1/build/meson-private/tmpobseawec/testfile.c -pipe -E -P -D_LARGEFILE_SOURCE -D_LARGEFILE64_SOURCE -Os -static -D_FILE_OFFSET_BITS=64 -P -O0 

Code:
 
        #ifdef __has_include
         #if !__has_include("strings.h")
          #error "Header 'strings.h' could not be found"
         #endif
        #else
         #include <strings.h>
        #endif
Compiler stdout:
 
Compiler stderr:
 
Has header "strings.h" : YES 
Running compile:
Working directory:  /home/user/hyperscale/buildroot/output/build/gst1-plugins-good-1.18.1/build/meson-private/tmp7sde1v9i
Command line:  /home/user/hyperscale/buildroot/output/host/bin/csky-linux-gcc /home/user/hyperscale/buildroot/output/build/gst1-plugins-good-1.18.1/build/meson-private/tmp7sde1v9i/testfile.c -pipe -E -P -D_LARGEFILE_SOURCE -D_LARGEFILE64_SOURCE -Os -static -D_FILE_OFFSET_BITS=64 -P -O0 

Code:
 
        #ifdef __has_include
         #if !__has_include("string.h")
          #error "Header 'string.h' could not be found"
         #endif
        #else
         #include <string.h>
        #endif
Compiler stdout:
 
Compiler stderr:
 
Has header "string.h" : YES 
Running compile:
Working directory:  /home/user/hyperscale/buildroot/output/build/gst1-plugins-good-1.18.1/build/meson-private/tmp9qiiqng0
Command line:  /home/user/hyperscale/buildroot/output/host/bin/csky-linux-gcc /home/user/hyperscale/buildroot/output/build/gst1-plugins-good-1.18.1/build/meson-private/tmp9qiiqng0/testfile.c -pipe -E -P -D_LARGEFILE_SOURCE -D_LARGEFILE64_SOURCE -Os -static -D_FILE_OFFSET_BITS=64 -P -O0 

Code:
 
        #ifdef __has_include
         #if !__has_include("sys/ioctl.h")
          #error "Header 'sys/ioctl.h' could not be found"
         #endif
        #else
         #include <sys/ioctl.h>
        #endif
Compiler stdout:
 
Compiler stderr:
 
Has header "sys/ioctl.h" : YES 
Running compile:
Working directory:  /home/user/hyperscale/buildroot/output/build/gst1-plugins-good-1.18.1/build/meson-private/tmphp35gaag
Command line:  /home/user/hyperscale/buildroot/output/host/bin/csky-linux-gcc /home/user/hyperscale/buildroot/output/build/gst1-plugins-good-1.18.1/build/meson-private/tmphp35gaag/testfile.c -pipe -E -P -D_LARGEFILE_SOURCE -D_LARGEFILE64_SOURCE -Os -static -D_FILE_OFFSET_BITS=64 -P -O0 

Code:
 
        #ifdef __has_include
         #if !__has_include("sys/param.h")
          #error "Header 'sys/param.h' could not be found"
         #endif
        #else
         #include <sys/param.h>
        #endif
Compiler stdout:
 
Compiler stderr:
 
Has header "sys/param.h" : YES 
Running compile:
Working directory:  /home/user/hyperscale/buildroot/output/build/gst1-plugins-good-1.18.1/build/meson-private/tmpd13dh9on
Command line:  /home/user/hyperscale/buildroot/output/host/bin/csky-linux-gcc /home/user/hyperscale/buildroot/output/build/gst1-plugins-good-1.18.1/build/meson-private/tmpd13dh9on/testfile.c -pipe -E -P -D_LARGEFILE_SOURCE -D_LARGEFILE64_SOURCE -Os -static -D_FILE_OFFSET_BITS=64 -P -O0 

Code:
 
        #ifdef __has_include
         #if !__has_include("sys/socket.h")
          #error "Header 'sys/socket.h' could not be found"
         #endif
        #else
         #include <sys/socket.h>
        #endif
Compiler stdout:
 
Compiler stderr:
 
Has header "sys/socket.h" : YES 
Running compile:
Working directory:  /home/user/hyperscale/buildroot/output/build/gst1-plugins-good-1.18.1/build/meson-private/tmpozwtc8ed
Command line:  /home/user/hyperscale/buildroot/output/host/bin/csky-linux-gcc /home/user/hyperscale/buildroot/output/build/gst1-plugins-good-1.18.1/build/meson-private/tmpozwtc8ed/testfile.c -pipe -E -P -D_LARGEFILE_SOURCE -D_LARGEFILE64_SOURCE -Os -static -D_FILE_OFFSET_BITS=64 -P -O0 

Code:
 
        #ifdef __has_include
         #if !__has_include("sys/stat.h")
          #error "Header 'sys/stat.h' could not be found"
         #endif
        #else
         #include <sys/stat.h>
        #endif
Compiler stdout:
 
Compiler stderr:
 
Has header "sys/stat.h" : YES 
Running compile:
Working directory:  /home/user/hyperscale/buildroot/output/build/gst1-plugins-good-1.18.1/build/meson-private/tmpi0im0hbs
Command line:  /home/user/hyperscale/buildroot/output/host/bin/csky-linux-gcc /home/user/hyperscale/buildroot/output/build/gst1-plugins-good-1.18.1/build/meson-private/tmpi0im0hbs/testfile.c -pipe -E -P -D_LARGEFILE_SOURCE -D_LARGEFILE64_SOURCE -Os -static -D_FILE_OFFSET_BITS=64 -P -O0 

Code:
 
        #ifdef __has_include
         #if !__has_include("sys/time.h")
          #error "Header 'sys/time.h' could not be found"
         #endif
        #else
         #include <sys/time.h>
        #endif
Compiler stdout:
 
Compiler stderr:
 
Has header "sys/time.h" : YES 
Running compile:
Working directory:  /home/user/hyperscale/buildroot/output/build/gst1-plugins-good-1.18.1/build/meson-private/tmpcf1_ye3q
Command line:  /home/user/hyperscale/buildroot/output/host/bin/csky-linux-gcc /home/user/hyperscale/buildroot/output/build/gst1-plugins-good-1.18.1/build/meson-private/tmpcf1_ye3q/testfile.c -pipe -E -P -D_LARGEFILE_SOURCE -D_LARGEFILE64_SOURCE -Os -static -D_FILE_OFFSET_BITS=64 -P -O0 

Code:
 
        #ifdef __has_include
         #if !__has_include("sys/types.h")
          #error "Header 'sys/types.h' could not be found"
         #endif
        #else
         #include <sys/types.h>
        #endif
Compiler stdout:
 
Compiler stderr:
 
Has header "sys/types.h" : YES 
Running compile:
Working directory:  /home/user/hyperscale/buildroot/output/build/gst1-plugins-good-1.18.1/build/meson-private/tmpl2hd9ok2
Command line:  /home/user/hyperscale/buildroot/output/host/bin/csky-linux-gcc /home/user/hyperscale/buildroot/output/build/gst1-plugins-good-1.18.1/build/meson-private/tmpl2hd9ok2/testfile.c -pipe -E -P -D_LARGEFILE_SOURCE -D_LARGEFILE64_SOURCE -Os -static -D_FILE_OFFSET_BITS=64 -P -O0 

Code:
 
        #ifdef __has_include
         #if !__has_include("unistd.h")
          #error "Header 'unistd.h' could not be found"
         #endif
        #else
         #include <unistd.h>
        #endif
Compiler stdout:
 
Compiler stderr:
 
Has header "unistd.h" : YES 
None of 'CC_LD' are defined in the environment, not changing global flags.
Running compile:
Working directory:  /home/user/hyperscale/buildroot/output/build/gst1-plugins-good-1.18.1/build/meson-private/tmp7n3f3gy9
Command line:  /home/user/hyperscale/buildroot/output/host/bin/csky-linux-gcc /home/user/hyperscale/buildroot/output/build/gst1-plugins-good-1.18.1/build/meson-private/tmp7n3f3gy9/testfile.c -o /home/user/hyperscale/buildroot/output/build/gst1-plugins-good-1.18.1/build/meson-private/tmp7n3f3gy9/output.exe -pipe -D_LARGEFILE_SOURCE -D_LARGEFILE64_SOURCE -Os -static -D_FILE_OFFSET_BITS=64 -O0 -Wl,--start-group -lm -Wl,--end-group -Wl,--allow-shlib-undefined 

Code:
 int main(void) { return 0; }

Compiler stdout:
 
Compiler stderr:
 
Library m found: YES
None of 'CC_LD' are defined in the environment, not changing global flags.
Running compile:
Working directory:  /home/user/hyperscale/buildroot/output/build/gst1-plugins-good-1.18.1/build/meson-private/tmpsp6lplyq
Command line:  /home/user/hyperscale/buildroot/output/host/bin/csky-linux-gcc /home/user/hyperscale/buildroot/output/build/gst1-plugins-good-1.18.1/build/meson-private/tmpsp6lplyq/testfile.c -o /home/user/hyperscale/buildroot/output/build/gst1-plugins-good-1.18.1/build/meson-private/tmpsp6lplyq/output.exe -pipe -D_LARGEFILE_SOURCE -D_LARGEFILE64_SOURCE -Os -static -D_FILE_OFFSET_BITS=64 -O0 -Wl,--start-group -lm -Wl,--end-group 

Code:
 #include<math.h>
#include <limits.h>

        #if defined __stub_asinh || defined __stub___asinh
        fail fail fail this function is not going to work
        #endif
        
int main(void) {
            void *a = (void*) &asinh;
            long long b = (long long) a;
            return (int) b;
        }
Compiler stdout:
 
Compiler stderr:
 /home/user/hyperscale/buildroot/output/build/gst1-plugins-good-1.18.1/build/meson-private/tmpsp6lplyq/testfile.c: In function 'main':
/home/user/hyperscale/buildroot/output/build/gst1-plugins-good-1.18.1/build/meson-private/tmpsp6lplyq/testfile.c:10:27: warning: cast from pointer to integer of different size [-Wpointer-to-int-cast]
             long long b = (long long) a;
                           ^

Checking for function "asinh" with dependency -lm: YES 
None of 'CC_LD' are defined in the environment, not changing global flags.
Running compile:
Working directory:  /home/user/hyperscale/buildroot/output/build/gst1-plugins-good-1.18.1/build/meson-private/tmpmkpbipi7
Command line:  /home/user/hyperscale/buildroot/output/host/bin/csky-linux-gcc /home/user/hyperscale/buildroot/output/build/gst1-plugins-good-1.18.1/build/meson-private/tmpmkpbipi7/testfile.c -o /home/user/hyperscale/buildroot/output/build/gst1-plugins-good-1.18.1/build/meson-private/tmpmkpbipi7/output.exe -pipe -D_LARGEFILE_SOURCE -D_LARGEFILE64_SOURCE -Os -static -D_FILE_OFFSET_BITS=64 -O0 -Wl,--start-group -lm -Wl,--end-group 

Code:
 #include<time.h>
#include <limits.h>

        #if defined __stub_clock_gettime || defined __stub___clock_gettime
        fail fail fail this function is not going to work
        #endif
        
int main(void) {
            void *a = (void*) &clock_gettime;
            long long b = (long long) a;
            return (int) b;
        }
Compiler stdout:
 
Compiler stderr:
 /home/user/hyperscale/buildroot/output/build/gst1-plugins-good-1.18.1/build/meson-private/tmpmkpbipi7/testfile.c: In function 'main':
/home/user/hyperscale/buildroot/output/build/gst1-plugins-good-1.18.1/build/meson-private/tmpmkpbipi7/testfile.c:10:27: warning: cast from pointer to integer of different size [-Wpointer-to-int-cast]
             long long b = (long long) a;
                           ^

Checking for function "clock_gettime" with dependency -lm: YES 
None of 'CC_LD' are defined in the environment, not changing global flags.
Running compile:
Working directory:  /home/user/hyperscale/buildroot/output/build/gst1-plugins-good-1.18.1/build/meson-private/tmpmevb0i7u
Command line:  /home/user/hyperscale/buildroot/output/host/bin/csky-linux-gcc /home/user/hyperscale/buildroot/output/build/gst1-plugins-good-1.18.1/build/meson-private/tmpmevb0i7u/testfile.c -o /home/user/hyperscale/buildroot/output/build/gst1-plugins-good-1.18.1/build/meson-private/tmpmevb0i7u/output.exe -pipe -D_LARGEFILE_SOURCE -D_LARGEFILE64_SOURCE -Os -static -D_FILE_OFFSET_BITS=64 -O0 -Wl,--start-group -lm -Wl,--end-group 

Code:
 #include<math.h>
#include <limits.h>

        #if defined __stub_cosh || defined __stub___cosh
        fail fail fail this function is not going to work
        #endif
        
int main(void) {
            void *a = (void*) &cosh;
            long long b = (long long) a;
            return (int) b;
        }
Compiler stdout:
 
Compiler stderr:
 /home/user/hyperscale/buildroot/output/build/gst1-plugins-good-1.18.1/build/meson-private/tmpmevb0i7u/testfile.c: In function 'main':
/home/user/hyperscale/buildroot/output/build/gst1-plugins-good-1.18.1/build/meson-private/tmpmevb0i7u/testfile.c:10:27: warning: cast from pointer to integer of different size [-Wpointer-to-int-cast]
             long long b = (long long) a;
                           ^

Checking for function "cosh" with dependency -lm: YES 
None of 'CC_LD' are defined in the environment, not changing global flags.
Running compile:
Working directory:  /home/user/hyperscale/buildroot/output/build/gst1-plugins-good-1.18.1/build/meson-private/tmp4j8fuoez
Command line:  /home/user/hyperscale/buildroot/output/host/bin/csky-linux-gcc /home/user/hyperscale/buildroot/output/build/gst1-plugins-good-1.18.1/build/meson-private/tmp4j8fuoez/testfile.c -o /home/user/hyperscale/buildroot/output/build/gst1-plugins-good-1.18.1/build/meson-private/tmp4j8fuoez/output.exe -pipe -D_LARGEFILE_SOURCE -D_LARGEFILE64_SOURCE -Os -static -D_FILE_OFFSET_BITS=64 -O0 -Wl,--start-group -lm -Wl,--end-group 

Code:
 #include<libintl.h>
#include <limits.h>

        #if defined __stub_dcgettext || defined __stub___dcgettext
        fail fail fail this function is not going to work
        #endif
        
int main(void) {
            void *a = (void*) &dcgettext;
            long long b = (long long) a;
            return (int) b;
        }
Compiler stdout:
 
Compiler stderr:
 /home/user/hyperscale/buildroot/output/build/gst1-plugins-good-1.18.1/build/meson-private/tmp4j8fuoez/testfile.c: In function 'main':
/home/user/hyperscale/buildroot/output/build/gst1-plugins-good-1.18.1/build/meson-private/tmp4j8fuoez/testfile.c:10:27: warning: cast from pointer to integer of different size [-Wpointer-to-int-cast]
             long long b = (long long) a;
                           ^

Checking for function "dcgettext" with dependency -lm: YES 
None of 'CC_LD' are defined in the environment, not changing global flags.
Running compile:
Working directory:  /home/user/hyperscale/buildroot/output/build/gst1-plugins-good-1.18.1/build/meson-private/tmpk_ckzhzj
Command line:  /home/user/hyperscale/buildroot/output/host/bin/csky-linux-gcc /home/user/hyperscale/buildroot/output/build/gst1-plugins-good-1.18.1/build/meson-private/tmpk_ckzhzj/testfile.c -o /home/user/hyperscale/buildroot/output/build/gst1-plugins-good-1.18.1/build/meson-private/tmpk_ckzhzj/output.exe -pipe -D_LARGEFILE_SOURCE -D_LARGEFILE64_SOURCE -Os -static -D_FILE_OFFSET_BITS=64 -O0 -Wl,--start-group -lm -Wl,--end-group 

Code:
 #include<unistd.h>
#include <limits.h>

        #if defined __stub_getpagesize || defined __stub___getpagesize
        fail fail fail this function is not going to work
        #endif
        
int main(void) {
            void *a = (void*) &getpagesize;
            long long b = (long long) a;
            return (int) b;
        }
Compiler stdout:
 
Compiler stderr:
 /home/user/hyperscale/buildroot/output/build/gst1-plugins-good-1.18.1/build/meson-private/tmpk_ckzhzj/testfile.c: In function 'main':
/home/user/hyperscale/buildroot/output/build/gst1-plugins-good-1.18.1/build/meson-private/tmpk_ckzhzj/testfile.c:10:27: warning: cast from pointer to integer of different size [-Wpointer-to-int-cast]
             long long b = (long long) a;
                           ^

Checking for function "getpagesize" with dependency -lm: YES 
None of 'CC_LD' are defined in the environment, not changing global flags.
Running compile:
Working directory:  /home/user/hyperscale/buildroot/output/build/gst1-plugins-good-1.18.1/build/meson-private/tmp_t74y6fn
Command line:  /home/user/hyperscale/buildroot/output/host/bin/csky-linux-gcc /home/user/hyperscale/buildroot/output/build/gst1-plugins-good-1.18.1/build/meson-private/tmp_t74y6fn/testfile.c -o /home/user/hyperscale/buildroot/output/build/gst1-plugins-good-1.18.1/build/meson-private/tmp_t74y6fn/output.exe -pipe -D_LARGEFILE_SOURCE -D_LARGEFILE64_SOURCE -Os -static -D_FILE_OFFSET_BITS=64 -O0 -Wl,--start-group -lm -Wl,--end-group 

Code:
 #include<math.h>
#include <limits.h>

        #if defined __stub_isinf || defined __stub___isinf
        fail fail fail this function is not going to work
        #endif
        
int main(void) {
            void *a = (void*) &isinf;
            long long b = (long long) a;
            return (int) b;
        }
Compiler stdout:
 
Compiler stderr:
 /home/user/hyperscale/buildroot/output/build/gst1-plugins-good-1.18.1/build/meson-private/tmp_t74y6fn/testfile.c: In function 'main':
/home/user/hyperscale/buildroot/output/build/gst1-plugins-good-1.18.1/build/meson-private/tmp_t74y6fn/testfile.c:9:32: error: 'isinf' undeclared (first use in this function)
             void *a = (void*) &isinf;
                                ^~~~~
/home/user/hyperscale/buildroot/output/build/gst1-plugins-good-1.18.1/build/meson-private/tmp_t74y6fn/testfile.c:9:32: note: each undeclared identifier is reported only once for each function it appears in
/home/user/hyperscale/buildroot/output/build/gst1-plugins-good-1.18.1/build/meson-private/tmp_t74y6fn/testfile.c:10:27: warning: cast from pointer to integer of different size [-Wpointer-to-int-cast]
             long long b = (long long) a;
                           ^

None of 'CC_LD' are defined in the environment, not changing global flags.
Running compile:
Working directory:  /home/user/hyperscale/buildroot/output/build/gst1-plugins-good-1.18.1/build/meson-private/tmpvdga3m0c
Command line:  /home/user/hyperscale/buildroot/output/host/bin/csky-linux-gcc /home/user/hyperscale/buildroot/output/build/gst1-plugins-good-1.18.1/build/meson-private/tmpvdga3m0c/testfile.c -o /home/user/hyperscale/buildroot/output/build/gst1-plugins-good-1.18.1/build/meson-private/tmpvdga3m0c/output.exe -pipe -D_LARGEFILE_SOURCE -D_LARGEFILE64_SOURCE -Os -static -D_FILE_OFFSET_BITS=64 -O0 -Wl,--start-group -lm -Wl,--end-group 

Code:
 #include<math.h>
        int main(void) {

        /* With some toolchains (MSYS2/mingw for example) the compiler
         * provides various builtins which are not really implemented and
         * fall back to the stdlib where they aren't provided and fail at
         * build/link time. In case the user provides a header, including
         * the header didn't lead to the function being defined, and the
         * function we are checking isn't a builtin itself we assume the
         * builtin is not functional and we just error out. */
        #if !0 && !defined(isinf) && !0
            #error "No definition for __builtin_isinf found in the prefix"
        #endif

        #ifdef __has_builtin
            #if !__has_builtin(__builtin_isinf)
                #error "__builtin_isinf not found"
            #endif
        #elif ! defined(isinf)
            __builtin_isinf;
        #endif
        return 0;
        }
Compiler stdout:
 
Compiler stderr:
 
Checking for function "isinf" with dependency -lm: YES 
None of 'CC_LD' are defined in the environment, not changing global flags.
Running compile:
Working directory:  /home/user/hyperscale/buildroot/output/build/gst1-plugins-good-1.18.1/build/meson-private/tmpts8zap8b
Command line:  /home/user/hyperscale/buildroot/output/host/bin/csky-linux-gcc /home/user/hyperscale/buildroot/output/build/gst1-plugins-good-1.18.1/build/meson-private/tmpts8zap8b/testfile.c -o /home/user/hyperscale/buildroot/output/build/gst1-plugins-good-1.18.1/build/meson-private/tmpts8zap8b/output.exe -pipe -D_LARGEFILE_SOURCE -D_LARGEFILE64_SOURCE -Os -static -D_FILE_OFFSET_BITS=64 -O0 -Wl,--start-group -lm -Wl,--end-group 

Code:
 #include<sys/mman.h>
#include <limits.h>

        #if defined __stub_mmap || defined __stub___mmap
        fail fail fail this function is not going to work
        #endif
        
int main(void) {
            void *a = (void*) &mmap;
            long long b = (long long) a;
            return (int) b;
        }
Compiler stdout:
 
Compiler stderr:
 /home/user/hyperscale/buildroot/output/build/gst1-plugins-good-1.18.1/build/meson-private/tmpts8zap8b/testfile.c: In function 'main':
/home/user/hyperscale/buildroot/output/build/gst1-plugins-good-1.18.1/build/meson-private/tmpts8zap8b/testfile.c:10:27: warning: cast from pointer to integer of different size [-Wpointer-to-int-cast]
             long long b = (long long) a;
                           ^

Checking for function "mmap" with dependency -lm: YES 
None of 'CC_LD' are defined in the environment, not changing global flags.
Running compile:
Working directory:  /home/user/hyperscale/buildroot/output/build/gst1-plugins-good-1.18.1/build/meson-private/tmpvre7i6cl
Command line:  /home/user/hyperscale/buildroot/output/host/bin/csky-linux-gcc /home/user/hyperscale/buildroot/output/build/gst1-plugins-good-1.18.1/build/meson-private/tmpvre7i6cl/testfile.c -o /home/user/hyperscale/buildroot/output/build/gst1-plugins-good-1.18.1/build/meson-private/tmpvre7i6cl/output.exe -pipe -D_LARGEFILE_SOURCE -D_LARGEFILE64_SOURCE -Os -static -D_FILE_OFFSET_BITS=64 -O0 -Wl,--start-group -lm -Wl,--end-group 

Code:
 #include<sys/mman.h>
#include <limits.h>

        #if defined __stub_mmap64 || defined __stub___mmap64
        fail fail fail this function is not going to work
        #endif
        
int main(void) {
            void *a = (void*) &mmap64;
            long long b = (long long) a;
            return (int) b;
        }
Compiler stdout:
 
Compiler stderr:
 /home/user/hyperscale/buildroot/output/build/gst1-plugins-good-1.18.1/build/meson-private/tmpvre7i6cl/testfile.c: In function 'main':
/home/user/hyperscale/buildroot/output/build/gst1-plugins-good-1.18.1/build/meson-private/tmpvre7i6cl/testfile.c:10:27: warning: cast from pointer to integer of different size [-Wpointer-to-int-cast]
             long long b = (long long) a;
                           ^

Checking for function "mmap64" with dependency -lm: YES 
None of 'CC_LD' are defined in the environment, not changing global flags.
Running compile:
Working directory:  /home/user/hyperscale/buildroot/output/build/gst1-plugins-good-1.18.1/build/meson-private/tmpn5go_sh1
Command line:  /home/user/hyperscale/buildroot/output/host/bin/csky-linux-gcc /home/user/hyperscale/buildroot/output/build/gst1-plugins-good-1.18.1/build/meson-private/tmpn5go_sh1/testfile.c -o /home/user/hyperscale/buildroot/output/build/gst1-plugins-good-1.18.1/build/meson-private/tmpn5go_sh1/output.exe -pipe -D_LARGEFILE_SOURCE -D_LARGEFILE64_SOURCE -Os -static -D_FILE_OFFSET_BITS=64 -O0 -Wl,--start-group -lm -Wl,--end-group 

Code:
 #include<math.h>
#include <limits.h>

        #if defined __stub_sinh || defined __stub___sinh
        fail fail fail this function is not going to work
        #endif
        
int main(void) {
            void *a = (void*) &sinh;
            long long b = (long long) a;
            return (int) b;
        }
Compiler stdout:
 
Compiler stderr:
 /home/user/hyperscale/buildroot/output/build/gst1-plugins-good-1.18.1/build/meson-private/tmpn5go_sh1/testfile.c: In function 'main':
/home/user/hyperscale/buildroot/output/build/gst1-plugins-good-1.18.1/build/meson-private/tmpn5go_sh1/testfile.c:10:27: warning: cast from pointer to integer of different size [-Wpointer-to-int-cast]
             long long b = (long long) a;
                           ^

Checking for function "sinh" with dependency -lm: YES 
None of 'CC_LD' are defined in the environment, not changing global flags.
Running compile:
Working directory:  /home/user/hyperscale/buildroot/output/build/gst1-plugins-good-1.18.1/build/meson-private/tmp59ifgcas
Command line:  /home/user/hyperscale/buildroot/output/host/bin/csky-linux-gcc /home/user/hyperscale/buildroot/output/build/gst1-plugins-good-1.18.1/build/meson-private/tmp59ifgcas/testfile.c -o /home/user/hyperscale/buildroot/output/build/gst1-plugins-good-1.18.1/build/meson-private/tmp59ifgcas/output.exe -pipe -D_LARGEFILE_SOURCE -D_LARGEFILE64_SOURCE -Os -static -D_FILE_OFFSET_BITS=64 -O0 -Wl,--start-group -lm -Wl,--end-group 

Code:
 #include<time.h>
#include <limits.h>

        #if defined __stub_gmtime_r || defined __stub___gmtime_r
        fail fail fail this function is not going to work
        #endif
        
int main(void) {
            void *a = (void*) &gmtime_r;
            long long b = (long long) a;
            return (int) b;
        }
Compiler stdout:
 
Compiler stderr:
 /home/user/hyperscale/buildroot/output/build/gst1-plugins-good-1.18.1/build/meson-private/tmp59ifgcas/testfile.c: In function 'main':
/home/user/hyperscale/buildroot/output/build/gst1-plugins-good-1.18.1/build/meson-private/tmp59ifgcas/testfile.c:10:27: warning: cast from pointer to integer of different size [-Wpointer-to-int-cast]
             long long b = (long long) a;
                           ^

Checking for function "gmtime_r" with dependency -lm: YES 
Running compile:
Working directory:  /home/user/hyperscale/buildroot/output/build/gst1-plugins-good-1.18.1/build/meson-private/tmpa9ge_i4p
Command line:  /home/user/hyperscale/buildroot/output/host/bin/csky-linux-gcc /home/user/hyperscale/buildroot/output/build/gst1-plugins-good-1.18.1/build/meson-private/tmpa9ge_i4p/testfile.c -o /home/user/hyperscale/buildroot/output/build/gst1-plugins-good-1.18.1/build/meson-private/tmpa9ge_i4p/output.obj -pipe -c -D_LARGEFILE_SOURCE -D_LARGEFILE64_SOURCE -Os -static -D_FILE_OFFSET_BITS=64 -O0 

Code:
 #include <stdio.h>
        
        int main(void) {
            char something;
            return 0;
        }
Compiler stdout:
 
Compiler stderr:
 
Running compile:
Working directory:  /home/user/hyperscale/buildroot/output/build/gst1-plugins-good-1.18.1/build/meson-private/tmpl0o6kdol
Command line:  /home/user/hyperscale/buildroot/output/host/bin/csky-linux-gcc /home/user/hyperscale/buildroot/output/build/gst1-plugins-good-1.18.1/build/meson-private/tmpl0o6kdol/testfile.c -o /home/user/hyperscale/buildroot/output/build/gst1-plugins-good-1.18.1/build/meson-private/tmpl0o6kdol/output.obj -pipe -c -D_LARGEFILE_SOURCE -D_LARGEFILE64_SOURCE -Os -static -D_FILE_OFFSET_BITS=64 -O0 

Code:
 #include <stdio.h>
        
        int main(void) { static int a[1-2*!(sizeof(char) >= 0)]; a[0]=0; return 0; }
Compiler stdout:
 
Compiler stderr:
 
Running compile:
Working directory:  /home/user/hyperscale/buildroot/output/build/gst1-plugins-good-1.18.1/build/meson-private/tmpl1dr7rwd
Command line:  /home/user/hyperscale/buildroot/output/host/bin/csky-linux-gcc /home/user/hyperscale/buildroot/output/build/gst1-plugins-good-1.18.1/build/meson-private/tmpl1dr7rwd/testfile.c -o /home/user/hyperscale/buildroot/output/build/gst1-plugins-good-1.18.1/build/meson-private/tmpl1dr7rwd/output.obj -pipe -c -D_LARGEFILE_SOURCE -D_LARGEFILE64_SOURCE -Os -static -D_FILE_OFFSET_BITS=64 -O0 

Code:
 #include <stdio.h>
        
        int main(void) { static int a[1-2*!(sizeof(char) > 0)]; a[0]=0; return 0; }
Compiler stdout:
 
Compiler stderr:
 
Running compile:
Working directory:  /home/user/hyperscale/buildroot/output/build/gst1-plugins-good-1.18.1/build/meson-private/tmps6kmt_9a
Command line:  /home/user/hyperscale/buildroot/output/host/bin/csky-linux-gcc /home/user/hyperscale/buildroot/output/build/gst1-plugins-good-1.18.1/build/meson-private/tmps6kmt_9a/testfile.c -o /home/user/hyperscale/buildroot/output/build/gst1-plugins-good-1.18.1/build/meson-private/tmps6kmt_9a/output.obj -pipe -c -D_LARGEFILE_SOURCE -D_LARGEFILE64_SOURCE -Os -static -D_FILE_OFFSET_BITS=64 -O0 

Code:
 #include <stdio.h>
        
        int main(void) { static int a[1-2*!(sizeof(char) > 1)]; a[0]=0; return 0; }
Compiler stdout:
 
Compiler stderr:
 /home/user/hyperscale/buildroot/output/build/gst1-plugins-good-1.18.1/build/meson-private/tmps6kmt_9a/testfile.c: In function 'main':
/home/user/hyperscale/buildroot/output/build/gst1-plugins-good-1.18.1/build/meson-private/tmps6kmt_9a/testfile.c:3:37: error: size of array 'a' is negative
         int main(void) { static int a[1-2*!(sizeof(char) > 1)]; a[0]=0; return 0; }
                                     ^

Checking for size of "char" : 1
Running compile:
Working directory:  /home/user/hyperscale/buildroot/output/build/gst1-plugins-good-1.18.1/build/meson-private/tmpov8v9lmh
Command line:  /home/user/hyperscale/buildroot/output/host/bin/csky-linux-gcc /home/user/hyperscale/buildroot/output/build/gst1-plugins-good-1.18.1/build/meson-private/tmpov8v9lmh/testfile.c -o /home/user/hyperscale/buildroot/output/build/gst1-plugins-good-1.18.1/build/meson-private/tmpov8v9lmh/output.obj -pipe -c -D_LARGEFILE_SOURCE -D_LARGEFILE64_SOURCE -Os -static -D_FILE_OFFSET_BITS=64 -O0 

Code:
 #include <stdio.h>
        
        int main(void) {
            int something;
            return 0;
        }
Compiler stdout:
 
Compiler stderr:
 
Running compile:
Working directory:  /home/user/hyperscale/buildroot/output/build/gst1-plugins-good-1.18.1/build/meson-private/tmpsmu4v9m5
Command line:  /home/user/hyperscale/buildroot/output/host/bin/csky-linux-gcc /home/user/hyperscale/buildroot/output/build/gst1-plugins-good-1.18.1/build/meson-private/tmpsmu4v9m5/testfile.c -o /home/user/hyperscale/buildroot/output/build/gst1-plugins-good-1.18.1/build/meson-private/tmpsmu4v9m5/output.obj -pipe -c -D_LARGEFILE_SOURCE -D_LARGEFILE64_SOURCE -Os -static -D_FILE_OFFSET_BITS=64 -O0 

Code:
 #include <stdio.h>
        
        int main(void) { static int a[1-2*!(sizeof(int) >= 0)]; a[0]=0; return 0; }
Compiler stdout:
 
Compiler stderr:
 
Running compile:
Working directory:  /home/user/hyperscale/buildroot/output/build/gst1-plugins-good-1.18.1/build/meson-private/tmpyz5lbd1r
Command line:  /home/user/hyperscale/buildroot/output/host/bin/csky-linux-gcc /home/user/hyperscale/buildroot/output/build/gst1-plugins-good-1.18.1/build/meson-private/tmpyz5lbd1r/testfile.c -o /home/user/hyperscale/buildroot/output/build/gst1-plugins-good-1.18.1/build/meson-private/tmpyz5lbd1r/output.obj -pipe -c -D_LARGEFILE_SOURCE -D_LARGEFILE64_SOURCE -Os -static -D_FILE_OFFSET_BITS=64 -O0 

Code:
 #include <stdio.h>
        
        int main(void) { static int a[1-2*!(sizeof(int) > 0)]; a[0]=0; return 0; }
Compiler stdout:
 
Compiler stderr:
 
Running compile:
Working directory:  /home/user/hyperscale/buildroot/output/build/gst1-plugins-good-1.18.1/build/meson-private/tmp035pga80
Command line:  /home/user/hyperscale/buildroot/output/host/bin/csky-linux-gcc /home/user/hyperscale/buildroot/output/build/gst1-plugins-good-1.18.1/build/meson-private/tmp035pga80/testfile.c -o /home/user/hyperscale/buildroot/output/build/gst1-plugins-good-1.18.1/build/meson-private/tmp035pga80/output.obj -pipe -c -D_LARGEFILE_SOURCE -D_LARGEFILE64_SOURCE -Os -static -D_FILE_OFFSET_BITS=64 -O0 

Code:
 #include <stdio.h>
        
        int main(void) { static int a[1-2*!(sizeof(int) > 1)]; a[0]=0; return 0; }
Compiler stdout:
 
Compiler stderr:
 
Running compile:
Working directory:  /home/user/hyperscale/buildroot/output/build/gst1-plugins-good-1.18.1/build/meson-private/tmpdzqeu7ey
Command line:  /home/user/hyperscale/buildroot/output/host/bin/csky-linux-gcc /home/user/hyperscale/buildroot/output/build/gst1-plugins-good-1.18.1/build/meson-private/tmpdzqeu7ey/testfile.c -o /home/user/hyperscale/buildroot/output/build/gst1-plugins-good-1.18.1/build/meson-private/tmpdzqeu7ey/output.obj -pipe -c -D_LARGEFILE_SOURCE -D_LARGEFILE64_SOURCE -Os -static -D_FILE_OFFSET_BITS=64 -O0 

Code:
 #include <stdio.h>
        
        int main(void) { static int a[1-2*!(sizeof(int) > 3)]; a[0]=0; return 0; }
Compiler stdout:
 
Compiler stderr:
 
Running compile:
Working directory:  /home/user/hyperscale/buildroot/output/build/gst1-plugins-good-1.18.1/build/meson-private/tmpxylni43f
Command line:  /home/user/hyperscale/buildroot/output/host/bin/csky-linux-gcc /home/user/hyperscale/buildroot/output/build/gst1-plugins-good-1.18.1/build/meson-private/tmpxylni43f/testfile.c -o /home/user/hyperscale/buildroot/output/build/gst1-plugins-good-1.18.1/build/meson-private/tmpxylni43f/output.obj -pipe -c -D_LARGEFILE_SOURCE -D_LARGEFILE64_SOURCE -Os -static -D_FILE_OFFSET_BITS=64 -O0 

Code:
 #include <stdio.h>
        
        int main(void) { static int a[1-2*!(sizeof(int) > 7)]; a[0]=0; return 0; }
Compiler stdout:
 
Compiler stderr:
 /home/user/hyperscale/buildroot/output/build/gst1-plugins-good-1.18.1/build/meson-private/tmpxylni43f/testfile.c: In function 'main':
/home/user/hyperscale/buildroot/output/build/gst1-plugins-good-1.18.1/build/meson-private/tmpxylni43f/testfile.c:3:37: error: size of array 'a' is negative
         int main(void) { static int a[1-2*!(sizeof(int) > 7)]; a[0]=0; return 0; }
                                     ^

Running compile:
Working directory:  /home/user/hyperscale/buildroot/output/build/gst1-plugins-good-1.18.1/build/meson-private/tmpvipwimr_
Command line:  /home/user/hyperscale/buildroot/output/host/bin/csky-linux-gcc /home/user/hyperscale/buildroot/output/build/gst1-plugins-good-1.18.1/build/meson-private/tmpvipwimr_/testfile.c -o /home/user/hyperscale/buildroot/output/build/gst1-plugins-good-1.18.1/build/meson-private/tmpvipwimr_/output.obj -pipe -c -D_LARGEFILE_SOURCE -D_LARGEFILE64_SOURCE -Os -static -D_FILE_OFFSET_BITS=64 -O0 

Code:
 #include <stdio.h>
        
        int main(void) { static int a[1-2*!(sizeof(int) <= 5)]; a[0]=0; return 0; }
Compiler stdout:
 
Compiler stderr:
 
Running compile:
Working directory:  /home/user/hyperscale/buildroot/output/build/gst1-plugins-good-1.18.1/build/meson-private/tmpggdxqjyx
Command line:  /home/user/hyperscale/buildroot/output/host/bin/csky-linux-gcc /home/user/hyperscale/buildroot/output/build/gst1-plugins-good-1.18.1/build/meson-private/tmpggdxqjyx/testfile.c -o /home/user/hyperscale/buildroot/output/build/gst1-plugins-good-1.18.1/build/meson-private/tmpggdxqjyx/output.obj -pipe -c -D_LARGEFILE_SOURCE -D_LARGEFILE64_SOURCE -Os -static -D_FILE_OFFSET_BITS=64 -O0 

Code:
 #include <stdio.h>
        
        int main(void) { static int a[1-2*!(sizeof(int) <= 4)]; a[0]=0; return 0; }
Compiler stdout:
 
Compiler stderr:
 
Checking for size of "int" : 4
Running compile:
Working directory:  /home/user/hyperscale/buildroot/output/build/gst1-plugins-good-1.18.1/build/meson-private/tmpb_t2syhn
Command line:  /home/user/hyperscale/buildroot/output/host/bin/csky-linux-gcc /home/user/hyperscale/buildroot/output/build/gst1-plugins-good-1.18.1/build/meson-private/tmpb_t2syhn/testfile.c -o /home/user/hyperscale/buildroot/output/build/gst1-plugins-good-1.18.1/build/meson-private/tmpb_t2syhn/output.obj -pipe -c -D_LARGEFILE_SOURCE -D_LARGEFILE64_SOURCE -Os -static -D_FILE_OFFSET_BITS=64 -O0 

Code:
 #include <stdio.h>
        
        int main(void) {
            long something;
            return 0;
        }
Compiler stdout:
 
Compiler stderr:
 
Running compile:
Working directory:  /home/user/hyperscale/buildroot/output/build/gst1-plugins-good-1.18.1/build/meson-private/tmpyyeljqn0
Command line:  /home/user/hyperscale/buildroot/output/host/bin/csky-linux-gcc /home/user/hyperscale/buildroot/output/build/gst1-plugins-good-1.18.1/build/meson-private/tmpyyeljqn0/testfile.c -o /home/user/hyperscale/buildroot/output/build/gst1-plugins-good-1.18.1/build/meson-private/tmpyyeljqn0/output.obj -pipe -c -D_LARGEFILE_SOURCE -D_LARGEFILE64_SOURCE -Os -static -D_FILE_OFFSET_BITS=64 -O0 

Code:
 #include <stdio.h>
        
        int main(void) { static int a[1-2*!(sizeof(long) >= 0)]; a[0]=0; return 0; }
Compiler stdout:
 
Compiler stderr:
 
Running compile:
Working directory:  /home/user/hyperscale/buildroot/output/build/gst1-plugins-good-1.18.1/build/meson-private/tmp2etq5fwm
Command line:  /home/user/hyperscale/buildroot/output/host/bin/csky-linux-gcc /home/user/hyperscale/buildroot/output/build/gst1-plugins-good-1.18.1/build/meson-private/tmp2etq5fwm/testfile.c -o /home/user/hyperscale/buildroot/output/build/gst1-plugins-good-1.18.1/build/meson-private/tmp2etq5fwm/output.obj -pipe -c -D_LARGEFILE_SOURCE -D_LARGEFILE64_SOURCE -Os -static -D_FILE_OFFSET_BITS=64 -O0 

Code:
 #include <stdio.h>
        
        int main(void) { static int a[1-2*!(sizeof(long) > 0)]; a[0]=0; return 0; }
Compiler stdout:
 
Compiler stderr:
 
Running compile:
Working directory:  /home/user/hyperscale/buildroot/output/build/gst1-plugins-good-1.18.1/build/meson-private/tmpvjmq162c
Command line:  /home/user/hyperscale/buildroot/output/host/bin/csky-linux-gcc /home/user/hyperscale/buildroot/output/build/gst1-plugins-good-1.18.1/build/meson-private/tmpvjmq162c/testfile.c -o /home/user/hyperscale/buildroot/output/build/gst1-plugins-good-1.18.1/build/meson-private/tmpvjmq162c/output.obj -pipe -c -D_LARGEFILE_SOURCE -D_LARGEFILE64_SOURCE -Os -static -D_FILE_OFFSET_BITS=64 -O0 

Code:
 #include <stdio.h>
        
        int main(void) { static int a[1-2*!(sizeof(long) > 1)]; a[0]=0; return 0; }
Compiler stdout:
 
Compiler stderr:
 
Running compile:
Working directory:  /home/user/hyperscale/buildroot/output/build/gst1-plugins-good-1.18.1/build/meson-private/tmp6axihhzb
Command line:  /home/user/hyperscale/buildroot/output/host/bin/csky-linux-gcc /home/user/hyperscale/buildroot/output/build/gst1-plugins-good-1.18.1/build/meson-private/tmp6axihhzb/testfile.c -o /home/user/hyperscale/buildroot/output/build/gst1-plugins-good-1.18.1/build/meson-private/tmp6axihhzb/output.obj -pipe -c -D_LARGEFILE_SOURCE -D_LARGEFILE64_SOURCE -Os -static -D_FILE_OFFSET_BITS=64 -O0 

Code:
 #include <stdio.h>
        
        int main(void) { static int a[1-2*!(sizeof(long) > 3)]; a[0]=0; return 0; }
Compiler stdout:
 
Compiler stderr:
 
Running compile:
Working directory:  /home/user/hyperscale/buildroot/output/build/gst1-plugins-good-1.18.1/build/meson-private/tmpsm1udwk5
Command line:  /home/user/hyperscale/buildroot/output/host/bin/csky-linux-gcc /home/user/hyperscale/buildroot/output/build/gst1-plugins-good-1.18.1/build/meson-private/tmpsm1udwk5/testfile.c -o /home/user/hyperscale/buildroot/output/build/gst1-plugins-good-1.18.1/build/meson-private/tmpsm1udwk5/output.obj -pipe -c -D_LARGEFILE_SOURCE -D_LARGEFILE64_SOURCE -Os -static -D_FILE_OFFSET_BITS=64 -O0 

Code:
 #include <stdio.h>
        
        int main(void) { static int a[1-2*!(sizeof(long) > 7)]; a[0]=0; return 0; }
Compiler stdout:
 
Compiler stderr:
 /home/user/hyperscale/buildroot/output/build/gst1-plugins-good-1.18.1/build/meson-private/tmpsm1udwk5/testfile.c: In function 'main':
/home/user/hyperscale/buildroot/output/build/gst1-plugins-good-1.18.1/build/meson-private/tmpsm1udwk5/testfile.c:3:37: error: size of array 'a' is negative
         int main(void) { static int a[1-2*!(sizeof(long) > 7)]; a[0]=0; return 0; }
                                     ^

Running compile:
Working directory:  /home/user/hyperscale/buildroot/output/build/gst1-plugins-good-1.18.1/build/meson-private/tmpq6rxd8kp
Command line:  /home/user/hyperscale/buildroot/output/host/bin/csky-linux-gcc /home/user/hyperscale/buildroot/output/build/gst1-plugins-good-1.18.1/build/meson-private/tmpq6rxd8kp/testfile.c -o /home/user/hyperscale/buildroot/output/build/gst1-plugins-good-1.18.1/build/meson-private/tmpq6rxd8kp/output.obj -pipe -c -D_LARGEFILE_SOURCE -D_LARGEFILE64_SOURCE -Os -static -D_FILE_OFFSET_BITS=64 -O0 

Code:
 #include <stdio.h>
        
        int main(void) { static int a[1-2*!(sizeof(long) <= 5)]; a[0]=0; return 0; }
Compiler stdout:
 
Compiler stderr:
 
Running compile:
Working directory:  /home/user/hyperscale/buildroot/output/build/gst1-plugins-good-1.18.1/build/meson-private/tmpyl1r2tna
Command line:  /home/user/hyperscale/buildroot/output/host/bin/csky-linux-gcc /home/user/hyperscale/buildroot/output/build/gst1-plugins-good-1.18.1/build/meson-private/tmpyl1r2tna/testfile.c -o /home/user/hyperscale/buildroot/output/build/gst1-plugins-good-1.18.1/build/meson-private/tmpyl1r2tna/output.obj -pipe -c -D_LARGEFILE_SOURCE -D_LARGEFILE64_SOURCE -Os -static -D_FILE_OFFSET_BITS=64 -O0 

Code:
 #include <stdio.h>
        
        int main(void) { static int a[1-2*!(sizeof(long) <= 4)]; a[0]=0; return 0; }
Compiler stdout:
 
Compiler stderr:
 
Checking for size of "long" : 4
Running compile:
Working directory:  /home/user/hyperscale/buildroot/output/build/gst1-plugins-good-1.18.1/build/meson-private/tmpdhoj65d0
Command line:  /home/user/hyperscale/buildroot/output/host/bin/csky-linux-gcc /home/user/hyperscale/buildroot/output/build/gst1-plugins-good-1.18.1/build/meson-private/tmpdhoj65d0/testfile.c -o /home/user/hyperscale/buildroot/output/build/gst1-plugins-good-1.18.1/build/meson-private/tmpdhoj65d0/output.obj -pipe -c -D_LARGEFILE_SOURCE -D_LARGEFILE64_SOURCE -Os -static -D_FILE_OFFSET_BITS=64 -O0 

Code:
 #include <stdio.h>
        
        int main(void) {
            short something;
            return 0;
        }
Compiler stdout:
 
Compiler stderr:
 
Running compile:
Working directory:  /home/user/hyperscale/buildroot/output/build/gst1-plugins-good-1.18.1/build/meson-private/tmpgklehbj3
Command line:  /home/user/hyperscale/buildroot/output/host/bin/csky-linux-gcc /home/user/hyperscale/buildroot/output/build/gst1-plugins-good-1.18.1/build/meson-private/tmpgklehbj3/testfile.c -o /home/user/hyperscale/buildroot/output/build/gst1-plugins-good-1.18.1/build/meson-private/tmpgklehbj3/output.obj -pipe -c -D_LARGEFILE_SOURCE -D_LARGEFILE64_SOURCE -Os -static -D_FILE_OFFSET_BITS=64 -O0 

Code:
 #include <stdio.h>
        
        int main(void) { static int a[1-2*!(sizeof(short) >= 0)]; a[0]=0; return 0; }
Compiler stdout:
 
Compiler stderr:
 
Running compile:
Working directory:  /home/user/hyperscale/buildroot/output/build/gst1-plugins-good-1.18.1/build/meson-private/tmp49pt97l9
Command line:  /home/user/hyperscale/buildroot/output/host/bin/csky-linux-gcc /home/user/hyperscale/buildroot/output/build/gst1-plugins-good-1.18.1/build/meson-private/tmp49pt97l9/testfile.c -o /home/user/hyperscale/buildroot/output/build/gst1-plugins-good-1.18.1/build/meson-private/tmp49pt97l9/output.obj -pipe -c -D_LARGEFILE_SOURCE -D_LARGEFILE64_SOURCE -Os -static -D_FILE_OFFSET_BITS=64 -O0 

Code:
 #include <stdio.h>
        
        int main(void) { static int a[1-2*!(sizeof(short) > 0)]; a[0]=0; return 0; }
Compiler stdout:
 
Compiler stderr:
 
Running compile:
Working directory:  /home/user/hyperscale/buildroot/output/build/gst1-plugins-good-1.18.1/build/meson-private/tmpoift9bth
Command line:  /home/user/hyperscale/buildroot/output/host/bin/csky-linux-gcc /home/user/hyperscale/buildroot/output/build/gst1-plugins-good-1.18.1/build/meson-private/tmpoift9bth/testfile.c -o /home/user/hyperscale/buildroot/output/build/gst1-plugins-good-1.18.1/build/meson-private/tmpoift9bth/output.obj -pipe -c -D_LARGEFILE_SOURCE -D_LARGEFILE64_SOURCE -Os -static -D_FILE_OFFSET_BITS=64 -O0 

Code:
 #include <stdio.h>
        
        int main(void) { static int a[1-2*!(sizeof(short) > 1)]; a[0]=0; return 0; }
Compiler stdout:
 
Compiler stderr:
 
Running compile:
Working directory:  /home/user/hyperscale/buildroot/output/build/gst1-plugins-good-1.18.1/build/meson-private/tmppfdzosn_
Command line:  /home/user/hyperscale/buildroot/output/host/bin/csky-linux-gcc /home/user/hyperscale/buildroot/output/build/gst1-plugins-good-1.18.1/build/meson-private/tmppfdzosn_/testfile.c -o /home/user/hyperscale/buildroot/output/build/gst1-plugins-good-1.18.1/build/meson-private/tmppfdzosn_/output.obj -pipe -c -D_LARGEFILE_SOURCE -D_LARGEFILE64_SOURCE -Os -static -D_FILE_OFFSET_BITS=64 -O0 

Code:
 #include <stdio.h>
        
        int main(void) { static int a[1-2*!(sizeof(short) > 3)]; a[0]=0; return 0; }
Compiler stdout:
 
Compiler stderr:
 /home/user/hyperscale/buildroot/output/build/gst1-plugins-good-1.18.1/build/meson-private/tmppfdzosn_/testfile.c: In function 'main':
/home/user/hyperscale/buildroot/output/build/gst1-plugins-good-1.18.1/build/meson-private/tmppfdzosn_/testfile.c:3:37: error: size of array 'a' is negative
         int main(void) { static int a[1-2*!(sizeof(short) > 3)]; a[0]=0; return 0; }
                                     ^

Running compile:
Working directory:  /home/user/hyperscale/buildroot/output/build/gst1-plugins-good-1.18.1/build/meson-private/tmpaayrumea
Command line:  /home/user/hyperscale/buildroot/output/host/bin/csky-linux-gcc /home/user/hyperscale/buildroot/output/build/gst1-plugins-good-1.18.1/build/meson-private/tmpaayrumea/testfile.c -o /home/user/hyperscale/buildroot/output/build/gst1-plugins-good-1.18.1/build/meson-private/tmpaayrumea/output.obj -pipe -c -D_LARGEFILE_SOURCE -D_LARGEFILE64_SOURCE -Os -static -D_FILE_OFFSET_BITS=64 -O0 

Code:
 #include <stdio.h>
        
        int main(void) { static int a[1-2*!(sizeof(short) <= 2)]; a[0]=0; return 0; }
Compiler stdout:
 
Compiler stderr:
 
Checking for size of "short" : 2
Running compile:
Working directory:  /home/user/hyperscale/buildroot/output/build/gst1-plugins-good-1.18.1/build/meson-private/tmpz4al5_h7
Command line:  /home/user/hyperscale/buildroot/output/host/bin/csky-linux-gcc /home/user/hyperscale/buildroot/output/build/gst1-plugins-good-1.18.1/build/meson-private/tmpz4al5_h7/testfile.c -o /home/user/hyperscale/buildroot/output/build/gst1-plugins-good-1.18.1/build/meson-private/tmpz4al5_h7/output.obj -pipe -c -D_LARGEFILE_SOURCE -D_LARGEFILE64_SOURCE -Os -static -D_FILE_OFFSET_BITS=64 -O0 

Code:
 #include <stdio.h>
        
        int main(void) {
            void* something;
            return 0;
        }
Compiler stdout:
 
Compiler stderr:
 
Running compile:
Working directory:  /home/user/hyperscale/buildroot/output/build/gst1-plugins-good-1.18.1/build/meson-private/tmpe55zl9ll
Command line:  /home/user/hyperscale/buildroot/output/host/bin/csky-linux-gcc /home/user/hyperscale/buildroot/output/build/gst1-plugins-good-1.18.1/build/meson-private/tmpe55zl9ll/testfile.c -o /home/user/hyperscale/buildroot/output/build/gst1-plugins-good-1.18.1/build/meson-private/tmpe55zl9ll/output.obj -pipe -c -D_LARGEFILE_SOURCE -D_LARGEFILE64_SOURCE -Os -static -D_FILE_OFFSET_BITS=64 -O0 

Code:
 #include <stdio.h>
        
        int main(void) { static int a[1-2*!(sizeof(void*) >= 0)]; a[0]=0; return 0; }
Compiler stdout:
 
Compiler stderr:
 
Running compile:
Working directory:  /home/user/hyperscale/buildroot/output/build/gst1-plugins-good-1.18.1/build/meson-private/tmp86jhfkid
Command line:  /home/user/hyperscale/buildroot/output/host/bin/csky-linux-gcc /home/user/hyperscale/buildroot/output/build/gst1-plugins-good-1.18.1/build/meson-private/tmp86jhfkid/testfile.c -o /home/user/hyperscale/buildroot/output/build/gst1-plugins-good-1.18.1/build/meson-private/tmp86jhfkid/output.obj -pipe -c -D_LARGEFILE_SOURCE -D_LARGEFILE64_SOURCE -Os -static -D_FILE_OFFSET_BITS=64 -O0 

Code:
 #include <stdio.h>
        
        int main(void) { static int a[1-2*!(sizeof(void*) > 0)]; a[0]=0; return 0; }
Compiler stdout:
 
Compiler stderr:
 
Running compile:
Working directory:  /home/user/hyperscale/buildroot/output/build/gst1-plugins-good-1.18.1/build/meson-private/tmp8p7agutc
Command line:  /home/user/hyperscale/buildroot/output/host/bin/csky-linux-gcc /home/user/hyperscale/buildroot/output/build/gst1-plugins-good-1.18.1/build/meson-private/tmp8p7agutc/testfile.c -o /home/user/hyperscale/buildroot/output/build/gst1-plugins-good-1.18.1/build/meson-private/tmp8p7agutc/output.obj -pipe -c -D_LARGEFILE_SOURCE -D_LARGEFILE64_SOURCE -Os -static -D_FILE_OFFSET_BITS=64 -O0 

Code:
 #include <stdio.h>
        
        int main(void) { static int a[1-2*!(sizeof(void*) > 1)]; a[0]=0; return 0; }
Compiler stdout:
 
Compiler stderr:
 
Running compile:
Working directory:  /home/user/hyperscale/buildroot/output/build/gst1-plugins-good-1.18.1/build/meson-private/tmp203sju4_
Command line:  /home/user/hyperscale/buildroot/output/host/bin/csky-linux-gcc /home/user/hyperscale/buildroot/output/build/gst1-plugins-good-1.18.1/build/meson-private/tmp203sju4_/testfile.c -o /home/user/hyperscale/buildroot/output/build/gst1-plugins-good-1.18.1/build/meson-private/tmp203sju4_/output.obj -pipe -c -D_LARGEFILE_SOURCE -D_LARGEFILE64_SOURCE -Os -static -D_FILE_OFFSET_BITS=64 -O0 

Code:
 #include <stdio.h>
        
        int main(void) { static int a[1-2*!(sizeof(void*) > 3)]; a[0]=0; return 0; }
Compiler stdout:
 
Compiler stderr:
 
Running compile:
Working directory:  /home/user/hyperscale/buildroot/output/build/gst1-plugins-good-1.18.1/build/meson-private/tmpe6wy9dx8
Command line:  /home/user/hyperscale/buildroot/output/host/bin/csky-linux-gcc /home/user/hyperscale/buildroot/output/build/gst1-plugins-good-1.18.1/build/meson-private/tmpe6wy9dx8/testfile.c -o /home/user/hyperscale/buildroot/output/build/gst1-plugins-good-1.18.1/build/meson-private/tmpe6wy9dx8/output.obj -pipe -c -D_LARGEFILE_SOURCE -D_LARGEFILE64_SOURCE -Os -static -D_FILE_OFFSET_BITS=64 -O0 

Code:
 #include <stdio.h>
        
        int main(void) { static int a[1-2*!(sizeof(void*) > 7)]; a[0]=0; return 0; }
Compiler stdout:
 
Compiler stderr:
 /home/user/hyperscale/buildroot/output/build/gst1-plugins-good-1.18.1/build/meson-private/tmpe6wy9dx8/testfile.c: In function 'main':
/home/user/hyperscale/buildroot/output/build/gst1-plugins-good-1.18.1/build/meson-private/tmpe6wy9dx8/testfile.c:3:37: error: size of array 'a' is negative
         int main(void) { static int a[1-2*!(sizeof(void*) > 7)]; a[0]=0; return 0; }
                                     ^

Running compile:
Working directory:  /home/user/hyperscale/buildroot/output/build/gst1-plugins-good-1.18.1/build/meson-private/tmp8k55s5ra
Command line:  /home/user/hyperscale/buildroot/output/host/bin/csky-linux-gcc /home/user/hyperscale/buildroot/output/build/gst1-plugins-good-1.18.1/build/meson-private/tmp8k55s5ra/testfile.c -o /home/user/hyperscale/buildroot/output/build/gst1-plugins-good-1.18.1/build/meson-private/tmp8k55s5ra/output.obj -pipe -c -D_LARGEFILE_SOURCE -D_LARGEFILE64_SOURCE -Os -static -D_FILE_OFFSET_BITS=64 -O0 

Code:
 #include <stdio.h>
        
        int main(void) { static int a[1-2*!(sizeof(void*) <= 5)]; a[0]=0; return 0; }
Compiler stdout:
 
Compiler stderr:
 
Running compile:
Working directory:  /home/user/hyperscale/buildroot/output/build/gst1-plugins-good-1.18.1/build/meson-private/tmpbxstw_wa
Command line:  /home/user/hyperscale/buildroot/output/host/bin/csky-linux-gcc /home/user/hyperscale/buildroot/output/build/gst1-plugins-good-1.18.1/build/meson-private/tmpbxstw_wa/testfile.c -o /home/user/hyperscale/buildroot/output/build/gst1-plugins-good-1.18.1/build/meson-private/tmpbxstw_wa/output.obj -pipe -c -D_LARGEFILE_SOURCE -D_LARGEFILE64_SOURCE -Os -static -D_FILE_OFFSET_BITS=64 -O0 

Code:
 #include <stdio.h>
        
        int main(void) { static int a[1-2*!(sizeof(void*) <= 4)]; a[0]=0; return 0; }
Compiler stdout:
 
Compiler stderr:
 
Checking for size of "void*" : 4
Running compile:
Working directory:  /home/user/hyperscale/buildroot/output/build/gst1-plugins-good-1.18.1/build/meson-private/tmpx2xtecyi
Command line:  /home/user/hyperscale/buildroot/output/host/bin/csky-linux-gcc /home/user/hyperscale/buildroot/output/build/gst1-plugins-good-1.18.1/build/meson-private/tmpx2xtecyi/testfile.c -o /home/user/hyperscale/buildroot/output/build/gst1-plugins-good-1.18.1/build/meson-private/tmpx2xtecyi/output.obj -pipe -c -D_LARGEFILE_SOURCE -D_LARGEFILE64_SOURCE -Os -static -D_FILE_OFFSET_BITS=64 -O0 

Code:
 #include <stdio.h>
        
        int main(void) {
            off_t something;
            return 0;
        }
Compiler stdout:
 
Compiler stderr:
 /home/user/hyperscale/buildroot/output/build/gst1-plugins-good-1.18.1/build/meson-private/tmpx2xtecyi/testfile.c: In function 'main':
/home/user/hyperscale/buildroot/output/build/gst1-plugins-good-1.18.1/build/meson-private/tmpx2xtecyi/testfile.c:4:13: error: unknown type name 'off_t'
             off_t something;
             ^~~~~

Checking for size of "off_t" : -1
Running compile:
Working directory:  /home/user/hyperscale/buildroot/output/build/gst1-plugins-good-1.18.1/build/meson-private/tmps0c514hj
Command line:  /home/user/hyperscale/buildroot/output/host/bin/csky-linux-gcc /home/user/hyperscale/buildroot/output/build/gst1-plugins-good-1.18.1/build/meson-private/tmps0c514hj/testfile.c -o /home/user/hyperscale/buildroot/output/build/gst1-plugins-good-1.18.1/build/meson-private/tmps0c514hj/output.obj -pipe -c -D_LARGEFILE_SOURCE -D_LARGEFILE64_SOURCE -Os -static -D_FILE_OFFSET_BITS=64 -O0 -Wmissing-declarations 

Code:
 extern int i;
int i;

Compiler stdout:
 
Compiler stderr:
 
Compiler for C supports arguments -Wmissing-declarations: YES 
Running compile:
Working directory:  /home/user/hyperscale/buildroot/output/build/gst1-plugins-good-1.18.1/build/meson-private/tmp0z51srph
Command line:  /home/user/hyperscale/buildroot/output/host/bin/csky-linux-g++ /home/user/hyperscale/buildroot/output/build/gst1-plugins-good-1.18.1/build/meson-private/tmp0z51srph/testfile.cpp -o /home/user/hyperscale/buildroot/output/build/gst1-plugins-good-1.18.1/build/meson-private/tmp0z51srph/output.obj -pipe -c -D_LARGEFILE_SOURCE -D_LARGEFILE64_SOURCE -Os -static -static -D_FILE_OFFSET_BITS=64 -O0 -fpermissive -Wmissing-declarations 

Code:
 extern int i;
int i;

Compiler stdout:
 
Compiler stderr:
 
Compiler for C++ supports arguments -Wmissing-declarations: YES 
Running compile:
Working directory:  /home/user/hyperscale/buildroot/output/build/gst1-plugins-good-1.18.1/build/meson-private/tmpo0o6re11
Command line:  /home/user/hyperscale/buildroot/output/host/bin/csky-linux-gcc /home/user/hyperscale/buildroot/output/build/gst1-plugins-good-1.18.1/build/meson-private/tmpo0o6re11/testfile.c -o /home/user/hyperscale/buildroot/output/build/gst1-plugins-good-1.18.1/build/meson-private/tmpo0o6re11/output.obj -pipe -c -D_LARGEFILE_SOURCE -D_LARGEFILE64_SOURCE -Os -static -D_FILE_OFFSET_BITS=64 -O0 -Wredundant-decls 

Code:
 extern int i;
int i;

Compiler stdout:
 
Compiler stderr:
 
Compiler for C supports arguments -Wredundant-decls: YES 
Running compile:
Working directory:  /home/user/hyperscale/buildroot/output/build/gst1-plugins-good-1.18.1/build/meson-private/tmpjava4dd_
Command line:  /home/user/hyperscale/buildroot/output/host/bin/csky-linux-g++ /home/user/hyperscale/buildroot/output/build/gst1-plugins-good-1.18.1/build/meson-private/tmpjava4dd_/testfile.cpp -o /home/user/hyperscale/buildroot/output/build/gst1-plugins-good-1.18.1/build/meson-private/tmpjava4dd_/output.obj -pipe -c -D_LARGEFILE_SOURCE -D_LARGEFILE64_SOURCE -Os -static -static -D_FILE_OFFSET_BITS=64 -O0 -fpermissive -Wredundant-decls 

Code:
 extern int i;
int i;

Compiler stdout:
 
Compiler stderr:
 
Compiler for C++ supports arguments -Wredundant-decls: YES 
Running compile:
Working directory:  /home/user/hyperscale/buildroot/output/build/gst1-plugins-good-1.18.1/build/meson-private/tmpx176jc6m
Command line:  /home/user/hyperscale/buildroot/output/host/bin/csky-linux-gcc /home/user/hyperscale/buildroot/output/build/gst1-plugins-good-1.18.1/build/meson-private/tmpx176jc6m/testfile.c -o /home/user/hyperscale/buildroot/output/build/gst1-plugins-good-1.18.1/build/meson-private/tmpx176jc6m/output.obj -pipe -c -D_LARGEFILE_SOURCE -D_LARGEFILE64_SOURCE -Os -static -D_FILE_OFFSET_BITS=64 -O0 -Wwrite-strings 

Code:
 extern int i;
int i;

Compiler stdout:
 
Compiler stderr:
 
Compiler for C supports arguments -Wwrite-strings: YES 
Running compile:
Working directory:  /home/user/hyperscale/buildroot/output/build/gst1-plugins-good-1.18.1/build/meson-private/tmpglakgxij
Command line:  /home/user/hyperscale/buildroot/output/host/bin/csky-linux-g++ /home/user/hyperscale/buildroot/output/build/gst1-plugins-good-1.18.1/build/meson-private/tmpglakgxij/testfile.cpp -o /home/user/hyperscale/buildroot/output/build/gst1-plugins-good-1.18.1/build/meson-private/tmpglakgxij/output.obj -pipe -c -D_LARGEFILE_SOURCE -D_LARGEFILE64_SOURCE -Os -static -static -D_FILE_OFFSET_BITS=64 -O0 -fpermissive -Wwrite-strings 

Code:
 extern int i;
int i;

Compiler stdout:
 
Compiler stderr:
 
Compiler for C++ supports arguments -Wwrite-strings: YES 
Running compile:
Working directory:  /home/user/hyperscale/buildroot/output/build/gst1-plugins-good-1.18.1/build/meson-private/tmp_jn49xll
Command line:  /home/user/hyperscale/buildroot/output/host/bin/csky-linux-gcc /home/user/hyperscale/buildroot/output/build/gst1-plugins-good-1.18.1/build/meson-private/tmp_jn49xll/testfile.c -o /home/user/hyperscale/buildroot/output/build/gst1-plugins-good-1.18.1/build/meson-private/tmp_jn49xll/output.obj -pipe -c -D_LARGEFILE_SOURCE -D_LARGEFILE64_SOURCE -Os -static -D_FILE_OFFSET_BITS=64 -O0 -Winit-self 

Code:
 extern int i;
int i;

Compiler stdout:
 
Compiler stderr:
 
Compiler for C supports arguments -Winit-self: YES 
Running compile:
Working directory:  /home/user/hyperscale/buildroot/output/build/gst1-plugins-good-1.18.1/build/meson-private/tmptbjjid4n
Command line:  /home/user/hyperscale/buildroot/output/host/bin/csky-linux-g++ /home/user/hyperscale/buildroot/output/build/gst1-plugins-good-1.18.1/build/meson-private/tmptbjjid4n/testfile.cpp -o /home/user/hyperscale/buildroot/output/build/gst1-plugins-good-1.18.1/build/meson-private/tmptbjjid4n/output.obj -pipe -c -D_LARGEFILE_SOURCE -D_LARGEFILE64_SOURCE -Os -static -static -D_FILE_OFFSET_BITS=64 -O0 -fpermissive -Winit-self 

Code:
 extern int i;
int i;

Compiler stdout:
 
Compiler stderr:
 
Compiler for C++ supports arguments -Winit-self: YES 
Running compile:
Working directory:  /home/user/hyperscale/buildroot/output/build/gst1-plugins-good-1.18.1/build/meson-private/tmp9m2qk3ek
Command line:  /home/user/hyperscale/buildroot/output/host/bin/csky-linux-gcc /home/user/hyperscale/buildroot/output/build/gst1-plugins-good-1.18.1/build/meson-private/tmp9m2qk3ek/testfile.c -o /home/user/hyperscale/buildroot/output/build/gst1-plugins-good-1.18.1/build/meson-private/tmp9m2qk3ek/output.obj -pipe -c -D_LARGEFILE_SOURCE -D_LARGEFILE64_SOURCE -Os -static -D_FILE_OFFSET_BITS=64 -O0 -Wmissing-include-dirs 

Code:
 extern int i;
int i;

Compiler stdout:
 
Compiler stderr:
 
Compiler for C supports arguments -Wmissing-include-dirs: YES 
Running compile:
Working directory:  /home/user/hyperscale/buildroot/output/build/gst1-plugins-good-1.18.1/build/meson-private/tmpwcxjg77x
Command line:  /home/user/hyperscale/buildroot/output/host/bin/csky-linux-g++ /home/user/hyperscale/buildroot/output/build/gst1-plugins-good-1.18.1/build/meson-private/tmpwcxjg77x/testfile.cpp -o /home/user/hyperscale/buildroot/output/build/gst1-plugins-good-1.18.1/build/meson-private/tmpwcxjg77x/output.obj -pipe -c -D_LARGEFILE_SOURCE -D_LARGEFILE64_SOURCE -Os -static -static -D_FILE_OFFSET_BITS=64 -O0 -fpermissive -Wmissing-include-dirs 

Code:
 extern int i;
int i;

Compiler stdout:
 
Compiler stderr:
 
Compiler for C++ supports arguments -Wmissing-include-dirs: YES 
Running compile:
Working directory:  /home/user/hyperscale/buildroot/output/build/gst1-plugins-good-1.18.1/build/meson-private/tmp3szc5cva
Command line:  /home/user/hyperscale/buildroot/output/host/bin/csky-linux-gcc /home/user/hyperscale/buildroot/output/build/gst1-plugins-good-1.18.1/build/meson-private/tmp3szc5cva/testfile.c -o /home/user/hyperscale/buildroot/output/build/gst1-plugins-good-1.18.1/build/meson-private/tmp3szc5cva/output.obj -pipe -c -D_LARGEFILE_SOURCE -D_LARGEFILE64_SOURCE -Os -static -D_FILE_OFFSET_BITS=64 -O0 -Wmultichar -Wno-multichar 

Code:
 extern int i;
int i;

Compiler stdout:
 
Compiler stderr:
 
Compiler for C supports arguments -Wno-multichar: YES 
Running compile:
Working directory:  /home/user/hyperscale/buildroot/output/build/gst1-plugins-good-1.18.1/build/meson-private/tmpvou80tip
Command line:  /home/user/hyperscale/buildroot/output/host/bin/csky-linux-g++ /home/user/hyperscale/buildroot/output/build/gst1-plugins-good-1.18.1/build/meson-private/tmpvou80tip/testfile.cpp -o /home/user/hyperscale/buildroot/output/build/gst1-plugins-good-1.18.1/build/meson-private/tmpvou80tip/output.obj -pipe -c -D_LARGEFILE_SOURCE -D_LARGEFILE64_SOURCE -Os -static -static -D_FILE_OFFSET_BITS=64 -O0 -fpermissive -Wmultichar -Wno-multichar 

Code:
 extern int i;
int i;

Compiler stdout:
 
Compiler stderr:
 
Compiler for C++ supports arguments -Wno-multichar: YES 
Running compile:
Working directory:  /home/user/hyperscale/buildroot/output/build/gst1-plugins-good-1.18.1/build/meson-private/tmpts3v4dt4
Command line:  /home/user/hyperscale/buildroot/output/host/bin/csky-linux-gcc /home/user/hyperscale/buildroot/output/build/gst1-plugins-good-1.18.1/build/meson-private/tmpts3v4dt4/testfile.c -o /home/user/hyperscale/buildroot/output/build/gst1-plugins-good-1.18.1/build/meson-private/tmpts3v4dt4/output.obj -pipe -c -D_LARGEFILE_SOURCE -D_LARGEFILE64_SOURCE -Os -static -D_FILE_OFFSET_BITS=64 -O0 -Wvla 

Code:
 extern int i;
int i;

Compiler stdout:
 
Compiler stderr:
 
Compiler for C supports arguments -Wvla: YES 
Running compile:
Working directory:  /home/user/hyperscale/buildroot/output/build/gst1-plugins-good-1.18.1/build/meson-private/tmpxm_6lpwi
Command line:  /home/user/hyperscale/buildroot/output/host/bin/csky-linux-g++ /home/user/hyperscale/buildroot/output/build/gst1-plugins-good-1.18.1/build/meson-private/tmpxm_6lpwi/testfile.cpp -o /home/user/hyperscale/buildroot/output/build/gst1-plugins-good-1.18.1/build/meson-private/tmpxm_6lpwi/output.obj -pipe -c -D_LARGEFILE_SOURCE -D_LARGEFILE64_SOURCE -Os -static -static -D_FILE_OFFSET_BITS=64 -O0 -fpermissive -Wvla 

Code:
 extern int i;
int i;

Compiler stdout:
 
Compiler stderr:
 
Compiler for C++ supports arguments -Wvla: YES 
Running compile:
Working directory:  /home/user/hyperscale/buildroot/output/build/gst1-plugins-good-1.18.1/build/meson-private/tmpi323hoha
Command line:  /home/user/hyperscale/buildroot/output/host/bin/csky-linux-gcc /home/user/hyperscale/buildroot/output/build/gst1-plugins-good-1.18.1/build/meson-private/tmpi323hoha/testfile.c -o /home/user/hyperscale/buildroot/output/build/gst1-plugins-good-1.18.1/build/meson-private/tmpi323hoha/output.obj -pipe -c -D_LARGEFILE_SOURCE -D_LARGEFILE64_SOURCE -Os -static -D_FILE_OFFSET_BITS=64 -O0 -Wpointer-arith 

Code:
 extern int i;
int i;

Compiler stdout:
 
Compiler stderr:
 
Compiler for C supports arguments -Wpointer-arith: YES 
Running compile:
Working directory:  /home/user/hyperscale/buildroot/output/build/gst1-plugins-good-1.18.1/build/meson-private/tmpev7xl7mt
Command line:  /home/user/hyperscale/buildroot/output/host/bin/csky-linux-g++ /home/user/hyperscale/buildroot/output/build/gst1-plugins-good-1.18.1/build/meson-private/tmpev7xl7mt/testfile.cpp -o /home/user/hyperscale/buildroot/output/build/gst1-plugins-good-1.18.1/build/meson-private/tmpev7xl7mt/output.obj -pipe -c -D_LARGEFILE_SOURCE -D_LARGEFILE64_SOURCE -Os -static -static -D_FILE_OFFSET_BITS=64 -O0 -fpermissive -Wpointer-arith 

Code:
 extern int i;
int i;

Compiler stdout:
 
Compiler stderr:
 
Compiler for C++ supports arguments -Wpointer-arith: YES 
Running compile:
Working directory:  /home/user/hyperscale/buildroot/output/build/gst1-plugins-good-1.18.1/build/meson-private/tmpoiuj4_6i
Command line:  /home/user/hyperscale/buildroot/output/host/bin/csky-linux-gcc /home/user/hyperscale/buildroot/output/build/gst1-plugins-good-1.18.1/build/meson-private/tmpoiuj4_6i/testfile.c -o /home/user/hyperscale/buildroot/output/build/gst1-plugins-good-1.18.1/build/meson-private/tmpoiuj4_6i/output.obj -pipe -c -D_LARGEFILE_SOURCE -D_LARGEFILE64_SOURCE -Os -static -D_FILE_OFFSET_BITS=64 -O0 -Wmissing-prototypes 

Code:
 extern int i;
int i;

Compiler stdout:
 
Compiler stderr:
 
Compiler for C supports arguments -Wmissing-prototypes: YES 
Running compile:
Working directory:  /home/user/hyperscale/buildroot/output/build/gst1-plugins-good-1.18.1/build/meson-private/tmpw60yz3xr
Command line:  /home/user/hyperscale/buildroot/output/host/bin/csky-linux-gcc /home/user/hyperscale/buildroot/output/build/gst1-plugins-good-1.18.1/build/meson-private/tmpw60yz3xr/testfile.c -o /home/user/hyperscale/buildroot/output/build/gst1-plugins-good-1.18.1/build/meson-private/tmpw60yz3xr/output.obj -pipe -c -D_LARGEFILE_SOURCE -D_LARGEFILE64_SOURCE -Os -static -D_FILE_OFFSET_BITS=64 -O0 -Wdeclaration-after-statement 

Code:
 extern int i;
int i;

Compiler stdout:
 
Compiler stderr:
 
Compiler for C supports arguments -Wdeclaration-after-statement: YES 
Running compile:
Working directory:  /home/user/hyperscale/buildroot/output/build/gst1-plugins-good-1.18.1/build/meson-private/tmpu9u6whme
Command line:  /home/user/hyperscale/buildroot/output/host/bin/csky-linux-gcc /home/user/hyperscale/buildroot/output/build/gst1-plugins-good-1.18.1/build/meson-private/tmpu9u6whme/testfile.c -o /home/user/hyperscale/buildroot/output/build/gst1-plugins-good-1.18.1/build/meson-private/tmpu9u6whme/output.obj -pipe -c -D_LARGEFILE_SOURCE -D_LARGEFILE64_SOURCE -Os -static -D_FILE_OFFSET_BITS=64 -O0 -Wold-style-definition 

Code:
 extern int i;
int i;

Compiler stdout:
 
Compiler stderr:
 
Compiler for C supports arguments -Wold-style-definition: YES 
Running compile:
Working directory:  /home/user/hyperscale/buildroot/output/build/gst1-plugins-good-1.18.1/build/meson-private/tmp5z3p7a_4
Command line:  /home/user/hyperscale/buildroot/output/host/bin/csky-linux-gcc /home/user/hyperscale/buildroot/output/build/gst1-plugins-good-1.18.1/build/meson-private/tmp5z3p7a_4/testfile.c -o /home/user/hyperscale/buildroot/output/build/gst1-plugins-good-1.18.1/build/meson-private/tmp5z3p7a_4/output.obj -pipe -c -D_LARGEFILE_SOURCE -D_LARGEFILE64_SOURCE -Os -static -D_FILE_OFFSET_BITS=64 -O0 -Waggregate-return 

Code:
 extern int i;
int i;

Compiler stdout:
 
Compiler stderr:
 
Compiler for C supports arguments -Waggregate-return: YES 
Pkg-config binary for MachineChoice.HOST is not cached.
Pkg-config binary for 1 specified from cross file, native file, or env var as ['/home/user/hyperscale/buildroot/output/host/bin/pkgconf']
Found pkg-config: /home/user/hyperscale/buildroot/output/host/bin/pkgconf (1.6.1)
Determining dependency 'gstreamer-1.0' with pkg-config executable '/home/user/hyperscale/buildroot/output/host/bin/pkgconf'
PKG_CONFIG_PATH: 
PKG_CONFIG_LIBDIR: /home/user/hyperscale/buildroot/output/host/csky-buildroot-linux-uclibcabiv1/sysroot/usr/lib/pkgconfig:/home/user/hyperscale/buildroot/output/host/csky-buildroot-linux-uclibcabiv1/sysroot/usr/share/pkgconfig
Called `/home/user/hyperscale/buildroot/output/host/bin/pkgconf --modversion gstreamer-1.0` -> 0
1.18.1
PKG_CONFIG_PATH: 
PKG_CONFIG_LIBDIR: /home/user/hyperscale/buildroot/output/host/csky-buildroot-linux-uclibcabiv1/sysroot/usr/lib/pkgconfig:/home/user/hyperscale/buildroot/output/host/csky-buildroot-linux-uclibcabiv1/sysroot/usr/share/pkgconfig
Called `/home/user/hyperscale/buildroot/output/host/bin/pkgconf --cflags gstreamer-1.0` -> 0
-I/home/user/hyperscale/buildroot/output/host/csky-buildroot-linux-uclibcabiv1/sysroot/usr/include/gstreamer-1.0 -I/home/user/hyperscale/buildroot/output/host/csky-buildroot-linux-uclibcabiv1/sysroot/usr/include/glib-2.0 -I/home/user/hyperscale/buildroot/output/host/csky-buildroot-linux-uclibcabiv1/sysroot/usr/lib/glib-2.0/include -I/home/user/hyperscale/buildroot/output/host/csky-buildroot-linux-uclibcabiv1/sysroot/usr/include -pthread -DPCRE_STATIC
PKG_CONFIG_PATH: 
PKG_CONFIG_LIBDIR: /home/user/hyperscale/buildroot/output/host/csky-buildroot-linux-uclibcabiv1/sysroot/usr/lib/pkgconfig:/home/user/hyperscale/buildroot/output/host/csky-buildroot-linux-uclibcabiv1/sysroot/usr/share/pkgconfig
Called `/home/user/hyperscale/buildroot/output/host/bin/pkgconf gstreamer-1.0 --libs --static` -> 0
-L/home/user/hyperscale/buildroot/output/host/csky-buildroot-linux-uclibcabiv1/sysroot/usr/lib -lgstreamer-1.0 -pthread -liconv -L/home/user/hyperscale/buildroot/output/host/csky-buildroot-linux-uclibcabiv1/sysroot/usr/lib -lpcre -lgobject-2.0 -pthread -lglib-2.0 -pthread -liconv -L/home/user/hyperscale/buildroot/output/host/csky-buildroot-linux-uclibcabiv1/sysroot/usr/lib -lpcre -L/home/user/hyperscale/buildroot/output/host/csky-buildroot-linux-uclibcabiv1/sysroot/usr/lib -lffi -L/home/user/hyperscale/buildroot/output/host/csky-buildroot-linux-uclibcabiv1/sysroot/usr/lib -lgmodule-2.0 -pthread -L/home/user/hyperscale/buildroot/output/host/csky-buildroot-linux-uclibcabiv1/sysroot/usr/lib -lglib-2.0 -pthread -liconv -L/home/user/hyperscale/buildroot/output/host/csky-buildroot-linux-uclibcabiv1/sysroot/usr/lib -lpcre
PKG_CONFIG_PATH: 
PKG_CONFIG_LIBDIR: /home/user/hyperscale/buildroot/output/host/csky-buildroot-linux-uclibcabiv1/sysroot/usr/lib/pkgconfig:/home/user/hyperscale/buildroot/output/host/csky-buildroot-linux-uclibcabiv1/sysroot/usr/share/pkgconfig
Called `/home/user/hyperscale/buildroot/output/host/bin/pkgconf gstreamer-1.0 --libs --static` -> 0
-L/home/user/hyperscale/buildroot/output/host/csky-buildroot-linux-uclibcabiv1/sysroot/usr/lib -lgstreamer-1.0 -pthread -liconv -L/home/user/hyperscale/buildroot/output/host/csky-buildroot-linux-uclibcabiv1/sysroot/usr/lib -lpcre -lgobject-2.0 -pthread -lglib-2.0 -pthread -liconv -L/home/user/hyperscale/buildroot/output/host/csky-buildroot-linux-uclibcabiv1/sysroot/usr/lib -lpcre -L/home/user/hyperscale/buildroot/output/host/csky-buildroot-linux-uclibcabiv1/sysroot/usr/lib -lffi -L/home/user/hyperscale/buildroot/output/host/csky-buildroot-linux-uclibcabiv1/sysroot/usr/lib -lgmodule-2.0 -pthread -L/home/user/hyperscale/buildroot/output/host/csky-buildroot-linux-uclibcabiv1/sysroot/usr/lib -lglib-2.0 -pthread -liconv -L/home/user/hyperscale/buildroot/output/host/csky-buildroot-linux-uclibcabiv1/sysroot/usr/lib -lpcre
None of 'PKG_CONFIG_PATH' are defined in the environment, not changing global flags.
Running compile:
Working directory:  /home/user/hyperscale/buildroot/output/build/gst1-plugins-good-1.18.1/build/meson-private/tmpms1ixh_r
Command line:  /home/user/hyperscale/buildroot/output/host/bin/csky-linux-g++ /home/user/hyperscale/buildroot/output/build/gst1-plugins-good-1.18.1/build/meson-private/tmpms1ixh_r/testfile.cpp -o /home/user/hyperscale/buildroot/output/build/gst1-plugins-good-1.18.1/build/meson-private/tmpms1ixh_r/output.obj -pipe -c -D_LARGEFILE_SOURCE -D_LARGEFILE64_SOURCE -Os -static -static -D_FILE_OFFSET_BITS=64 -O0 -fpermissive 

Code:
 #include <stdio.h>
        
        int main(void) {
            void * something;
            return 0;
        }
Compiler stdout:
 
Compiler stderr:
 
Running compile:
Working directory:  /home/user/hyperscale/buildroot/output/build/gst1-plugins-good-1.18.1/build/meson-private/tmpjunwuews
Command line:  /home/user/hyperscale/buildroot/output/host/bin/csky-linux-g++ /home/user/hyperscale/buildroot/output/build/gst1-plugins-good-1.18.1/build/meson-private/tmpjunwuews/testfile.cpp -o /home/user/hyperscale/buildroot/output/build/gst1-plugins-good-1.18.1/build/meson-private/tmpjunwuews/output.obj -pipe -c -D_LARGEFILE_SOURCE -D_LARGEFILE64_SOURCE -Os -static -static -D_FILE_OFFSET_BITS=64 -O0 -fpermissive 

Code:
 #include <stdio.h>
        
        int main(void) { static int a[1-2*!(sizeof(void *) >= 0)]; a[0]=0; return 0; }
Compiler stdout:
 
Compiler stderr:
 
Running compile:
Working directory:  /home/user/hyperscale/buildroot/output/build/gst1-plugins-good-1.18.1/build/meson-private/tmp76wyxknl
Command line:  /home/user/hyperscale/buildroot/output/host/bin/csky-linux-g++ /home/user/hyperscale/buildroot/output/build/gst1-plugins-good-1.18.1/build/meson-private/tmp76wyxknl/testfile.cpp -o /home/user/hyperscale/buildroot/output/build/gst1-plugins-good-1.18.1/build/meson-private/tmp76wyxknl/output.obj -pipe -c -D_LARGEFILE_SOURCE -D_LARGEFILE64_SOURCE -Os -static -static -D_FILE_OFFSET_BITS=64 -O0 -fpermissive 

Code:
 #include <stdio.h>
        
        int main(void) { static int a[1-2*!(sizeof(void *) > 0)]; a[0]=0; return 0; }
Compiler stdout:
 
Compiler stderr:
 
Running compile:
Working directory:  /home/user/hyperscale/buildroot/output/build/gst1-plugins-good-1.18.1/build/meson-private/tmpmbdeko22
Command line:  /home/user/hyperscale/buildroot/output/host/bin/csky-linux-g++ /home/user/hyperscale/buildroot/output/build/gst1-plugins-good-1.18.1/build/meson-private/tmpmbdeko22/testfile.cpp -o /home/user/hyperscale/buildroot/output/build/gst1-plugins-good-1.18.1/build/meson-private/tmpmbdeko22/output.obj -pipe -c -D_LARGEFILE_SOURCE -D_LARGEFILE64_SOURCE -Os -static -static -D_FILE_OFFSET_BITS=64 -O0 -fpermissive 

Code:
 #include <stdio.h>
        
        int main(void) { static int a[1-2*!(sizeof(void *) > 1)]; a[0]=0; return 0; }
Compiler stdout:
 
Compiler stderr:
 
Running compile:
Working directory:  /home/user/hyperscale/buildroot/output/build/gst1-plugins-good-1.18.1/build/meson-private/tmpov_78aph
Command line:  /home/user/hyperscale/buildroot/output/host/bin/csky-linux-g++ /home/user/hyperscale/buildroot/output/build/gst1-plugins-good-1.18.1/build/meson-private/tmpov_78aph/testfile.cpp -o /home/user/hyperscale/buildroot/output/build/gst1-plugins-good-1.18.1/build/meson-private/tmpov_78aph/output.obj -pipe -c -D_LARGEFILE_SOURCE -D_LARGEFILE64_SOURCE -Os -static -static -D_FILE_OFFSET_BITS=64 -O0 -fpermissive 

Code:
 #include <stdio.h>
        
        int main(void) { static int a[1-2*!(sizeof(void *) > 3)]; a[0]=0; return 0; }
Compiler stdout:
 
Compiler stderr:
 
Running compile:
Working directory:  /home/user/hyperscale/buildroot/output/build/gst1-plugins-good-1.18.1/build/meson-private/tmpw83vbpl0
Command line:  /home/user/hyperscale/buildroot/output/host/bin/csky-linux-g++ /home/user/hyperscale/buildroot/output/build/gst1-plugins-good-1.18.1/build/meson-private/tmpw83vbpl0/testfile.cpp -o /home/user/hyperscale/buildroot/output/build/gst1-plugins-good-1.18.1/build/meson-private/tmpw83vbpl0/output.obj -pipe -c -D_LARGEFILE_SOURCE -D_LARGEFILE64_SOURCE -Os -static -static -D_FILE_OFFSET_BITS=64 -O0 -fpermissive 

Code:
 #include <stdio.h>
        
        int main(void) { static int a[1-2*!(sizeof(void *) > 7)]; a[0]=0; return 0; }
Compiler stdout:
 
Compiler stderr:
 /home/user/hyperscale/buildroot/output/build/gst1-plugins-good-1.18.1/build/meson-private/tmpw83vbpl0/testfile.cpp: In function 'int main()':
/home/user/hyperscale/buildroot/output/build/gst1-plugins-good-1.18.1/build/meson-private/tmpw83vbpl0/testfile.cpp:3:64: error: size of array 'a' is negative
         int main(void) { static int a[1-2*!(sizeof(void *) > 7)]; a[0]=0; return 0; }
                                                                ^

Running compile:
Working directory:  /home/user/hyperscale/buildroot/output/build/gst1-plugins-good-1.18.1/build/meson-private/tmpui_dbkxu
Command line:  /home/user/hyperscale/buildroot/output/host/bin/csky-linux-g++ /home/user/hyperscale/buildroot/output/build/gst1-plugins-good-1.18.1/build/meson-private/tmpui_dbkxu/testfile.cpp -o /home/user/hyperscale/buildroot/output/build/gst1-plugins-good-1.18.1/build/meson-private/tmpui_dbkxu/output.obj -pipe -c -D_LARGEFILE_SOURCE -D_LARGEFILE64_SOURCE -Os -static -static -D_FILE_OFFSET_BITS=64 -O0 -fpermissive 

Code:
 #include <stdio.h>
        
        int main(void) { static int a[1-2*!(sizeof(void *) <= 5)]; a[0]=0; return 0; }
Compiler stdout:
 
Compiler stderr:
 
Running compile:
Working directory:  /home/user/hyperscale/buildroot/output/build/gst1-plugins-good-1.18.1/build/meson-private/tmpeyceby3o
Command line:  /home/user/hyperscale/buildroot/output/host/bin/csky-linux-g++ /home/user/hyperscale/buildroot/output/build/gst1-plugins-good-1.18.1/build/meson-private/tmpeyceby3o/testfile.cpp -o /home/user/hyperscale/buildroot/output/build/gst1-plugins-good-1.18.1/build/meson-private/tmpeyceby3o/output.obj -pipe -c -D_LARGEFILE_SOURCE -D_LARGEFILE64_SOURCE -Os -static -static -D_FILE_OFFSET_BITS=64 -O0 -fpermissive 

Code:
 #include <stdio.h>
        
        int main(void) { static int a[1-2*!(sizeof(void *) <= 4)]; a[0]=0; return 0; }
Compiler stdout:
 
Compiler stderr:
 
Running compile:
Working directory:  /home/user/hyperscale/buildroot/output/build/gst1-plugins-good-1.18.1/build/meson-private/tmpd8ub30id
Command line:  /home/user/hyperscale/buildroot/output/host/bin/csky-linux-g++ /home/user/hyperscale/buildroot/output/build/gst1-plugins-good-1.18.1/build/meson-private/tmpd8ub30id/testfile.cpp -o /home/user/hyperscale/buildroot/output/build/gst1-plugins-good-1.18.1/build/meson-private/tmpd8ub30id/output.obj -pipe -c -D_LARGEFILE_SOURCE -D_LARGEFILE64_SOURCE -Os -static -static -D_FILE_OFFSET_BITS=64 -O0 -fpermissive --print-search-dirs 

Code:
 
Compiler stdout:
 install: /home/user/hyperscale/nationalchip/Toolchain/csky-linux-uclibc-tools-i386-uclibc-linux-4.9.56-20190605/bin/../lib/gcc/csky-linux-uclibc/6.3.0/
programs: =/home/user/hyperscale/nationalchip/Toolchain/csky-linux-uclibc-tools-i386-uclibc-linux-4.9.56-20190605/bin/../libexec/gcc/csky-linux-uclibc/6.3.0/:/home/user/hyperscale/nationalchip/Toolchain/csky-linux-uclibc-tools-i386-uclibc-linux-4.9.56-20190605/bin/../libexec/gcc/:/home/user/hyperscale/nationalchip/Toolchain/csky-linux-uclibc-tools-i386-uclibc-linux-4.9.56-20190605/bin/../lib/gcc/csky-linux-uclibc/6.3.0/../../../../csky-linux-uclibc/bin/csky-linux-uclibc/6.3.0/:/home/user/hyperscale/nationalchip/Toolchain/csky-linux-uclibc-tools-i386-uclibc-linux-4.9.56-20190605/bin/../lib/gcc/csky-linux-uclibc/6.3.0/../../../../csky-linux-uclibc/bin/
libraries: =/home/user/hyperscale/nationalchip/Toolchain/csky-linux-uclibc-tools-i386-uclibc-linux-4.9.56-20190605/bin/../lib/gcc/csky-linux-uclibc/6.3.0/:/home/user/hyperscale/nationalchip/Toolchain/csky-linux-uclibc-tools-i386-uclibc-linux-4.9.56-20190605/bin/../lib/gcc/:/home/user/hyperscale/nationalchip/Toolchain/csky-linux-uclibc-tools-i386-uclibc-linux-4.9.56-20190605/bin/../lib/gcc/csky-linux-uclibc/6.3.0/../../../../csky-linux-uclibc/lib/csky-linux-uclibc/6.3.0/:/home/user/hyperscale/nationalchip/Toolchain/csky-linux-uclibc-tools-i386-uclibc-linux-4.9.56-20190605/bin/../lib/gcc/csky-linux-uclibc/6.3.0/../../../../csky-linux-uclibc/lib/:/home/user/hyperscale/buildroot/output/host/csky-buildroot-linux-uclibcabiv1/sysroot/.//lib/csky-linux-uclibc/6.3.0/:/home/user/hyperscale/buildroot/output/host/csky-buildroot-linux-uclibcabiv1/sysroot/.//lib/:/home/user/hyperscale/buildroot/output/host/csky-buildroot-linux-uclibcabiv1/sysroot/.//usr/lib/csky-linux-uclibc/6.3.0/:/home/user/hyperscale/buildroot/output/host/csky-buildroot-linux-uclibcabiv1/sysroot/.//usr/lib/

Compiler stderr:
 
Run-time dependency gstreamer-1.0 found: YES 1.18.1
Pkg-config binary for MachineChoice.HOST is cached.
Determining dependency 'gstreamer-base-1.0' with pkg-config executable '/home/user/hyperscale/buildroot/output/host/bin/pkgconf'
PKG_CONFIG_PATH: 
PKG_CONFIG_LIBDIR: /home/user/hyperscale/buildroot/output/host/csky-buildroot-linux-uclibcabiv1/sysroot/usr/lib/pkgconfig:/home/user/hyperscale/buildroot/output/host/csky-buildroot-linux-uclibcabiv1/sysroot/usr/share/pkgconfig
Called `/home/user/hyperscale/buildroot/output/host/bin/pkgconf --modversion gstreamer-base-1.0` -> 0
1.18.1
PKG_CONFIG_PATH: 
PKG_CONFIG_LIBDIR: /home/user/hyperscale/buildroot/output/host/csky-buildroot-linux-uclibcabiv1/sysroot/usr/lib/pkgconfig:/home/user/hyperscale/buildroot/output/host/csky-buildroot-linux-uclibcabiv1/sysroot/usr/share/pkgconfig
Called `/home/user/hyperscale/buildroot/output/host/bin/pkgconf --cflags gstreamer-base-1.0` -> 0
-I/home/user/hyperscale/buildroot/output/host/csky-buildroot-linux-uclibcabiv1/sysroot/usr/include/gstreamer-1.0 -I/home/user/hyperscale/buildroot/output/host/csky-buildroot-linux-uclibcabiv1/sysroot/usr/include/glib-2.0 -I/home/user/hyperscale/buildroot/output/host/csky-buildroot-linux-uclibcabiv1/sysroot/usr/lib/glib-2.0/include -I/home/user/hyperscale/buildroot/output/host/csky-buildroot-linux-uclibcabiv1/sysroot/usr/include -pthread -DPCRE_STATIC
PKG_CONFIG_PATH: 
PKG_CONFIG_LIBDIR: /home/user/hyperscale/buildroot/output/host/csky-buildroot-linux-uclibcabiv1/sysroot/usr/lib/pkgconfig:/home/user/hyperscale/buildroot/output/host/csky-buildroot-linux-uclibcabiv1/sysroot/usr/share/pkgconfig
Called `/home/user/hyperscale/buildroot/output/host/bin/pkgconf gstreamer-base-1.0 --libs --static` -> 0
-L/home/user/hyperscale/buildroot/output/host/csky-buildroot-linux-uclibcabiv1/sysroot/usr/lib -lgstbase-1.0 -lgstreamer-1.0 -pthread -liconv -L/home/user/hyperscale/buildroot/output/host/csky-buildroot-linux-uclibcabiv1/sysroot/usr/lib -lpcre -lgobject-2.0 -pthread -lglib-2.0 -pthread -liconv -L/home/user/hyperscale/buildroot/output/host/csky-buildroot-linux-uclibcabiv1/sysroot/usr/lib -lpcre -L/home/user/hyperscale/buildroot/output/host/csky-buildroot-linux-uclibcabiv1/sysroot/usr/lib -lffi -L/home/user/hyperscale/buildroot/output/host/csky-buildroot-linux-uclibcabiv1/sysroot/usr/lib -lgmodule-2.0 -pthread -L/home/user/hyperscale/buildroot/output/host/csky-buildroot-linux-uclibcabiv1/sysroot/usr/lib -lglib-2.0 -pthread -liconv -L/home/user/hyperscale/buildroot/output/host/csky-buildroot-linux-uclibcabiv1/sysroot/usr/lib -lpcre
PKG_CONFIG_PATH: 
PKG_CONFIG_LIBDIR: /home/user/hyperscale/buildroot/output/host/csky-buildroot-linux-uclibcabiv1/sysroot/usr/lib/pkgconfig:/home/user/hyperscale/buildroot/output/host/csky-buildroot-linux-uclibcabiv1/sysroot/usr/share/pkgconfig
Called `/home/user/hyperscale/buildroot/output/host/bin/pkgconf gstreamer-base-1.0 --libs --static` -> 0
-L/home/user/hyperscale/buildroot/output/host/csky-buildroot-linux-uclibcabiv1/sysroot/usr/lib -lgstbase-1.0 -lgstreamer-1.0 -pthread -liconv -L/home/user/hyperscale/buildroot/output/host/csky-buildroot-linux-uclibcabiv1/sysroot/usr/lib -lpcre -lgobject-2.0 -pthread -lglib-2.0 -pthread -liconv -L/home/user/hyperscale/buildroot/output/host/csky-buildroot-linux-uclibcabiv1/sysroot/usr/lib -lpcre -L/home/user/hyperscale/buildroot/output/host/csky-buildroot-linux-uclibcabiv1/sysroot/usr/lib -lffi -L/home/user/hyperscale/buildroot/output/host/csky-buildroot-linux-uclibcabiv1/sysroot/usr/lib -lgmodule-2.0 -pthread -L/home/user/hyperscale/buildroot/output/host/csky-buildroot-linux-uclibcabiv1/sysroot/usr/lib -lglib-2.0 -pthread -liconv -L/home/user/hyperscale/buildroot/output/host/csky-buildroot-linux-uclibcabiv1/sysroot/usr/lib -lpcre
None of 'PKG_CONFIG_PATH' are defined in the environment, not changing global flags.
Run-time dependency gstreamer-base-1.0 found: YES 1.18.1
Pkg-config binary for MachineChoice.HOST is cached.
Determining dependency 'gstreamer-net-1.0' with pkg-config executable '/home/user/hyperscale/buildroot/output/host/bin/pkgconf'
PKG_CONFIG_PATH: 
PKG_CONFIG_LIBDIR: /home/user/hyperscale/buildroot/output/host/csky-buildroot-linux-uclibcabiv1/sysroot/usr/lib/pkgconfig:/home/user/hyperscale/buildroot/output/host/csky-buildroot-linux-uclibcabiv1/sysroot/usr/share/pkgconfig
Called `/home/user/hyperscale/buildroot/output/host/bin/pkgconf --modversion gstreamer-net-1.0` -> 0
1.18.1
PKG_CONFIG_PATH: 
PKG_CONFIG_LIBDIR: /home/user/hyperscale/buildroot/output/host/csky-buildroot-linux-uclibcabiv1/sysroot/usr/lib/pkgconfig:/home/user/hyperscale/buildroot/output/host/csky-buildroot-linux-uclibcabiv1/sysroot/usr/share/pkgconfig
Called `/home/user/hyperscale/buildroot/output/host/bin/pkgconf --cflags gstreamer-net-1.0` -> 0
-I/home/user/hyperscale/buildroot/output/host/csky-buildroot-linux-uclibcabiv1/sysroot/usr/include/gstreamer-1.0 -I/home/user/hyperscale/buildroot/output/host/csky-buildroot-linux-uclibcabiv1/sysroot/usr/include/glib-2.0 -I/home/user/hyperscale/buildroot/output/host/csky-buildroot-linux-uclibcabiv1/sysroot/usr/lib/glib-2.0/include -I/home/user/hyperscale/buildroot/output/host/csky-buildroot-linux-uclibcabiv1/sysroot/usr/include -DPCRE_STATIC -pthread -DPCRE_STATIC
PKG_CONFIG_PATH: 
PKG_CONFIG_LIBDIR: /home/user/hyperscale/buildroot/output/host/csky-buildroot-linux-uclibcabiv1/sysroot/usr/lib/pkgconfig:/home/user/hyperscale/buildroot/output/host/csky-buildroot-linux-uclibcabiv1/sysroot/usr/share/pkgconfig
Called `/home/user/hyperscale/buildroot/output/host/bin/pkgconf gstreamer-net-1.0 --libs --static` -> 0
-L/home/user/hyperscale/buildroot/output/host/csky-buildroot-linux-uclibcabiv1/sysroot/usr/lib -lgstnet-1.0 -lgstreamer-1.0 -pthread -liconv -L/home/user/hyperscale/buildroot/output/host/csky-buildroot-linux-uclibcabiv1/sysroot/usr/lib -lpcre -pthread -lglib-2.0 -pthread -liconv -L/home/user/hyperscale/buildroot/output/host/csky-buildroot-linux-uclibcabiv1/sysroot/usr/lib -lpcre -L/home/user/hyperscale/buildroot/output/host/csky-buildroot-linux-uclibcabiv1/sysroot/usr/lib -lffi -L/home/user/hyperscale/buildroot/output/host/csky-buildroot-linux-uclibcabiv1/sysroot/usr/lib -pthread -L/home/user/hyperscale/buildroot/output/host/csky-buildroot-linux-uclibcabiv1/sysroot/usr/lib -pthread -liconv -L/home/user/hyperscale/buildroot/output/host/csky-buildroot-linux-uclibcabiv1/sysroot/usr/lib -lpcre -lgio-2.0 -pthread -lglib-2.0 -pthread -liconv -L/home/user/hyperscale/buildroot/output/host/csky-buildroot-linux-uclibcabiv1/sysroot/usr/lib -lpcre -lgobject-2.0 -pthread -lglib-2.0 -liconv -L/home/user/hyperscale/buildroot/output/host/csky-buildroot-linux-uclibcabiv1/sysroot/usr/lib -lpcre -L/home/user/hyperscale/buildroot/output/host/csky-buildroot-linux-uclibcabiv1/sysroot/usr/lib -lffi -lgmodule-2.0 -pthread -lglib-2.0 -pthread -liconv -L/home/user/hyperscale/buildroot/output/host/csky-buildroot-linux-uclibcabiv1/sysroot/usr/lib -lpcre -L/home/user/hyperscale/buildroot/output/host/csky-buildroot-linux-uclibcabiv1/sysroot/usr/lib -L/home/user/hyperscale/buildroot/output/host/csky-buildroot-linux-uclibcabiv1/sysroot/usr/lib -lz
PKG_CONFIG_PATH: 
PKG_CONFIG_LIBDIR: /home/user/hyperscale/buildroot/output/host/csky-buildroot-linux-uclibcabiv1/sysroot/usr/lib/pkgconfig:/home/user/hyperscale/buildroot/output/host/csky-buildroot-linux-uclibcabiv1/sysroot/usr/share/pkgconfig
Called `/home/user/hyperscale/buildroot/output/host/bin/pkgconf gstreamer-net-1.0 --libs --static` -> 0
-L/home/user/hyperscale/buildroot/output/host/csky-buildroot-linux-uclibcabiv1/sysroot/usr/lib -lgstnet-1.0 -lgstreamer-1.0 -pthread -liconv -L/home/user/hyperscale/buildroot/output/host/csky-buildroot-linux-uclibcabiv1/sysroot/usr/lib -lpcre -pthread -lglib-2.0 -pthread -liconv -L/home/user/hyperscale/buildroot/output/host/csky-buildroot-linux-uclibcabiv1/sysroot/usr/lib -lpcre -L/home/user/hyperscale/buildroot/output/host/csky-buildroot-linux-uclibcabiv1/sysroot/usr/lib -lffi -L/home/user/hyperscale/buildroot/output/host/csky-buildroot-linux-uclibcabiv1/sysroot/usr/lib -pthread -L/home/user/hyperscale/buildroot/output/host/csky-buildroot-linux-uclibcabiv1/sysroot/usr/lib -pthread -liconv -L/home/user/hyperscale/buildroot/output/host/csky-buildroot-linux-uclibcabiv1/sysroot/usr/lib -lpcre -lgio-2.0 -pthread -lglib-2.0 -pthread -liconv -L/home/user/hyperscale/buildroot/output/host/csky-buildroot-linux-uclibcabiv1/sysroot/usr/lib -lpcre -lgobject-2.0 -pthread -lglib-2.0 -liconv -L/home/user/hyperscale/buildroot/output/host/csky-buildroot-linux-uclibcabiv1/sysroot/usr/lib -lpcre -L/home/user/hyperscale/buildroot/output/host/csky-buildroot-linux-uclibcabiv1/sysroot/usr/lib -lffi -lgmodule-2.0 -pthread -lglib-2.0 -pthread -liconv -L/home/user/hyperscale/buildroot/output/host/csky-buildroot-linux-uclibcabiv1/sysroot/usr/lib -lpcre -L/home/user/hyperscale/buildroot/output/host/csky-buildroot-linux-uclibcabiv1/sysroot/usr/lib -L/home/user/hyperscale/buildroot/output/host/csky-buildroot-linux-uclibcabiv1/sysroot/usr/lib -lz
None of 'PKG_CONFIG_PATH' are defined in the environment, not changing global flags.
Run-time dependency gstreamer-net-1.0 found: YES 1.18.1
Pkg-config binary for MachineChoice.HOST is cached.
Determining dependency 'gstreamer-controller-1.0' with pkg-config executable '/home/user/hyperscale/buildroot/output/host/bin/pkgconf'
PKG_CONFIG_PATH: 
PKG_CONFIG_LIBDIR: /home/user/hyperscale/buildroot/output/host/csky-buildroot-linux-uclibcabiv1/sysroot/usr/lib/pkgconfig:/home/user/hyperscale/buildroot/output/host/csky-buildroot-linux-uclibcabiv1/sysroot/usr/share/pkgconfig
Called `/home/user/hyperscale/buildroot/output/host/bin/pkgconf --modversion gstreamer-controller-1.0` -> 0
1.18.1
PKG_CONFIG_PATH: 
PKG_CONFIG_LIBDIR: /home/user/hyperscale/buildroot/output/host/csky-buildroot-linux-uclibcabiv1/sysroot/usr/lib/pkgconfig:/home/user/hyperscale/buildroot/output/host/csky-buildroot-linux-uclibcabiv1/sysroot/usr/share/pkgconfig
Called `/home/user/hyperscale/buildroot/output/host/bin/pkgconf --cflags gstreamer-controller-1.0` -> 0
-I/home/user/hyperscale/buildroot/output/host/csky-buildroot-linux-uclibcabiv1/sysroot/usr/include/gstreamer-1.0 -I/home/user/hyperscale/buildroot/output/host/csky-buildroot-linux-uclibcabiv1/sysroot/usr/include/glib-2.0 -I/home/user/hyperscale/buildroot/output/host/csky-buildroot-linux-uclibcabiv1/sysroot/usr/lib/glib-2.0/include -I/home/user/hyperscale/buildroot/output/host/csky-buildroot-linux-uclibcabiv1/sysroot/usr/include -pthread -DPCRE_STATIC
PKG_CONFIG_PATH: 
PKG_CONFIG_LIBDIR: /home/user/hyperscale/buildroot/output/host/csky-buildroot-linux-uclibcabiv1/sysroot/usr/lib/pkgconfig:/home/user/hyperscale/buildroot/output/host/csky-buildroot-linux-uclibcabiv1/sysroot/usr/share/pkgconfig
Called `/home/user/hyperscale/buildroot/output/host/bin/pkgconf gstreamer-controller-1.0 --libs --static` -> 0
-L/home/user/hyperscale/buildroot/output/host/csky-buildroot-linux-uclibcabiv1/sysroot/usr/lib -lgstcontroller-1.0 -lgstreamer-1.0 -pthread -liconv -L/home/user/hyperscale/buildroot/output/host/csky-buildroot-linux-uclibcabiv1/sysroot/usr/lib -lpcre -lgobject-2.0 -pthread -lglib-2.0 -pthread -liconv -L/home/user/hyperscale/buildroot/output/host/csky-buildroot-linux-uclibcabiv1/sysroot/usr/lib -lpcre -L/home/user/hyperscale/buildroot/output/host/csky-buildroot-linux-uclibcabiv1/sysroot/usr/lib -lffi -L/home/user/hyperscale/buildroot/output/host/csky-buildroot-linux-uclibcabiv1/sysroot/usr/lib -lgmodule-2.0 -pthread -L/home/user/hyperscale/buildroot/output/host/csky-buildroot-linux-uclibcabiv1/sysroot/usr/lib -lglib-2.0 -pthread -liconv -L/home/user/hyperscale/buildroot/output/host/csky-buildroot-linux-uclibcabiv1/sysroot/usr/lib -lpcre
PKG_CONFIG_PATH: 
PKG_CONFIG_LIBDIR: /home/user/hyperscale/buildroot/output/host/csky-buildroot-linux-uclibcabiv1/sysroot/usr/lib/pkgconfig:/home/user/hyperscale/buildroot/output/host/csky-buildroot-linux-uclibcabiv1/sysroot/usr/share/pkgconfig
Called `/home/user/hyperscale/buildroot/output/host/bin/pkgconf gstreamer-controller-1.0 --libs --static` -> 0
-L/home/user/hyperscale/buildroot/output/host/csky-buildroot-linux-uclibcabiv1/sysroot/usr/lib -lgstcontroller-1.0 -lgstreamer-1.0 -pthread -liconv -L/home/user/hyperscale/buildroot/output/host/csky-buildroot-linux-uclibcabiv1/sysroot/usr/lib -lpcre -lgobject-2.0 -pthread -lglib-2.0 -pthread -liconv -L/home/user/hyperscale/buildroot/output/host/csky-buildroot-linux-uclibcabiv1/sysroot/usr/lib -lpcre -L/home/user/hyperscale/buildroot/output/host/csky-buildroot-linux-uclibcabiv1/sysroot/usr/lib -lffi -L/home/user/hyperscale/buildroot/output/host/csky-buildroot-linux-uclibcabiv1/sysroot/usr/lib -lgmodule-2.0 -pthread -L/home/user/hyperscale/buildroot/output/host/csky-buildroot-linux-uclibcabiv1/sysroot/usr/lib -lglib-2.0 -pthread -liconv -L/home/user/hyperscale/buildroot/output/host/csky-buildroot-linux-uclibcabiv1/sysroot/usr/lib -lpcre
None of 'PKG_CONFIG_PATH' are defined in the environment, not changing global flags.
Run-time dependency gstreamer-controller-1.0 found: YES 1.18.1
Dependency gstreamer-check-1.0 skipped: feature tests disabled
Pkg-config binary for MachineChoice.HOST is cached.
Determining dependency 'gstreamer-pbutils-1.0' with pkg-config executable '/home/user/hyperscale/buildroot/output/host/bin/pkgconf'
PKG_CONFIG_PATH: 
PKG_CONFIG_LIBDIR: /home/user/hyperscale/buildroot/output/host/csky-buildroot-linux-uclibcabiv1/sysroot/usr/lib/pkgconfig:/home/user/hyperscale/buildroot/output/host/csky-buildroot-linux-uclibcabiv1/sysroot/usr/share/pkgconfig
Called `/home/user/hyperscale/buildroot/output/host/bin/pkgconf --modversion gstreamer-pbutils-1.0` -> 0
1.18.1
PKG_CONFIG_PATH: 
PKG_CONFIG_LIBDIR: /home/user/hyperscale/buildroot/output/host/csky-buildroot-linux-uclibcabiv1/sysroot/usr/lib/pkgconfig:/home/user/hyperscale/buildroot/output/host/csky-buildroot-linux-uclibcabiv1/sysroot/usr/share/pkgconfig
Called `/home/user/hyperscale/buildroot/output/host/bin/pkgconf --cflags gstreamer-pbutils-1.0` -> 0
-I/home/user/hyperscale/buildroot/output/host/csky-buildroot-linux-uclibcabiv1/sysroot/usr/include/gstreamer-1.0 -I/home/user/hyperscale/buildroot/output/host/csky-buildroot-linux-uclibcabiv1/sysroot/usr/include/glib-2.0 -I/home/user/hyperscale/buildroot/output/host/csky-buildroot-linux-uclibcabiv1/sysroot/usr/lib/glib-2.0/include -I/home/user/hyperscale/buildroot/output/host/csky-buildroot-linux-uclibcabiv1/sysroot/usr/include -DPCRE_STATIC -DPCRE_STATIC -DPCRE_STATIC -DPCRE_STATIC -DPCRE_STATIC -DPCRE_STATIC -DPCRE_STATIC -pthread -DPCRE_STATIC
PKG_CONFIG_PATH: 
PKG_CONFIG_LIBDIR: /home/user/hyperscale/buildroot/output/host/csky-buildroot-linux-uclibcabiv1/sysroot/usr/lib/pkgconfig:/home/user/hyperscale/buildroot/output/host/csky-buildroot-linux-uclibcabiv1/sysroot/usr/share/pkgconfig
Called `/home/user/hyperscale/buildroot/output/host/bin/pkgconf gstreamer-pbutils-1.0 --libs --static` -> 0
-L/home/user/hyperscale/buildroot/output/host/csky-buildroot-linux-uclibcabiv1/sysroot/usr/lib -lgstpbutils-1.0 -pthread -liconv -L/home/user/hyperscale/buildroot/output/host/csky-buildroot-linux-uclibcabiv1/sysroot/usr/lib -lpcre -pthread -lglib-2.0 -pthread -liconv -L/home/user/hyperscale/buildroot/output/host/csky-buildroot-linux-uclibcabiv1/sysroot/usr/lib -lpcre -L/home/user/hyperscale/buildroot/output/host/csky-buildroot-linux-uclibcabiv1/sysroot/usr/lib -lffi -L/home/user/hyperscale/buildroot/output/host/csky-buildroot-linux-uclibcabiv1/sysroot/usr/lib -lgmodule-2.0 -pthread -L/home/user/hyperscale/buildroot/output/host/csky-buildroot-linux-uclibcabiv1/sysroot/usr/lib -pthread -liconv -L/home/user/hyperscale/buildroot/output/host/csky-buildroot-linux-uclibcabiv1/sysroot/usr/lib -lpcre -lgstaudio-1.0 -pthread -liconv -L/home/user/hyperscale/buildroot/output/host/csky-buildroot-linux-uclibcabiv1/sysroot/usr/lib -lpcre -pthread -lglib-2.0 -pthread -liconv -L/home/user/hyperscale/buildroot/output/host/csky-buildroot-linux-uclibcabiv1/sysroot/usr/lib -lpcre -L/home/user/hyperscale/buildroot/output/host/csky-buildroot-linux-uclibcabiv1/sysroot/usr/lib -lffi -L/home/user/hyperscale/buildroot/output/host/csky-buildroot-linux-uclibcabiv1/sysroot/usr/lib -lgmodule-2.0 -pthread -L/home/user/hyperscale/buildroot/output/host/csky-buildroot-linux-uclibcabiv1/sysroot/usr/lib -pthread -liconv -L/home/user/hyperscale/buildroot/output/host/csky-buildroot-linux-uclibcabiv1/sysroot/usr/lib -lpcre -pthread -liconv -L/home/user/hyperscale/buildroot/output/host/csky-buildroot-linux-uclibcabiv1/sysroot/usr/lib -lpcre -pthread -lglib-2.0 -pthread -liconv -L/home/user/hyperscale/buildroot/output/host/csky-buildroot-linux-uclibcabiv1/sysroot/usr/lib -lpcre -L/home/user/hyperscale/buildroot/output/host/csky-buildroot-linux-uclibcabiv1/sysroot/usr/lib -lffi -L/home/user/hyperscale/buildroot/output/host/csky-buildroot-linux-uclibcabiv1/sysroot/usr/lib -lgmodule-2.0 -pthread -L/home/user/hyperscale/buildroot/output/host/csky-buildroot-linux-uclibcabiv1/sysroot/usr/lib -pthread -liconv -L/home/user/hyperscale/buildroot/output/host/csky-buildroot-linux-uclibcabiv1/sysroot/usr/lib -lpcre -lz -pthread -liconv -L/home/user/hyperscale/buildroot/output/host/csky-buildroot-linux-uclibcabiv1/sysroot/usr/lib -lpcre -pthread -lglib-2.0 -pthread -liconv -L/home/user/hyperscale/buildroot/output/host/csky-buildroot-linux-uclibcabiv1/sysroot/usr/lib -lpcre -L/home/user/hyperscale/buildroot/output/host/csky-buildroot-linux-uclibcabiv1/sysroot/usr/lib -lffi -L/home/user/hyperscale/buildroot/output/host/csky-buildroot-linux-uclibcabiv1/sysroot/usr/lib -lgmodule-2.0 -pthread -L/home/user/hyperscale/buildroot/output/host/csky-buildroot-linux-uclibcabiv1/sysroot/usr/lib -pthread -liconv -L/home/user/hyperscale/buildroot/output/host/csky-buildroot-linux-uclibcabiv1/sysroot/usr/lib -lpcre -pthread -liconv -L/home/user/hyperscale/buildroot/output/host/csky-buildroot-linux-uclibcabiv1/sysroot/usr/lib -lpcre -pthread -lglib-2.0 -pthread -liconv -L/home/user/hyperscale/buildroot/output/host/csky-buildroot-linux-uclibcabiv1/sysroot/usr/lib -lpcre -L/home/user/hyperscale/buildroot/output/host/csky-buildroot-linux-uclibcabiv1/sysroot/usr/lib -lffi -L/home/user/hyperscale/buildroot/output/host/csky-buildroot-linux-uclibcabiv1/sysroot/usr/lib -lgmodule-2.0 -pthread -L/home/user/hyperscale/buildroot/output/host/csky-buildroot-linux-uclibcabiv1/sysroot/usr/lib -pthread -liconv -L/home/user/hyperscale/buildroot/output/host/csky-buildroot-linux-uclibcabiv1/sysroot/usr/lib -lpcre -lgstvideo-1.0 -pthread -liconv -L/home/user/hyperscale/buildroot/output/host/csky-buildroot-linux-uclibcabiv1/sysroot/usr/lib -lpcre -pthread -lglib-2.0 -pthread -liconv -L/home/user/hyperscale/buildroot/output/host/csky-buildroot-linux-uclibcabiv1/sysroot/usr/lib -lpcre -L/home/user/hyperscale/buildroot/output/host/csky-buildroot-linux-uclibcabiv1/sysroot/usr/lib -lffi -L/home/user/hyperscale/buildroot/output/host/csky-buildroot-linux-uclibcabiv1/sysroot/usr/lib -lgmodule-2.0 -pthread -L/home/user/hyperscale/buildroot/output/host/csky-buildroot-linux-uclibcabiv1/sysroot/usr/lib -pthread -liconv -L/home/user/hyperscale/buildroot/output/host/csky-buildroot-linux-uclibcabiv1/sysroot/usr/lib -lpcre -lgstbase-1.0 -pthread -liconv -L/home/user/hyperscale/buildroot/output/host/csky-buildroot-linux-uclibcabiv1/sysroot/usr/lib -lpcre -pthread -lglib-2.0 -pthread -liconv -L/home/user/hyperscale/buildroot/output/host/csky-buildroot-linux-uclibcabiv1/sysroot/usr/lib -lpcre -L/home/user/hyperscale/buildroot/output/host/csky-buildroot-linux-uclibcabiv1/sysroot/usr/lib -lffi -L/home/user/hyperscale/buildroot/output/host/csky-buildroot-linux-uclibcabiv1/sysroot/usr/lib -lgmodule-2.0 -pthread -L/home/user/hyperscale/buildroot/output/host/csky-buildroot-linux-uclibcabiv1/sysroot/usr/lib -pthread -liconv -L/home/user/hyperscale/buildroot/output/host/csky-buildroot-linux-uclibcabiv1/sysroot/usr/lib -lpcre -lgsttag-1.0 -lz -lgstreamer-1.0 -pthread -liconv -L/home/user/hyperscale/buildroot/output/host/csky-buildroot-linux-uclibcabiv1/sysroot/usr/lib -lpcre -lgobject-2.0 -pthread -lglib-2.0 -pthread -liconv -L/home/user/hyperscale/buildroot/output/host/csky-buildroot-linux-uclibcabiv1/sysroot/usr/lib -lpcre -L/home/user/hyperscale/buildroot/output/host/csky-buildroot-linux-uclibcabiv1/sysroot/usr/lib -lffi -L/home/user/hyperscale/buildroot/output/host/csky-buildroot-linux-uclibcabiv1/sysroot/usr/lib -lgmodule-2.0 -pthread -L/home/user/hyperscale/buildroot/output/host/csky-buildroot-linux-uclibcabiv1/sysroot/usr/lib -lglib-2.0 -pthread -liconv -L/home/user/hyperscale/buildroot/output/host/csky-buildroot-linux-uclibcabiv1/sysroot/usr/lib -lpcre
PKG_CONFIG_PATH: 
PKG_CONFIG_LIBDIR: /home/user/hyperscale/buildroot/output/host/csky-buildroot-linux-uclibcabiv1/sysroot/usr/lib/pkgconfig:/home/user/hyperscale/buildroot/output/host/csky-buildroot-linux-uclibcabiv1/sysroot/usr/share/pkgconfig
Called `/home/user/hyperscale/buildroot/output/host/bin/pkgconf gstreamer-pbutils-1.0 --libs --static` -> 0
-L/home/user/hyperscale/buildroot/output/host/csky-buildroot-linux-uclibcabiv1/sysroot/usr/lib -lgstpbutils-1.0 -pthread -liconv -L/home/user/hyperscale/buildroot/output/host/csky-buildroot-linux-uclibcabiv1/sysroot/usr/lib -lpcre -pthread -lglib-2.0 -pthread -liconv -L/home/user/hyperscale/buildroot/output/host/csky-buildroot-linux-uclibcabiv1/sysroot/usr/lib -lpcre -L/home/user/hyperscale/buildroot/output/host/csky-buildroot-linux-uclibcabiv1/sysroot/usr/lib -lffi -L/home/user/hyperscale/buildroot/output/host/csky-buildroot-linux-uclibcabiv1/sysroot/usr/lib -lgmodule-2.0 -pthread -L/home/user/hyperscale/buildroot/output/host/csky-buildroot-linux-uclibcabiv1/sysroot/usr/lib -pthread -liconv -L/home/user/hyperscale/buildroot/output/host/csky-buildroot-linux-uclibcabiv1/sysroot/usr/lib -lpcre -lgstaudio-1.0 -pthread -liconv -L/home/user/hyperscale/buildroot/output/host/csky-buildroot-linux-uclibcabiv1/sysroot/usr/lib -lpcre -pthread -lglib-2.0 -pthread -liconv -L/home/user/hyperscale/buildroot/output/host/csky-buildroot-linux-uclibcabiv1/sysroot/usr/lib -lpcre -L/home/user/hyperscale/buildroot/output/host/csky-buildroot-linux-uclibcabiv1/sysroot/usr/lib -lffi -L/home/user/hyperscale/buildroot/output/host/csky-buildroot-linux-uclibcabiv1/sysroot/usr/lib -lgmodule-2.0 -pthread -L/home/user/hyperscale/buildroot/output/host/csky-buildroot-linux-uclibcabiv1/sysroot/usr/lib -pthread -liconv -L/home/user/hyperscale/buildroot/output/host/csky-buildroot-linux-uclibcabiv1/sysroot/usr/lib -lpcre -pthread -liconv -L/home/user/hyperscale/buildroot/output/host/csky-buildroot-linux-uclibcabiv1/sysroot/usr/lib -lpcre -pthread -lglib-2.0 -pthread -liconv -L/home/user/hyperscale/buildroot/output/host/csky-buildroot-linux-uclibcabiv1/sysroot/usr/lib -lpcre -L/home/user/hyperscale/buildroot/output/host/csky-buildroot-linux-uclibcabiv1/sysroot/usr/lib -lffi -L/home/user/hyperscale/buildroot/output/host/csky-buildroot-linux-uclibcabiv1/sysroot/usr/lib -lgmodule-2.0 -pthread -L/home/user/hyperscale/buildroot/output/host/csky-buildroot-linux-uclibcabiv1/sysroot/usr/lib -pthread -liconv -L/home/user/hyperscale/buildroot/output/host/csky-buildroot-linux-uclibcabiv1/sysroot/usr/lib -lpcre -lz -pthread -liconv -L/home/user/hyperscale/buildroot/output/host/csky-buildroot-linux-uclibcabiv1/sysroot/usr/lib -lpcre -pthread -lglib-2.0 -pthread -liconv -L/home/user/hyperscale/buildroot/output/host/csky-buildroot-linux-uclibcabiv1/sysroot/usr/lib -lpcre -L/home/user/hyperscale/buildroot/output/host/csky-buildroot-linux-uclibcabiv1/sysroot/usr/lib -lffi -L/home/user/hyperscale/buildroot/output/host/csky-buildroot-linux-uclibcabiv1/sysroot/usr/lib -lgmodule-2.0 -pthread -L/home/user/hyperscale/buildroot/output/host/csky-buildroot-linux-uclibcabiv1/sysroot/usr/lib -pthread -liconv -L/home/user/hyperscale/buildroot/output/host/csky-buildroot-linux-uclibcabiv1/sysroot/usr/lib -lpcre -pthread -liconv -L/home/user/hyperscale/buildroot/output/host/csky-buildroot-linux-uclibcabiv1/sysroot/usr/lib -lpcre -pthread -lglib-2.0 -pthread -liconv -L/home/user/hyperscale/buildroot/output/host/csky-buildroot-linux-uclibcabiv1/sysroot/usr/lib -lpcre -L/home/user/hyperscale/buildroot/output/host/csky-buildroot-linux-uclibcabiv1/sysroot/usr/lib -lffi -L/home/user/hyperscale/buildroot/output/host/csky-buildroot-linux-uclibcabiv1/sysroot/usr/lib -lgmodule-2.0 -pthread -L/home/user/hyperscale/buildroot/output/host/csky-buildroot-linux-uclibcabiv1/sysroot/usr/lib -pthread -liconv -L/home/user/hyperscale/buildroot/output/host/csky-buildroot-linux-uclibcabiv1/sysroot/usr/lib -lpcre -lgstvideo-1.0 -pthread -liconv -L/home/user/hyperscale/buildroot/output/host/csky-buildroot-linux-uclibcabiv1/sysroot/usr/lib -lpcre -pthread -lglib-2.0 -pthread -liconv -L/home/user/hyperscale/buildroot/output/host/csky-buildroot-linux-uclibcabiv1/sysroot/usr/lib -lpcre -L/home/user/hyperscale/buildroot/output/host/csky-buildroot-linux-uclibcabiv1/sysroot/usr/lib -lffi -L/home/user/hyperscale/buildroot/output/host/csky-buildroot-linux-uclibcabiv1/sysroot/usr/lib -lgmodule-2.0 -pthread -L/home/user/hyperscale/buildroot/output/host/csky-buildroot-linux-uclibcabiv1/sysroot/usr/lib -pthread -liconv -L/home/user/hyperscale/buildroot/output/host/csky-buildroot-linux-uclibcabiv1/sysroot/usr/lib -lpcre -lgstbase-1.0 -pthread -liconv -L/home/user/hyperscale/buildroot/output/host/csky-buildroot-linux-uclibcabiv1/sysroot/usr/lib -lpcre -pthread -lglib-2.0 -pthread -liconv -L/home/user/hyperscale/buildroot/output/host/csky-buildroot-linux-uclibcabiv1/sysroot/usr/lib -lpcre -L/home/user/hyperscale/buildroot/output/host/csky-buildroot-linux-uclibcabiv1/sysroot/usr/lib -lffi -L/home/user/hyperscale/buildroot/output/host/csky-buildroot-linux-uclibcabiv1/sysroot/usr/lib -lgmodule-2.0 -pthread -L/home/user/hyperscale/buildroot/output/host/csky-buildroot-linux-uclibcabiv1/sysroot/usr/lib -pthread -liconv -L/home/user/hyperscale/buildroot/output/host/csky-buildroot-linux-uclibcabiv1/sysroot/usr/lib -lpcre -lgsttag-1.0 -lz -lgstreamer-1.0 -pthread -liconv -L/home/user/hyperscale/buildroot/output/host/csky-buildroot-linux-uclibcabiv1/sysroot/usr/lib -lpcre -lgobject-2.0 -pthread -lglib-2.0 -pthread -liconv -L/home/user/hyperscale/buildroot/output/host/csky-buildroot-linux-uclibcabiv1/sysroot/usr/lib -lpcre -L/home/user/hyperscale/buildroot/output/host/csky-buildroot-linux-uclibcabiv1/sysroot/usr/lib -lffi -L/home/user/hyperscale/buildroot/output/host/csky-buildroot-linux-uclibcabiv1/sysroot/usr/lib -lgmodule-2.0 -pthread -L/home/user/hyperscale/buildroot/output/host/csky-buildroot-linux-uclibcabiv1/sysroot/usr/lib -lglib-2.0 -pthread -liconv -L/home/user/hyperscale/buildroot/output/host/csky-buildroot-linux-uclibcabiv1/sysroot/usr/lib -lpcre
None of 'PKG_CONFIG_PATH' are defined in the environment, not changing global flags.
Run-time dependency gstreamer-pbutils-1.0 found: YES 1.18.1
Pkg-config binary for MachineChoice.HOST is cached.
Determining dependency 'gstreamer-allocators-1.0' with pkg-config executable '/home/user/hyperscale/buildroot/output/host/bin/pkgconf'
PKG_CONFIG_PATH: 
PKG_CONFIG_LIBDIR: /home/user/hyperscale/buildroot/output/host/csky-buildroot-linux-uclibcabiv1/sysroot/usr/lib/pkgconfig:/home/user/hyperscale/buildroot/output/host/csky-buildroot-linux-uclibcabiv1/sysroot/usr/share/pkgconfig
Called `/home/user/hyperscale/buildroot/output/host/bin/pkgconf --modversion gstreamer-allocators-1.0` -> 0
1.18.1
PKG_CONFIG_PATH: 
PKG_CONFIG_LIBDIR: /home/user/hyperscale/buildroot/output/host/csky-buildroot-linux-uclibcabiv1/sysroot/usr/lib/pkgconfig:/home/user/hyperscale/buildroot/output/host/csky-buildroot-linux-uclibcabiv1/sysroot/usr/share/pkgconfig
Called `/home/user/hyperscale/buildroot/output/host/bin/pkgconf --cflags gstreamer-allocators-1.0` -> 0
-I/home/user/hyperscale/buildroot/output/host/csky-buildroot-linux-uclibcabiv1/sysroot/usr/include/gstreamer-1.0 -I/home/user/hyperscale/buildroot/output/host/csky-buildroot-linux-uclibcabiv1/sysroot/usr/include/glib-2.0 -I/home/user/hyperscale/buildroot/output/host/csky-buildroot-linux-uclibcabiv1/sysroot/usr/lib/glib-2.0/include -I/home/user/hyperscale/buildroot/output/host/csky-buildroot-linux-uclibcabiv1/sysroot/usr/include -pthread -DPCRE_STATIC
PKG_CONFIG_PATH: 
PKG_CONFIG_LIBDIR: /home/user/hyperscale/buildroot/output/host/csky-buildroot-linux-uclibcabiv1/sysroot/usr/lib/pkgconfig:/home/user/hyperscale/buildroot/output/host/csky-buildroot-linux-uclibcabiv1/sysroot/usr/share/pkgconfig
Called `/home/user/hyperscale/buildroot/output/host/bin/pkgconf gstreamer-allocators-1.0 --libs --static` -> 0
-L/home/user/hyperscale/buildroot/output/host/csky-buildroot-linux-uclibcabiv1/sysroot/usr/lib -lgstallocators-1.0 -lgstreamer-1.0 -pthread -liconv -L/home/user/hyperscale/buildroot/output/host/csky-buildroot-linux-uclibcabiv1/sysroot/usr/lib -lpcre -lgobject-2.0 -pthread -lglib-2.0 -pthread -liconv -L/home/user/hyperscale/buildroot/output/host/csky-buildroot-linux-uclibcabiv1/sysroot/usr/lib -lpcre -L/home/user/hyperscale/buildroot/output/host/csky-buildroot-linux-uclibcabiv1/sysroot/usr/lib -lffi -L/home/user/hyperscale/buildroot/output/host/csky-buildroot-linux-uclibcabiv1/sysroot/usr/lib -lgmodule-2.0 -pthread -L/home/user/hyperscale/buildroot/output/host/csky-buildroot-linux-uclibcabiv1/sysroot/usr/lib -lglib-2.0 -pthread -liconv -L/home/user/hyperscale/buildroot/output/host/csky-buildroot-linux-uclibcabiv1/sysroot/usr/lib -lpcre
PKG_CONFIG_PATH: 
PKG_CONFIG_LIBDIR: /home/user/hyperscale/buildroot/output/host/csky-buildroot-linux-uclibcabiv1/sysroot/usr/lib/pkgconfig:/home/user/hyperscale/buildroot/output/host/csky-buildroot-linux-uclibcabiv1/sysroot/usr/share/pkgconfig
Called `/home/user/hyperscale/buildroot/output/host/bin/pkgconf gstreamer-allocators-1.0 --libs --static` -> 0
-L/home/user/hyperscale/buildroot/output/host/csky-buildroot-linux-uclibcabiv1/sysroot/usr/lib -lgstallocators-1.0 -lgstreamer-1.0 -pthread -liconv -L/home/user/hyperscale/buildroot/output/host/csky-buildroot-linux-uclibcabiv1/sysroot/usr/lib -lpcre -lgobject-2.0 -pthread -lglib-2.0 -pthread -liconv -L/home/user/hyperscale/buildroot/output/host/csky-buildroot-linux-uclibcabiv1/sysroot/usr/lib -lpcre -L/home/user/hyperscale/buildroot/output/host/csky-buildroot-linux-uclibcabiv1/sysroot/usr/lib -lffi -L/home/user/hyperscale/buildroot/output/host/csky-buildroot-linux-uclibcabiv1/sysroot/usr/lib -lgmodule-2.0 -pthread -L/home/user/hyperscale/buildroot/output/host/csky-buildroot-linux-uclibcabiv1/sysroot/usr/lib -lglib-2.0 -pthread -liconv -L/home/user/hyperscale/buildroot/output/host/csky-buildroot-linux-uclibcabiv1/sysroot/usr/lib -lpcre
None of 'PKG_CONFIG_PATH' are defined in the environment, not changing global flags.
Run-time dependency gstreamer-allocators-1.0 found: YES 1.18.1
Pkg-config binary for MachineChoice.HOST is cached.
Determining dependency 'gstreamer-app-1.0' with pkg-config executable '/home/user/hyperscale/buildroot/output/host/bin/pkgconf'
PKG_CONFIG_PATH: 
PKG_CONFIG_LIBDIR: /home/user/hyperscale/buildroot/output/host/csky-buildroot-linux-uclibcabiv1/sysroot/usr/lib/pkgconfig:/home/user/hyperscale/buildroot/output/host/csky-buildroot-linux-uclibcabiv1/sysroot/usr/share/pkgconfig
Called `/home/user/hyperscale/buildroot/output/host/bin/pkgconf --modversion gstreamer-app-1.0` -> 0
1.18.1
PKG_CONFIG_PATH: 
PKG_CONFIG_LIBDIR: /home/user/hyperscale/buildroot/output/host/csky-buildroot-linux-uclibcabiv1/sysroot/usr/lib/pkgconfig:/home/user/hyperscale/buildroot/output/host/csky-buildroot-linux-uclibcabiv1/sysroot/usr/share/pkgconfig
Called `/home/user/hyperscale/buildroot/output/host/bin/pkgconf --cflags gstreamer-app-1.0` -> 0
-I/home/user/hyperscale/buildroot/output/host/csky-buildroot-linux-uclibcabiv1/sysroot/usr/include/gstreamer-1.0 -I/home/user/hyperscale/buildroot/output/host/csky-buildroot-linux-uclibcabiv1/sysroot/usr/include/glib-2.0 -I/home/user/hyperscale/buildroot/output/host/csky-buildroot-linux-uclibcabiv1/sysroot/usr/lib/glib-2.0/include -I/home/user/hyperscale/buildroot/output/host/csky-buildroot-linux-uclibcabiv1/sysroot/usr/include -DPCRE_STATIC -pthread -DPCRE_STATIC
PKG_CONFIG_PATH: 
PKG_CONFIG_LIBDIR: /home/user/hyperscale/buildroot/output/host/csky-buildroot-linux-uclibcabiv1/sysroot/usr/lib/pkgconfig:/home/user/hyperscale/buildroot/output/host/csky-buildroot-linux-uclibcabiv1/sysroot/usr/share/pkgconfig
Called `/home/user/hyperscale/buildroot/output/host/bin/pkgconf gstreamer-app-1.0 --libs --static` -> 0
-L/home/user/hyperscale/buildroot/output/host/csky-buildroot-linux-uclibcabiv1/sysroot/usr/lib -lgstapp-1.0 -pthread -liconv -L/home/user/hyperscale/buildroot/output/host/csky-buildroot-linux-uclibcabiv1/sysroot/usr/lib -lpcre -pthread -lglib-2.0 -pthread -liconv -L/home/user/hyperscale/buildroot/output/host/csky-buildroot-linux-uclibcabiv1/sysroot/usr/lib -lpcre -L/home/user/hyperscale/buildroot/output/host/csky-buildroot-linux-uclibcabiv1/sysroot/usr/lib -lffi -L/home/user/hyperscale/buildroot/output/host/csky-buildroot-linux-uclibcabiv1/sysroot/usr/lib -lgmodule-2.0 -pthread -L/home/user/hyperscale/buildroot/output/host/csky-buildroot-linux-uclibcabiv1/sysroot/usr/lib -pthread -liconv -L/home/user/hyperscale/buildroot/output/host/csky-buildroot-linux-uclibcabiv1/sysroot/usr/lib -lpcre -lgstbase-1.0 -lgstreamer-1.0 -pthread -liconv -L/home/user/hyperscale/buildroot/output/host/csky-buildroot-linux-uclibcabiv1/sysroot/usr/lib -lpcre -lgobject-2.0 -pthread -lglib-2.0 -pthread -liconv -L/home/user/hyperscale/buildroot/output/host/csky-buildroot-linux-uclibcabiv1/sysroot/usr/lib -lpcre -L/home/user/hyperscale/buildroot/output/host/csky-buildroot-linux-uclibcabiv1/sysroot/usr/lib -lffi -L/home/user/hyperscale/buildroot/output/host/csky-buildroot-linux-uclibcabiv1/sysroot/usr/lib -lgmodule-2.0 -pthread -L/home/user/hyperscale/buildroot/output/host/csky-buildroot-linux-uclibcabiv1/sysroot/usr/lib -lglib-2.0 -pthread -liconv -L/home/user/hyperscale/buildroot/output/host/csky-buildroot-linux-uclibcabiv1/sysroot/usr/lib -lpcre
PKG_CONFIG_PATH: 
PKG_CONFIG_LIBDIR: /home/user/hyperscale/buildroot/output/host/csky-buildroot-linux-uclibcabiv1/sysroot/usr/lib/pkgconfig:/home/user/hyperscale/buildroot/output/host/csky-buildroot-linux-uclibcabiv1/sysroot/usr/share/pkgconfig
Called `/home/user/hyperscale/buildroot/output/host/bin/pkgconf gstreamer-app-1.0 --libs --static` -> 0
-L/home/user/hyperscale/buildroot/output/host/csky-buildroot-linux-uclibcabiv1/sysroot/usr/lib -lgstapp-1.0 -pthread -liconv -L/home/user/hyperscale/buildroot/output/host/csky-buildroot-linux-uclibcabiv1/sysroot/usr/lib -lpcre -pthread -lglib-2.0 -pthread -liconv -L/home/user/hyperscale/buildroot/output/host/csky-buildroot-linux-uclibcabiv1/sysroot/usr/lib -lpcre -L/home/user/hyperscale/buildroot/output/host/csky-buildroot-linux-uclibcabiv1/sysroot/usr/lib -lffi -L/home/user/hyperscale/buildroot/output/host/csky-buildroot-linux-uclibcabiv1/sysroot/usr/lib -lgmodule-2.0 -pthread -L/home/user/hyperscale/buildroot/output/host/csky-buildroot-linux-uclibcabiv1/sysroot/usr/lib -pthread -liconv -L/home/user/hyperscale/buildroot/output/host/csky-buildroot-linux-uclibcabiv1/sysroot/usr/lib -lpcre -lgstbase-1.0 -lgstreamer-1.0 -pthread -liconv -L/home/user/hyperscale/buildroot/output/host/csky-buildroot-linux-uclibcabiv1/sysroot/usr/lib -lpcre -lgobject-2.0 -pthread -lglib-2.0 -pthread -liconv -L/home/user/hyperscale/buildroot/output/host/csky-buildroot-linux-uclibcabiv1/sysroot/usr/lib -lpcre -L/home/user/hyperscale/buildroot/output/host/csky-buildroot-linux-uclibcabiv1/sysroot/usr/lib -lffi -L/home/user/hyperscale/buildroot/output/host/csky-buildroot-linux-uclibcabiv1/sysroot/usr/lib -lgmodule-2.0 -pthread -L/home/user/hyperscale/buildroot/output/host/csky-buildroot-linux-uclibcabiv1/sysroot/usr/lib -lglib-2.0 -pthread -liconv -L/home/user/hyperscale/buildroot/output/host/csky-buildroot-linux-uclibcabiv1/sysroot/usr/lib -lpcre
None of 'PKG_CONFIG_PATH' are defined in the environment, not changing global flags.
Run-time dependency gstreamer-app-1.0 found: YES 1.18.1
Pkg-config binary for MachineChoice.HOST is cached.
Determining dependency 'gstreamer-audio-1.0' with pkg-config executable '/home/user/hyperscale/buildroot/output/host/bin/pkgconf'
PKG_CONFIG_PATH: 
PKG_CONFIG_LIBDIR: /home/user/hyperscale/buildroot/output/host/csky-buildroot-linux-uclibcabiv1/sysroot/usr/lib/pkgconfig:/home/user/hyperscale/buildroot/output/host/csky-buildroot-linux-uclibcabiv1/sysroot/usr/share/pkgconfig
Called `/home/user/hyperscale/buildroot/output/host/bin/pkgconf --modversion gstreamer-audio-1.0` -> 0
1.18.1
PKG_CONFIG_PATH: 
PKG_CONFIG_LIBDIR: /home/user/hyperscale/buildroot/output/host/csky-buildroot-linux-uclibcabiv1/sysroot/usr/lib/pkgconfig:/home/user/hyperscale/buildroot/output/host/csky-buildroot-linux-uclibcabiv1/sysroot/usr/share/pkgconfig
Called `/home/user/hyperscale/buildroot/output/host/bin/pkgconf --cflags gstreamer-audio-1.0` -> 0
-I/home/user/hyperscale/buildroot/output/host/csky-buildroot-linux-uclibcabiv1/sysroot/usr/include/gstreamer-1.0 -I/home/user/hyperscale/buildroot/output/host/csky-buildroot-linux-uclibcabiv1/sysroot/usr/include/glib-2.0 -I/home/user/hyperscale/buildroot/output/host/csky-buildroot-linux-uclibcabiv1/sysroot/usr/lib/glib-2.0/include -I/home/user/hyperscale/buildroot/output/host/csky-buildroot-linux-uclibcabiv1/sysroot/usr/include -DPCRE_STATIC -DPCRE_STATIC -pthread -DPCRE_STATIC
PKG_CONFIG_PATH: 
PKG_CONFIG_LIBDIR: /home/user/hyperscale/buildroot/output/host/csky-buildroot-linux-uclibcabiv1/sysroot/usr/lib/pkgconfig:/home/user/hyperscale/buildroot/output/host/csky-buildroot-linux-uclibcabiv1/sysroot/usr/share/pkgconfig
Called `/home/user/hyperscale/buildroot/output/host/bin/pkgconf gstreamer-audio-1.0 --libs --static` -> 0
-L/home/user/hyperscale/buildroot/output/host/csky-buildroot-linux-uclibcabiv1/sysroot/usr/lib -lgstaudio-1.0 -pthread -liconv -L/home/user/hyperscale/buildroot/output/host/csky-buildroot-linux-uclibcabiv1/sysroot/usr/lib -lpcre -pthread -lglib-2.0 -pthread -liconv -L/home/user/hyperscale/buildroot/output/host/csky-buildroot-linux-uclibcabiv1/sysroot/usr/lib -lpcre -L/home/user/hyperscale/buildroot/output/host/csky-buildroot-linux-uclibcabiv1/sysroot/usr/lib -lffi -L/home/user/hyperscale/buildroot/output/host/csky-buildroot-linux-uclibcabiv1/sysroot/usr/lib -lgmodule-2.0 -pthread -L/home/user/hyperscale/buildroot/output/host/csky-buildroot-linux-uclibcabiv1/sysroot/usr/lib -pthread -liconv -L/home/user/hyperscale/buildroot/output/host/csky-buildroot-linux-uclibcabiv1/sysroot/usr/lib -lpcre -lgstbase-1.0 -pthread -liconv -L/home/user/hyperscale/buildroot/output/host/csky-buildroot-linux-uclibcabiv1/sysroot/usr/lib -lpcre -pthread -lglib-2.0 -pthread -liconv -L/home/user/hyperscale/buildroot/output/host/csky-buildroot-linux-uclibcabiv1/sysroot/usr/lib -lpcre -L/home/user/hyperscale/buildroot/output/host/csky-buildroot-linux-uclibcabiv1/sysroot/usr/lib -lffi -L/home/user/hyperscale/buildroot/output/host/csky-buildroot-linux-uclibcabiv1/sysroot/usr/lib -lgmodule-2.0 -pthread -L/home/user/hyperscale/buildroot/output/host/csky-buildroot-linux-uclibcabiv1/sysroot/usr/lib -pthread -liconv -L/home/user/hyperscale/buildroot/output/host/csky-buildroot-linux-uclibcabiv1/sysroot/usr/lib -lpcre -lgsttag-1.0 -lz -lgstreamer-1.0 -pthread -liconv -L/home/user/hyperscale/buildroot/output/host/csky-buildroot-linux-uclibcabiv1/sysroot/usr/lib -lpcre -lgobject-2.0 -pthread -lglib-2.0 -pthread -liconv -L/home/user/hyperscale/buildroot/output/host/csky-buildroot-linux-uclibcabiv1/sysroot/usr/lib -lpcre -L/home/user/hyperscale/buildroot/output/host/csky-buildroot-linux-uclibcabiv1/sysroot/usr/lib -lffi -L/home/user/hyperscale/buildroot/output/host/csky-buildroot-linux-uclibcabiv1/sysroot/usr/lib -lgmodule-2.0 -pthread -L/home/user/hyperscale/buildroot/output/host/csky-buildroot-linux-uclibcabiv1/sysroot/usr/lib -lglib-2.0 -pthread -liconv -L/home/user/hyperscale/buildroot/output/host/csky-buildroot-linux-uclibcabiv1/sysroot/usr/lib -lpcre
PKG_CONFIG_PATH: 
PKG_CONFIG_LIBDIR: /home/user/hyperscale/buildroot/output/host/csky-buildroot-linux-uclibcabiv1/sysroot/usr/lib/pkgconfig:/home/user/hyperscale/buildroot/output/host/csky-buildroot-linux-uclibcabiv1/sysroot/usr/share/pkgconfig
Called `/home/user/hyperscale/buildroot/output/host/bin/pkgconf gstreamer-audio-1.0 --libs --static` -> 0
-L/home/user/hyperscale/buildroot/output/host/csky-buildroot-linux-uclibcabiv1/sysroot/usr/lib -lgstaudio-1.0 -pthread -liconv -L/home/user/hyperscale/buildroot/output/host/csky-buildroot-linux-uclibcabiv1/sysroot/usr/lib -lpcre -pthread -lglib-2.0 -pthread -liconv -L/home/user/hyperscale/buildroot/output/host/csky-buildroot-linux-uclibcabiv1/sysroot/usr/lib -lpcre -L/home/user/hyperscale/buildroot/output/host/csky-buildroot-linux-uclibcabiv1/sysroot/usr/lib -lffi -L/home/user/hyperscale/buildroot/output/host/csky-buildroot-linux-uclibcabiv1/sysroot/usr/lib -lgmodule-2.0 -pthread -L/home/user/hyperscale/buildroot/output/host/csky-buildroot-linux-uclibcabiv1/sysroot/usr/lib -pthread -liconv -L/home/user/hyperscale/buildroot/output/host/csky-buildroot-linux-uclibcabiv1/sysroot/usr/lib -lpcre -lgstbase-1.0 -pthread -liconv -L/home/user/hyperscale/buildroot/output/host/csky-buildroot-linux-uclibcabiv1/sysroot/usr/lib -lpcre -pthread -lglib-2.0 -pthread -liconv -L/home/user/hyperscale/buildroot/output/host/csky-buildroot-linux-uclibcabiv1/sysroot/usr/lib -lpcre -L/home/user/hyperscale/buildroot/output/host/csky-buildroot-linux-uclibcabiv1/sysroot/usr/lib -lffi -L/home/user/hyperscale/buildroot/output/host/csky-buildroot-linux-uclibcabiv1/sysroot/usr/lib -lgmodule-2.0 -pthread -L/home/user/hyperscale/buildroot/output/host/csky-buildroot-linux-uclibcabiv1/sysroot/usr/lib -pthread -liconv -L/home/user/hyperscale/buildroot/output/host/csky-buildroot-linux-uclibcabiv1/sysroot/usr/lib -lpcre -lgsttag-1.0 -lz -lgstreamer-1.0 -pthread -liconv -L/home/user/hyperscale/buildroot/output/host/csky-buildroot-linux-uclibcabiv1/sysroot/usr/lib -lpcre -lgobject-2.0 -pthread -lglib-2.0 -pthread -liconv -L/home/user/hyperscale/buildroot/output/host/csky-buildroot-linux-uclibcabiv1/sysroot/usr/lib -lpcre -L/home/user/hyperscale/buildroot/output/host/csky-buildroot-linux-uclibcabiv1/sysroot/usr/lib -lffi -L/home/user/hyperscale/buildroot/output/host/csky-buildroot-linux-uclibcabiv1/sysroot/usr/lib -lgmodule-2.0 -pthread -L/home/user/hyperscale/buildroot/output/host/csky-buildroot-linux-uclibcabiv1/sysroot/usr/lib -lglib-2.0 -pthread -liconv -L/home/user/hyperscale/buildroot/output/host/csky-buildroot-linux-uclibcabiv1/sysroot/usr/lib -lpcre
None of 'PKG_CONFIG_PATH' are defined in the environment, not changing global flags.
Run-time dependency gstreamer-audio-1.0 found: YES 1.18.1
Pkg-config binary for MachineChoice.HOST is cached.
Determining dependency 'gstreamer-fft-1.0' with pkg-config executable '/home/user/hyperscale/buildroot/output/host/bin/pkgconf'
PKG_CONFIG_PATH: 
PKG_CONFIG_LIBDIR: /home/user/hyperscale/buildroot/output/host/csky-buildroot-linux-uclibcabiv1/sysroot/usr/lib/pkgconfig:/home/user/hyperscale/buildroot/output/host/csky-buildroot-linux-uclibcabiv1/sysroot/usr/share/pkgconfig
Called `/home/user/hyperscale/buildroot/output/host/bin/pkgconf --modversion gstreamer-fft-1.0` -> 0
1.18.1
PKG_CONFIG_PATH: 
PKG_CONFIG_LIBDIR: /home/user/hyperscale/buildroot/output/host/csky-buildroot-linux-uclibcabiv1/sysroot/usr/lib/pkgconfig:/home/user/hyperscale/buildroot/output/host/csky-buildroot-linux-uclibcabiv1/sysroot/usr/share/pkgconfig
Called `/home/user/hyperscale/buildroot/output/host/bin/pkgconf --cflags gstreamer-fft-1.0` -> 0
-I/home/user/hyperscale/buildroot/output/host/csky-buildroot-linux-uclibcabiv1/sysroot/usr/include/gstreamer-1.0 -I/home/user/hyperscale/buildroot/output/host/csky-buildroot-linux-uclibcabiv1/sysroot/usr/include/glib-2.0 -I/home/user/hyperscale/buildroot/output/host/csky-buildroot-linux-uclibcabiv1/sysroot/usr/lib/glib-2.0/include -I/home/user/hyperscale/buildroot/output/host/csky-buildroot-linux-uclibcabiv1/sysroot/usr/include -pthread -DPCRE_STATIC
PKG_CONFIG_PATH: 
PKG_CONFIG_LIBDIR: /home/user/hyperscale/buildroot/output/host/csky-buildroot-linux-uclibcabiv1/sysroot/usr/lib/pkgconfig:/home/user/hyperscale/buildroot/output/host/csky-buildroot-linux-uclibcabiv1/sysroot/usr/share/pkgconfig
Called `/home/user/hyperscale/buildroot/output/host/bin/pkgconf gstreamer-fft-1.0 --libs --static` -> 0
-L/home/user/hyperscale/buildroot/output/host/csky-buildroot-linux-uclibcabiv1/sysroot/usr/lib -lgstfft-1.0 -lm -lgstreamer-1.0 -pthread -liconv -L/home/user/hyperscale/buildroot/output/host/csky-buildroot-linux-uclibcabiv1/sysroot/usr/lib -lpcre -lgobject-2.0 -pthread -lglib-2.0 -pthread -liconv -L/home/user/hyperscale/buildroot/output/host/csky-buildroot-linux-uclibcabiv1/sysroot/usr/lib -lpcre -L/home/user/hyperscale/buildroot/output/host/csky-buildroot-linux-uclibcabiv1/sysroot/usr/lib -lffi -L/home/user/hyperscale/buildroot/output/host/csky-buildroot-linux-uclibcabiv1/sysroot/usr/lib -lgmodule-2.0 -pthread -L/home/user/hyperscale/buildroot/output/host/csky-buildroot-linux-uclibcabiv1/sysroot/usr/lib -lglib-2.0 -pthread -liconv -L/home/user/hyperscale/buildroot/output/host/csky-buildroot-linux-uclibcabiv1/sysroot/usr/lib -lpcre
PKG_CONFIG_PATH: 
PKG_CONFIG_LIBDIR: /home/user/hyperscale/buildroot/output/host/csky-buildroot-linux-uclibcabiv1/sysroot/usr/lib/pkgconfig:/home/user/hyperscale/buildroot/output/host/csky-buildroot-linux-uclibcabiv1/sysroot/usr/share/pkgconfig
Called `/home/user/hyperscale/buildroot/output/host/bin/pkgconf gstreamer-fft-1.0 --libs --static` -> 0
-L/home/user/hyperscale/buildroot/output/host/csky-buildroot-linux-uclibcabiv1/sysroot/usr/lib -lgstfft-1.0 -lm -lgstreamer-1.0 -pthread -liconv -L/home/user/hyperscale/buildroot/output/host/csky-buildroot-linux-uclibcabiv1/sysroot/usr/lib -lpcre -lgobject-2.0 -pthread -lglib-2.0 -pthread -liconv -L/home/user/hyperscale/buildroot/output/host/csky-buildroot-linux-uclibcabiv1/sysroot/usr/lib -lpcre -L/home/user/hyperscale/buildroot/output/host/csky-buildroot-linux-uclibcabiv1/sysroot/usr/lib -lffi -L/home/user/hyperscale/buildroot/output/host/csky-buildroot-linux-uclibcabiv1/sysroot/usr/lib -lgmodule-2.0 -pthread -L/home/user/hyperscale/buildroot/output/host/csky-buildroot-linux-uclibcabiv1/sysroot/usr/lib -lglib-2.0 -pthread -liconv -L/home/user/hyperscale/buildroot/output/host/csky-buildroot-linux-uclibcabiv1/sysroot/usr/lib -lpcre
None of 'PKG_CONFIG_PATH' are defined in the environment, not changing global flags.
None of 'CXX_LD' are defined in the environment, not changing global flags.
Running compile:
Working directory:  /home/user/hyperscale/buildroot/output/build/gst1-plugins-good-1.18.1/build/meson-private/tmp8nhv9neb
Command line:  /home/user/hyperscale/buildroot/output/host/bin/csky-linux-g++ /home/user/hyperscale/buildroot/output/build/gst1-plugins-good-1.18.1/build/meson-private/tmp8nhv9neb/testfile.cpp -o /home/user/hyperscale/buildroot/output/build/gst1-plugins-good-1.18.1/build/meson-private/tmp8nhv9neb/output.exe -pipe -D_LARGEFILE_SOURCE -D_LARGEFILE64_SOURCE -Os -static -static -D_FILE_OFFSET_BITS=64 -O0 -fpermissive -Wl,--start-group -lm -Wl,--end-group -Wl,--allow-shlib-undefined 

Code:
 int main(void) { return 0; }

Compiler stdout:
 
Compiler stderr:
 
Run-time dependency gstreamer-fft-1.0 found: YES 1.18.1
Pkg-config binary for MachineChoice.HOST is cached.
Determining dependency 'gstreamer-riff-1.0' with pkg-config executable '/home/user/hyperscale/buildroot/output/host/bin/pkgconf'
PKG_CONFIG_PATH: 
PKG_CONFIG_LIBDIR: /home/user/hyperscale/buildroot/output/host/csky-buildroot-linux-uclibcabiv1/sysroot/usr/lib/pkgconfig:/home/user/hyperscale/buildroot/output/host/csky-buildroot-linux-uclibcabiv1/sysroot/usr/share/pkgconfig
Called `/home/user/hyperscale/buildroot/output/host/bin/pkgconf --modversion gstreamer-riff-1.0` -> 0
1.18.1
PKG_CONFIG_PATH: 
PKG_CONFIG_LIBDIR: /home/user/hyperscale/buildroot/output/host/csky-buildroot-linux-uclibcabiv1/sysroot/usr/lib/pkgconfig:/home/user/hyperscale/buildroot/output/host/csky-buildroot-linux-uclibcabiv1/sysroot/usr/share/pkgconfig
Called `/home/user/hyperscale/buildroot/output/host/bin/pkgconf --cflags gstreamer-riff-1.0` -> 0
-I/home/user/hyperscale/buildroot/output/host/csky-buildroot-linux-uclibcabiv1/sysroot/usr/include/gstreamer-1.0 -I/home/user/hyperscale/buildroot/output/host/csky-buildroot-linux-uclibcabiv1/sysroot/usr/include/glib-2.0 -I/home/user/hyperscale/buildroot/output/host/csky-buildroot-linux-uclibcabiv1/sysroot/usr/lib/glib-2.0/include -I/home/user/hyperscale/buildroot/output/host/csky-buildroot-linux-uclibcabiv1/sysroot/usr/include -pthread -DPCRE_STATIC
PKG_CONFIG_PATH: 
PKG_CONFIG_LIBDIR: /home/user/hyperscale/buildroot/output/host/csky-buildroot-linux-uclibcabiv1/sysroot/usr/lib/pkgconfig:/home/user/hyperscale/buildroot/output/host/csky-buildroot-linux-uclibcabiv1/sysroot/usr/share/pkgconfig
Called `/home/user/hyperscale/buildroot/output/host/bin/pkgconf gstreamer-riff-1.0 --libs --static` -> 0
-L/home/user/hyperscale/buildroot/output/host/csky-buildroot-linux-uclibcabiv1/sysroot/usr/lib -lgstriff-1.0 -lgstreamer-1.0 -pthread -liconv -L/home/user/hyperscale/buildroot/output/host/csky-buildroot-linux-uclibcabiv1/sysroot/usr/lib -lpcre -lgobject-2.0 -pthread -lglib-2.0 -pthread -liconv -L/home/user/hyperscale/buildroot/output/host/csky-buildroot-linux-uclibcabiv1/sysroot/usr/lib -lpcre -L/home/user/hyperscale/buildroot/output/host/csky-buildroot-linux-uclibcabiv1/sysroot/usr/lib -lffi -L/home/user/hyperscale/buildroot/output/host/csky-buildroot-linux-uclibcabiv1/sysroot/usr/lib -lgmodule-2.0 -pthread -L/home/user/hyperscale/buildroot/output/host/csky-buildroot-linux-uclibcabiv1/sysroot/usr/lib -lglib-2.0 -pthread -liconv -L/home/user/hyperscale/buildroot/output/host/csky-buildroot-linux-uclibcabiv1/sysroot/usr/lib -lpcre
PKG_CONFIG_PATH: 
PKG_CONFIG_LIBDIR: /home/user/hyperscale/buildroot/output/host/csky-buildroot-linux-uclibcabiv1/sysroot/usr/lib/pkgconfig:/home/user/hyperscale/buildroot/output/host/csky-buildroot-linux-uclibcabiv1/sysroot/usr/share/pkgconfig
Called `/home/user/hyperscale/buildroot/output/host/bin/pkgconf gstreamer-riff-1.0 --libs --static` -> 0
-L/home/user/hyperscale/buildroot/output/host/csky-buildroot-linux-uclibcabiv1/sysroot/usr/lib -lgstriff-1.0 -lgstreamer-1.0 -pthread -liconv -L/home/user/hyperscale/buildroot/output/host/csky-buildroot-linux-uclibcabiv1/sysroot/usr/lib -lpcre -lgobject-2.0 -pthread -lglib-2.0 -pthread -liconv -L/home/user/hyperscale/buildroot/output/host/csky-buildroot-linux-uclibcabiv1/sysroot/usr/lib -lpcre -L/home/user/hyperscale/buildroot/output/host/csky-buildroot-linux-uclibcabiv1/sysroot/usr/lib -lffi -L/home/user/hyperscale/buildroot/output/host/csky-buildroot-linux-uclibcabiv1/sysroot/usr/lib -lgmodule-2.0 -pthread -L/home/user/hyperscale/buildroot/output/host/csky-buildroot-linux-uclibcabiv1/sysroot/usr/lib -lglib-2.0 -pthread -liconv -L/home/user/hyperscale/buildroot/output/host/csky-buildroot-linux-uclibcabiv1/sysroot/usr/lib -lpcre
None of 'PKG_CONFIG_PATH' are defined in the environment, not changing global flags.
Run-time dependency gstreamer-riff-1.0 found: YES 1.18.1
Pkg-config binary for MachineChoice.HOST is cached.
Determining dependency 'gstreamer-rtp-1.0' with pkg-config executable '/home/user/hyperscale/buildroot/output/host/bin/pkgconf'
PKG_CONFIG_PATH: 
PKG_CONFIG_LIBDIR: /home/user/hyperscale/buildroot/output/host/csky-buildroot-linux-uclibcabiv1/sysroot/usr/lib/pkgconfig:/home/user/hyperscale/buildroot/output/host/csky-buildroot-linux-uclibcabiv1/sysroot/usr/share/pkgconfig
Called `/home/user/hyperscale/buildroot/output/host/bin/pkgconf --modversion gstreamer-rtp-1.0` -> 0
1.18.1
PKG_CONFIG_PATH: 
PKG_CONFIG_LIBDIR: /home/user/hyperscale/buildroot/output/host/csky-buildroot-linux-uclibcabiv1/sysroot/usr/lib/pkgconfig:/home/user/hyperscale/buildroot/output/host/csky-buildroot-linux-uclibcabiv1/sysroot/usr/share/pkgconfig
Called `/home/user/hyperscale/buildroot/output/host/bin/pkgconf --cflags gstreamer-rtp-1.0` -> 0
-I/home/user/hyperscale/buildroot/output/host/csky-buildroot-linux-uclibcabiv1/sysroot/usr/include/gstreamer-1.0 -I/home/user/hyperscale/buildroot/output/host/csky-buildroot-linux-uclibcabiv1/sysroot/usr/include/glib-2.0 -I/home/user/hyperscale/buildroot/output/host/csky-buildroot-linux-uclibcabiv1/sysroot/usr/lib/glib-2.0/include -I/home/user/hyperscale/buildroot/output/host/csky-buildroot-linux-uclibcabiv1/sysroot/usr/include -DPCRE_STATIC -pthread -DPCRE_STATIC
PKG_CONFIG_PATH: 
PKG_CONFIG_LIBDIR: /home/user/hyperscale/buildroot/output/host/csky-buildroot-linux-uclibcabiv1/sysroot/usr/lib/pkgconfig:/home/user/hyperscale/buildroot/output/host/csky-buildroot-linux-uclibcabiv1/sysroot/usr/share/pkgconfig
Called `/home/user/hyperscale/buildroot/output/host/bin/pkgconf gstreamer-rtp-1.0 --libs --static` -> 0
-L/home/user/hyperscale/buildroot/output/host/csky-buildroot-linux-uclibcabiv1/sysroot/usr/lib -lgstrtp-1.0 -pthread -liconv -L/home/user/hyperscale/buildroot/output/host/csky-buildroot-linux-uclibcabiv1/sysroot/usr/lib -lpcre -pthread -lglib-2.0 -pthread -liconv -L/home/user/hyperscale/buildroot/output/host/csky-buildroot-linux-uclibcabiv1/sysroot/usr/lib -lpcre -L/home/user/hyperscale/buildroot/output/host/csky-buildroot-linux-uclibcabiv1/sysroot/usr/lib -lffi -L/home/user/hyperscale/buildroot/output/host/csky-buildroot-linux-uclibcabiv1/sysroot/usr/lib -lgmodule-2.0 -pthread -L/home/user/hyperscale/buildroot/output/host/csky-buildroot-linux-uclibcabiv1/sysroot/usr/lib -pthread -liconv -L/home/user/hyperscale/buildroot/output/host/csky-buildroot-linux-uclibcabiv1/sysroot/usr/lib -lpcre -lgstbase-1.0 -lgstreamer-1.0 -pthread -liconv -L/home/user/hyperscale/buildroot/output/host/csky-buildroot-linux-uclibcabiv1/sysroot/usr/lib -lpcre -lgobject-2.0 -pthread -lglib-2.0 -pthread -liconv -L/home/user/hyperscale/buildroot/output/host/csky-buildroot-linux-uclibcabiv1/sysroot/usr/lib -lpcre -L/home/user/hyperscale/buildroot/output/host/csky-buildroot-linux-uclibcabiv1/sysroot/usr/lib -lffi -L/home/user/hyperscale/buildroot/output/host/csky-buildroot-linux-uclibcabiv1/sysroot/usr/lib -lgmodule-2.0 -pthread -L/home/user/hyperscale/buildroot/output/host/csky-buildroot-linux-uclibcabiv1/sysroot/usr/lib -lglib-2.0 -pthread -liconv -L/home/user/hyperscale/buildroot/output/host/csky-buildroot-linux-uclibcabiv1/sysroot/usr/lib -lpcre
PKG_CONFIG_PATH: 
PKG_CONFIG_LIBDIR: /home/user/hyperscale/buildroot/output/host/csky-buildroot-linux-uclibcabiv1/sysroot/usr/lib/pkgconfig:/home/user/hyperscale/buildroot/output/host/csky-buildroot-linux-uclibcabiv1/sysroot/usr/share/pkgconfig
Called `/home/user/hyperscale/buildroot/output/host/bin/pkgconf gstreamer-rtp-1.0 --libs --static` -> 0
-L/home/user/hyperscale/buildroot/output/host/csky-buildroot-linux-uclibcabiv1/sysroot/usr/lib -lgstrtp-1.0 -pthread -liconv -L/home/user/hyperscale/buildroot/output/host/csky-buildroot-linux-uclibcabiv1/sysroot/usr/lib -lpcre -pthread -lglib-2.0 -pthread -liconv -L/home/user/hyperscale/buildroot/output/host/csky-buildroot-linux-uclibcabiv1/sysroot/usr/lib -lpcre -L/home/user/hyperscale/buildroot/output/host/csky-buildroot-linux-uclibcabiv1/sysroot/usr/lib -lffi -L/home/user/hyperscale/buildroot/output/host/csky-buildroot-linux-uclibcabiv1/sysroot/usr/lib -lgmodule-2.0 -pthread -L/home/user/hyperscale/buildroot/output/host/csky-buildroot-linux-uclibcabiv1/sysroot/usr/lib -pthread -liconv -L/home/user/hyperscale/buildroot/output/host/csky-buildroot-linux-uclibcabiv1/sysroot/usr/lib -lpcre -lgstbase-1.0 -lgstreamer-1.0 -pthread -liconv -L/home/user/hyperscale/buildroot/output/host/csky-buildroot-linux-uclibcabiv1/sysroot/usr/lib -lpcre -lgobject-2.0 -pthread -lglib-2.0 -pthread -liconv -L/home/user/hyperscale/buildroot/output/host/csky-buildroot-linux-uclibcabiv1/sysroot/usr/lib -lpcre -L/home/user/hyperscale/buildroot/output/host/csky-buildroot-linux-uclibcabiv1/sysroot/usr/lib -lffi -L/home/user/hyperscale/buildroot/output/host/csky-buildroot-linux-uclibcabiv1/sysroot/usr/lib -lgmodule-2.0 -pthread -L/home/user/hyperscale/buildroot/output/host/csky-buildroot-linux-uclibcabiv1/sysroot/usr/lib -lglib-2.0 -pthread -liconv -L/home/user/hyperscale/buildroot/output/host/csky-buildroot-linux-uclibcabiv1/sysroot/usr/lib -lpcre
None of 'PKG_CONFIG_PATH' are defined in the environment, not changing global flags.
Run-time dependency gstreamer-rtp-1.0 found: YES 1.18.1
Pkg-config binary for MachineChoice.HOST is cached.
Determining dependency 'gstreamer-rtsp-1.0' with pkg-config executable '/home/user/hyperscale/buildroot/output/host/bin/pkgconf'
PKG_CONFIG_PATH: 
PKG_CONFIG_LIBDIR: /home/user/hyperscale/buildroot/output/host/csky-buildroot-linux-uclibcabiv1/sysroot/usr/lib/pkgconfig:/home/user/hyperscale/buildroot/output/host/csky-buildroot-linux-uclibcabiv1/sysroot/usr/share/pkgconfig
Called `/home/user/hyperscale/buildroot/output/host/bin/pkgconf --modversion gstreamer-rtsp-1.0` -> 0
1.18.1
PKG_CONFIG_PATH: 
PKG_CONFIG_LIBDIR: /home/user/hyperscale/buildroot/output/host/csky-buildroot-linux-uclibcabiv1/sysroot/usr/lib/pkgconfig:/home/user/hyperscale/buildroot/output/host/csky-buildroot-linux-uclibcabiv1/sysroot/usr/share/pkgconfig
Called `/home/user/hyperscale/buildroot/output/host/bin/pkgconf --cflags gstreamer-rtsp-1.0` -> 0
-I/home/user/hyperscale/buildroot/output/host/csky-buildroot-linux-uclibcabiv1/sysroot/usr/include/gstreamer-1.0 -I/home/user/hyperscale/buildroot/output/host/csky-buildroot-linux-uclibcabiv1/sysroot/usr/include/glib-2.0 -I/home/user/hyperscale/buildroot/output/host/csky-buildroot-linux-uclibcabiv1/sysroot/usr/lib/glib-2.0/include -I/home/user/hyperscale/buildroot/output/host/csky-buildroot-linux-uclibcabiv1/sysroot/usr/include -DPCRE_STATIC -DPCRE_STATIC -DPCRE_STATIC -DPCRE_STATIC -DPCRE_STATIC -pthread -DPCRE_STATIC
PKG_CONFIG_PATH: 
PKG_CONFIG_LIBDIR: /home/user/hyperscale/buildroot/output/host/csky-buildroot-linux-uclibcabiv1/sysroot/usr/lib/pkgconfig:/home/user/hyperscale/buildroot/output/host/csky-buildroot-linux-uclibcabiv1/sysroot/usr/share/pkgconfig
Called `/home/user/hyperscale/buildroot/output/host/bin/pkgconf gstreamer-rtsp-1.0 --libs --static` -> 0
-L/home/user/hyperscale/buildroot/output/host/csky-buildroot-linux-uclibcabiv1/sysroot/usr/lib -lgstrtsp-1.0 -pthread -liconv -L/home/user/hyperscale/buildroot/output/host/csky-buildroot-linux-uclibcabiv1/sysroot/usr/lib -lpcre -pthread -lglib-2.0 -pthread -liconv -L/home/user/hyperscale/buildroot/output/host/csky-buildroot-linux-uclibcabiv1/sysroot/usr/lib -lpcre -L/home/user/hyperscale/buildroot/output/host/csky-buildroot-linux-uclibcabiv1/sysroot/usr/lib -lffi -L/home/user/hyperscale/buildroot/output/host/csky-buildroot-linux-uclibcabiv1/sysroot/usr/lib -lgmodule-2.0 -pthread -L/home/user/hyperscale/buildroot/output/host/csky-buildroot-linux-uclibcabiv1/sysroot/usr/lib -pthread -liconv -L/home/user/hyperscale/buildroot/output/host/csky-buildroot-linux-uclibcabiv1/sysroot/usr/lib -lpcre -lgstsdp-1.0 -pthread -liconv -L/home/user/hyperscale/buildroot/output/host/csky-buildroot-linux-uclibcabiv1/sysroot/usr/lib -lpcre -pthread -liconv -L/home/user/hyperscale/buildroot/output/host/csky-buildroot-linux-uclibcabiv1/sysroot/usr/lib -lpcre -pthread -lglib-2.0 -pthread -liconv -L/home/user/hyperscale/buildroot/output/host/csky-buildroot-linux-uclibcabiv1/sysroot/usr/lib -lpcre -L/home/user/hyperscale/buildroot/output/host/csky-buildroot-linux-uclibcabiv1/sysroot/usr/lib -lffi -L/home/user/hyperscale/buildroot/output/host/csky-buildroot-linux-uclibcabiv1/sysroot/usr/lib -lgmodule-2.0 -pthread -L/home/user/hyperscale/buildroot/output/host/csky-buildroot-linux-uclibcabiv1/sysroot/usr/lib -pthread -liconv -L/home/user/hyperscale/buildroot/output/host/csky-buildroot-linux-uclibcabiv1/sysroot/usr/lib -lpcre -lgstrtp-1.0 -pthread -liconv -L/home/user/hyperscale/buildroot/output/host/csky-buildroot-linux-uclibcabiv1/sysroot/usr/lib -lpcre -pthread -lglib-2.0 -pthread -liconv -L/home/user/hyperscale/buildroot/output/host/csky-buildroot-linux-uclibcabiv1/sysroot/usr/lib -lpcre -L/home/user/hyperscale/buildroot/output/host/csky-buildroot-linux-uclibcabiv1/sysroot/usr/lib -lffi -L/home/user/hyperscale/buildroot/output/host/csky-buildroot-linux-uclibcabiv1/sysroot/usr/lib -lgmodule-2.0 -pthread -L/home/user/hyperscale/buildroot/output/host/csky-buildroot-linux-uclibcabiv1/sysroot/usr/lib -pthread -liconv -L/home/user/hyperscale/buildroot/output/host/csky-buildroot-linux-uclibcabiv1/sysroot/usr/lib -lpcre -lgstbase-1.0 -lgstreamer-1.0 -pthread -liconv -L/home/user/hyperscale/buildroot/output/host/csky-buildroot-linux-uclibcabiv1/sysroot/usr/lib -lpcre -pthread -lglib-2.0 -pthread -liconv -L/home/user/hyperscale/buildroot/output/host/csky-buildroot-linux-uclibcabiv1/sysroot/usr/lib -lpcre -L/home/user/hyperscale/buildroot/output/host/csky-buildroot-linux-uclibcabiv1/sysroot/usr/lib -lffi -L/home/user/hyperscale/buildroot/output/host/csky-buildroot-linux-uclibcabiv1/sysroot/usr/lib -pthread -L/home/user/hyperscale/buildroot/output/host/csky-buildroot-linux-uclibcabiv1/sysroot/usr/lib -lglib-2.0 -pthread -liconv -L/home/user/hyperscale/buildroot/output/host/csky-buildroot-linux-uclibcabiv1/sysroot/usr/lib -lpcre -L/home/user/hyperscale/buildroot/output/host/csky-buildroot-linux-uclibcabiv1/sysroot/usr/lib -pthread -L/home/user/hyperscale/buildroot/output/host/csky-buildroot-linux-uclibcabiv1/sysroot/usr/lib -pthread -liconv -L/home/user/hyperscale/buildroot/output/host/csky-buildroot-linux-uclibcabiv1/sysroot/usr/lib -lpcre -pthread -lglib-2.0 -liconv -L/home/user/hyperscale/buildroot/output/host/csky-buildroot-linux-uclibcabiv1/sysroot/usr/lib -lpcre -L/home/user/hyperscale/buildroot/output/host/csky-buildroot-linux-uclibcabiv1/sysroot/usr/lib -lffi -pthread -lglib-2.0 -pthread -liconv -L/home/user/hyperscale/buildroot/output/host/csky-buildroot-linux-uclibcabiv1/sysroot/usr/lib -lpcre -L/home/user/hyperscale/buildroot/output/host/csky-buildroot-linux-uclibcabiv1/sysroot/usr/lib -L/home/user/hyperscale/buildroot/output/host/csky-buildroot-linux-uclibcabiv1/sysroot/usr/lib -lz -lgio-2.0 -pthread -lglib-2.0 -pthread -liconv -L/home/user/hyperscale/buildroot/output/host/csky-buildroot-linux-uclibcabiv1/sysroot/usr/lib -lpcre -lgobject-2.0 -pthread -lglib-2.0 -liconv -L/home/user/hyperscale/buildroot/output/host/csky-buildroot-linux-uclibcabiv1/sysroot/usr/lib -lpcre -L/home/user/hyperscale/buildroot/output/host/csky-buildroot-linux-uclibcabiv1/sysroot/usr/lib -lffi -lgmodule-2.0 -pthread -lglib-2.0 -pthread -liconv -L/home/user/hyperscale/buildroot/output/host/csky-buildroot-linux-uclibcabiv1/sysroot/usr/lib -lpcre -L/home/user/hyperscale/buildroot/output/host/csky-buildroot-linux-uclibcabiv1/sysroot/usr/lib -L/home/user/hyperscale/buildroot/output/host/csky-buildroot-linux-uclibcabiv1/sysroot/usr/lib -lz
PKG_CONFIG_PATH: 
PKG_CONFIG_LIBDIR: /home/user/hyperscale/buildroot/output/host/csky-buildroot-linux-uclibcabiv1/sysroot/usr/lib/pkgconfig:/home/user/hyperscale/buildroot/output/host/csky-buildroot-linux-uclibcabiv1/sysroot/usr/share/pkgconfig
Called `/home/user/hyperscale/buildroot/output/host/bin/pkgconf gstreamer-rtsp-1.0 --libs --static` -> 0
-L/home/user/hyperscale/buildroot/output/host/csky-buildroot-linux-uclibcabiv1/sysroot/usr/lib -lgstrtsp-1.0 -pthread -liconv -L/home/user/hyperscale/buildroot/output/host/csky-buildroot-linux-uclibcabiv1/sysroot/usr/lib -lpcre -pthread -lglib-2.0 -pthread -liconv -L/home/user/hyperscale/buildroot/output/host/csky-buildroot-linux-uclibcabiv1/sysroot/usr/lib -lpcre -L/home/user/hyperscale/buildroot/output/host/csky-buildroot-linux-uclibcabiv1/sysroot/usr/lib -lffi -L/home/user/hyperscale/buildroot/output/host/csky-buildroot-linux-uclibcabiv1/sysroot/usr/lib -lgmodule-2.0 -pthread -L/home/user/hyperscale/buildroot/output/host/csky-buildroot-linux-uclibcabiv1/sysroot/usr/lib -pthread -liconv -L/home/user/hyperscale/buildroot/output/host/csky-buildroot-linux-uclibcabiv1/sysroot/usr/lib -lpcre -lgstsdp-1.0 -pthread -liconv -L/home/user/hyperscale/buildroot/output/host/csky-buildroot-linux-uclibcabiv1/sysroot/usr/lib -lpcre -pthread -liconv -L/home/user/hyperscale/buildroot/output/host/csky-buildroot-linux-uclibcabiv1/sysroot/usr/lib -lpcre -pthread -lglib-2.0 -pthread -liconv -L/home/user/hyperscale/buildroot/output/host/csky-buildroot-linux-uclibcabiv1/sysroot/usr/lib -lpcre -L/home/user/hyperscale/buildroot/output/host/csky-buildroot-linux-uclibcabiv1/sysroot/usr/lib -lffi -L/home/user/hyperscale/buildroot/output/host/csky-buildroot-linux-uclibcabiv1/sysroot/usr/lib -lgmodule-2.0 -pthread -L/home/user/hyperscale/buildroot/output/host/csky-buildroot-linux-uclibcabiv1/sysroot/usr/lib -pthread -liconv -L/home/user/hyperscale/buildroot/output/host/csky-buildroot-linux-uclibcabiv1/sysroot/usr/lib -lpcre -lgstrtp-1.0 -pthread -liconv -L/home/user/hyperscale/buildroot/output/host/csky-buildroot-linux-uclibcabiv1/sysroot/usr/lib -lpcre -pthread -lglib-2.0 -pthread -liconv -L/home/user/hyperscale/buildroot/output/host/csky-buildroot-linux-uclibcabiv1/sysroot/usr/lib -lpcre -L/home/user/hyperscale/buildroot/output/host/csky-buildroot-linux-uclibcabiv1/sysroot/usr/lib -lffi -L/home/user/hyperscale/buildroot/output/host/csky-buildroot-linux-uclibcabiv1/sysroot/usr/lib -lgmodule-2.0 -pthread -L/home/user/hyperscale/buildroot/output/host/csky-buildroot-linux-uclibcabiv1/sysroot/usr/lib -pthread -liconv -L/home/user/hyperscale/buildroot/output/host/csky-buildroot-linux-uclibcabiv1/sysroot/usr/lib -lpcre -lgstbase-1.0 -lgstreamer-1.0 -pthread -liconv -L/home/user/hyperscale/buildroot/output/host/csky-buildroot-linux-uclibcabiv1/sysroot/usr/lib -lpcre -pthread -lglib-2.0 -pthread -liconv -L/home/user/hyperscale/buildroot/output/host/csky-buildroot-linux-uclibcabiv1/sysroot/usr/lib -lpcre -L/home/user/hyperscale/buildroot/output/host/csky-buildroot-linux-uclibcabiv1/sysroot/usr/lib -lffi -L/home/user/hyperscale/buildroot/output/host/csky-buildroot-linux-uclibcabiv1/sysroot/usr/lib -pthread -L/home/user/hyperscale/buildroot/output/host/csky-buildroot-linux-uclibcabiv1/sysroot/usr/lib -lglib-2.0 -pthread -liconv -L/home/user/hyperscale/buildroot/output/host/csky-buildroot-linux-uclibcabiv1/sysroot/usr/lib -lpcre -L/home/user/hyperscale/buildroot/output/host/csky-buildroot-linux-uclibcabiv1/sysroot/usr/lib -pthread -L/home/user/hyperscale/buildroot/output/host/csky-buildroot-linux-uclibcabiv1/sysroot/usr/lib -pthread -liconv -L/home/user/hyperscale/buildroot/output/host/csky-buildroot-linux-uclibcabiv1/sysroot/usr/lib -lpcre -pthread -lglib-2.0 -liconv -L/home/user/hyperscale/buildroot/output/host/csky-buildroot-linux-uclibcabiv1/sysroot/usr/lib -lpcre -L/home/user/hyperscale/buildroot/output/host/csky-buildroot-linux-uclibcabiv1/sysroot/usr/lib -lffi -pthread -lglib-2.0 -pthread -liconv -L/home/user/hyperscale/buildroot/output/host/csky-buildroot-linux-uclibcabiv1/sysroot/usr/lib -lpcre -L/home/user/hyperscale/buildroot/output/host/csky-buildroot-linux-uclibcabiv1/sysroot/usr/lib -L/home/user/hyperscale/buildroot/output/host/csky-buildroot-linux-uclibcabiv1/sysroot/usr/lib -lz -lgio-2.0 -pthread -lglib-2.0 -pthread -liconv -L/home/user/hyperscale/buildroot/output/host/csky-buildroot-linux-uclibcabiv1/sysroot/usr/lib -lpcre -lgobject-2.0 -pthread -lglib-2.0 -liconv -L/home/user/hyperscale/buildroot/output/host/csky-buildroot-linux-uclibcabiv1/sysroot/usr/lib -lpcre -L/home/user/hyperscale/buildroot/output/host/csky-buildroot-linux-uclibcabiv1/sysroot/usr/lib -lffi -lgmodule-2.0 -pthread -lglib-2.0 -pthread -liconv -L/home/user/hyperscale/buildroot/output/host/csky-buildroot-linux-uclibcabiv1/sysroot/usr/lib -lpcre -L/home/user/hyperscale/buildroot/output/host/csky-buildroot-linux-uclibcabiv1/sysroot/usr/lib -L/home/user/hyperscale/buildroot/output/host/csky-buildroot-linux-uclibcabiv1/sysroot/usr/lib -lz
None of 'PKG_CONFIG_PATH' are defined in the environment, not changing global flags.
Run-time dependency gstreamer-rtsp-1.0 found: YES 1.18.1
Pkg-config binary for MachineChoice.HOST is cached.
Determining dependency 'gstreamer-sdp-1.0' with pkg-config executable '/home/user/hyperscale/buildroot/output/host/bin/pkgconf'
PKG_CONFIG_PATH: 
PKG_CONFIG_LIBDIR: /home/user/hyperscale/buildroot/output/host/csky-buildroot-linux-uclibcabiv1/sysroot/usr/lib/pkgconfig:/home/user/hyperscale/buildroot/output/host/csky-buildroot-linux-uclibcabiv1/sysroot/usr/share/pkgconfig
Called `/home/user/hyperscale/buildroot/output/host/bin/pkgconf --modversion gstreamer-sdp-1.0` -> 0
1.18.1
PKG_CONFIG_PATH: 
PKG_CONFIG_LIBDIR: /home/user/hyperscale/buildroot/output/host/csky-buildroot-linux-uclibcabiv1/sysroot/usr/lib/pkgconfig:/home/user/hyperscale/buildroot/output/host/csky-buildroot-linux-uclibcabiv1/sysroot/usr/share/pkgconfig
Called `/home/user/hyperscale/buildroot/output/host/bin/pkgconf --cflags gstreamer-sdp-1.0` -> 0
-I/home/user/hyperscale/buildroot/output/host/csky-buildroot-linux-uclibcabiv1/sysroot/usr/include/gstreamer-1.0 -I/home/user/hyperscale/buildroot/output/host/csky-buildroot-linux-uclibcabiv1/sysroot/usr/include/glib-2.0 -I/home/user/hyperscale/buildroot/output/host/csky-buildroot-linux-uclibcabiv1/sysroot/usr/lib/glib-2.0/include -I/home/user/hyperscale/buildroot/output/host/csky-buildroot-linux-uclibcabiv1/sysroot/usr/include -DPCRE_STATIC -DPCRE_STATIC -DPCRE_STATIC -pthread -DPCRE_STATIC
PKG_CONFIG_PATH: 
PKG_CONFIG_LIBDIR: /home/user/hyperscale/buildroot/output/host/csky-buildroot-linux-uclibcabiv1/sysroot/usr/lib/pkgconfig:/home/user/hyperscale/buildroot/output/host/csky-buildroot-linux-uclibcabiv1/sysroot/usr/share/pkgconfig
Called `/home/user/hyperscale/buildroot/output/host/bin/pkgconf gstreamer-sdp-1.0 --libs --static` -> 0
-L/home/user/hyperscale/buildroot/output/host/csky-buildroot-linux-uclibcabiv1/sysroot/usr/lib -lgstsdp-1.0 -pthread -liconv -L/home/user/hyperscale/buildroot/output/host/csky-buildroot-linux-uclibcabiv1/sysroot/usr/lib -lpcre -pthread -liconv -L/home/user/hyperscale/buildroot/output/host/csky-buildroot-linux-uclibcabiv1/sysroot/usr/lib -lpcre -pthread -lglib-2.0 -pthread -liconv -L/home/user/hyperscale/buildroot/output/host/csky-buildroot-linux-uclibcabiv1/sysroot/usr/lib -lpcre -L/home/user/hyperscale/buildroot/output/host/csky-buildroot-linux-uclibcabiv1/sysroot/usr/lib -lffi -L/home/user/hyperscale/buildroot/output/host/csky-buildroot-linux-uclibcabiv1/sysroot/usr/lib -lgmodule-2.0 -pthread -L/home/user/hyperscale/buildroot/output/host/csky-buildroot-linux-uclibcabiv1/sysroot/usr/lib -pthread -liconv -L/home/user/hyperscale/buildroot/output/host/csky-buildroot-linux-uclibcabiv1/sysroot/usr/lib -lpcre -lgstrtp-1.0 -pthread -liconv -L/home/user/hyperscale/buildroot/output/host/csky-buildroot-linux-uclibcabiv1/sysroot/usr/lib -lpcre -pthread -lglib-2.0 -pthread -liconv -L/home/user/hyperscale/buildroot/output/host/csky-buildroot-linux-uclibcabiv1/sysroot/usr/lib -lpcre -L/home/user/hyperscale/buildroot/output/host/csky-buildroot-linux-uclibcabiv1/sysroot/usr/lib -lffi -L/home/user/hyperscale/buildroot/output/host/csky-buildroot-linux-uclibcabiv1/sysroot/usr/lib -lgmodule-2.0 -pthread -L/home/user/hyperscale/buildroot/output/host/csky-buildroot-linux-uclibcabiv1/sysroot/usr/lib -pthread -liconv -L/home/user/hyperscale/buildroot/output/host/csky-buildroot-linux-uclibcabiv1/sysroot/usr/lib -lpcre -lgstbase-1.0 -lgstreamer-1.0 -pthread -liconv -L/home/user/hyperscale/buildroot/output/host/csky-buildroot-linux-uclibcabiv1/sysroot/usr/lib -lpcre -pthread -lglib-2.0 -pthread -liconv -L/home/user/hyperscale/buildroot/output/host/csky-buildroot-linux-uclibcabiv1/sysroot/usr/lib -lpcre -L/home/user/hyperscale/buildroot/output/host/csky-buildroot-linux-uclibcabiv1/sysroot/usr/lib -lffi -L/home/user/hyperscale/buildroot/output/host/csky-buildroot-linux-uclibcabiv1/sysroot/usr/lib -pthread -L/home/user/hyperscale/buildroot/output/host/csky-buildroot-linux-uclibcabiv1/sysroot/usr/lib -lglib-2.0 -pthread -liconv -L/home/user/hyperscale/buildroot/output/host/csky-buildroot-linux-uclibcabiv1/sysroot/usr/lib -lpcre -L/home/user/hyperscale/buildroot/output/host/csky-buildroot-linux-uclibcabiv1/sysroot/usr/lib -lgio-2.0 -pthread -L/home/user/hyperscale/buildroot/output/host/csky-buildroot-linux-uclibcabiv1/sysroot/usr/lib -pthread -liconv -L/home/user/hyperscale/buildroot/output/host/csky-buildroot-linux-uclibcabiv1/sysroot/usr/lib -lpcre -lgobject-2.0 -pthread -lglib-2.0 -liconv -L/home/user/hyperscale/buildroot/output/host/csky-buildroot-linux-uclibcabiv1/sysroot/usr/lib -lpcre -L/home/user/hyperscale/buildroot/output/host/csky-buildroot-linux-uclibcabiv1/sysroot/usr/lib -lffi -lgmodule-2.0 -pthread -lglib-2.0 -pthread -liconv -L/home/user/hyperscale/buildroot/output/host/csky-buildroot-linux-uclibcabiv1/sysroot/usr/lib -lpcre -L/home/user/hyperscale/buildroot/output/host/csky-buildroot-linux-uclibcabiv1/sysroot/usr/lib -L/home/user/hyperscale/buildroot/output/host/csky-buildroot-linux-uclibcabiv1/sysroot/usr/lib -lz
PKG_CONFIG_PATH: 
PKG_CONFIG_LIBDIR: /home/user/hyperscale/buildroot/output/host/csky-buildroot-linux-uclibcabiv1/sysroot/usr/lib/pkgconfig:/home/user/hyperscale/buildroot/output/host/csky-buildroot-linux-uclibcabiv1/sysroot/usr/share/pkgconfig
Called `/home/user/hyperscale/buildroot/output/host/bin/pkgconf gstreamer-sdp-1.0 --libs --static` -> 0
-L/home/user/hyperscale/buildroot/output/host/csky-buildroot-linux-uclibcabiv1/sysroot/usr/lib -lgstsdp-1.0 -pthread -liconv -L/home/user/hyperscale/buildroot/output/host/csky-buildroot-linux-uclibcabiv1/sysroot/usr/lib -lpcre -pthread -liconv -L/home/user/hyperscale/buildroot/output/host/csky-buildroot-linux-uclibcabiv1/sysroot/usr/lib -lpcre -pthread -lglib-2.0 -pthread -liconv -L/home/user/hyperscale/buildroot/output/host/csky-buildroot-linux-uclibcabiv1/sysroot/usr/lib -lpcre -L/home/user/hyperscale/buildroot/output/host/csky-buildroot-linux-uclibcabiv1/sysroot/usr/lib -lffi -L/home/user/hyperscale/buildroot/output/host/csky-buildroot-linux-uclibcabiv1/sysroot/usr/lib -lgmodule-2.0 -pthread -L/home/user/hyperscale/buildroot/output/host/csky-buildroot-linux-uclibcabiv1/sysroot/usr/lib -pthread -liconv -L/home/user/hyperscale/buildroot/output/host/csky-buildroot-linux-uclibcabiv1/sysroot/usr/lib -lpcre -lgstrtp-1.0 -pthread -liconv -L/home/user/hyperscale/buildroot/output/host/csky-buildroot-linux-uclibcabiv1/sysroot/usr/lib -lpcre -pthread -lglib-2.0 -pthread -liconv -L/home/user/hyperscale/buildroot/output/host/csky-buildroot-linux-uclibcabiv1/sysroot/usr/lib -lpcre -L/home/user/hyperscale/buildroot/output/host/csky-buildroot-linux-uclibcabiv1/sysroot/usr/lib -lffi -L/home/user/hyperscale/buildroot/output/host/csky-buildroot-linux-uclibcabiv1/sysroot/usr/lib -lgmodule-2.0 -pthread -L/home/user/hyperscale/buildroot/output/host/csky-buildroot-linux-uclibcabiv1/sysroot/usr/lib -pthread -liconv -L/home/user/hyperscale/buildroot/output/host/csky-buildroot-linux-uclibcabiv1/sysroot/usr/lib -lpcre -lgstbase-1.0 -lgstreamer-1.0 -pthread -liconv -L/home/user/hyperscale/buildroot/output/host/csky-buildroot-linux-uclibcabiv1/sysroot/usr/lib -lpcre -pthread -lglib-2.0 -pthread -liconv -L/home/user/hyperscale/buildroot/output/host/csky-buildroot-linux-uclibcabiv1/sysroot/usr/lib -lpcre -L/home/user/hyperscale/buildroot/output/host/csky-buildroot-linux-uclibcabiv1/sysroot/usr/lib -lffi -L/home/user/hyperscale/buildroot/output/host/csky-buildroot-linux-uclibcabiv1/sysroot/usr/lib -pthread -L/home/user/hyperscale/buildroot/output/host/csky-buildroot-linux-uclibcabiv1/sysroot/usr/lib -lglib-2.0 -pthread -liconv -L/home/user/hyperscale/buildroot/output/host/csky-buildroot-linux-uclibcabiv1/sysroot/usr/lib -lpcre -L/home/user/hyperscale/buildroot/output/host/csky-buildroot-linux-uclibcabiv1/sysroot/usr/lib -lgio-2.0 -pthread -L/home/user/hyperscale/buildroot/output/host/csky-buildroot-linux-uclibcabiv1/sysroot/usr/lib -pthread -liconv -L/home/user/hyperscale/buildroot/output/host/csky-buildroot-linux-uclibcabiv1/sysroot/usr/lib -lpcre -lgobject-2.0 -pthread -lglib-2.0 -liconv -L/home/user/hyperscale/buildroot/output/host/csky-buildroot-linux-uclibcabiv1/sysroot/usr/lib -lpcre -L/home/user/hyperscale/buildroot/output/host/csky-buildroot-linux-uclibcabiv1/sysroot/usr/lib -lffi -lgmodule-2.0 -pthread -lglib-2.0 -pthread -liconv -L/home/user/hyperscale/buildroot/output/host/csky-buildroot-linux-uclibcabiv1/sysroot/usr/lib -lpcre -L/home/user/hyperscale/buildroot/output/host/csky-buildroot-linux-uclibcabiv1/sysroot/usr/lib -L/home/user/hyperscale/buildroot/output/host/csky-buildroot-linux-uclibcabiv1/sysroot/usr/lib -lz
None of 'PKG_CONFIG_PATH' are defined in the environment, not changing global flags.
Run-time dependency gstreamer-sdp-1.0 found: YES 1.18.1
Pkg-config binary for MachineChoice.HOST is cached.
Determining dependency 'gstreamer-tag-1.0' with pkg-config executable '/home/user/hyperscale/buildroot/output/host/bin/pkgconf'
PKG_CONFIG_PATH: 
PKG_CONFIG_LIBDIR: /home/user/hyperscale/buildroot/output/host/csky-buildroot-linux-uclibcabiv1/sysroot/usr/lib/pkgconfig:/home/user/hyperscale/buildroot/output/host/csky-buildroot-linux-uclibcabiv1/sysroot/usr/share/pkgconfig
Called `/home/user/hyperscale/buildroot/output/host/bin/pkgconf --modversion gstreamer-tag-1.0` -> 0
1.18.1
PKG_CONFIG_PATH: 
PKG_CONFIG_LIBDIR: /home/user/hyperscale/buildroot/output/host/csky-buildroot-linux-uclibcabiv1/sysroot/usr/lib/pkgconfig:/home/user/hyperscale/buildroot/output/host/csky-buildroot-linux-uclibcabiv1/sysroot/usr/share/pkgconfig
Called `/home/user/hyperscale/buildroot/output/host/bin/pkgconf --cflags gstreamer-tag-1.0` -> 0
-I/home/user/hyperscale/buildroot/output/host/csky-buildroot-linux-uclibcabiv1/sysroot/usr/include/gstreamer-1.0 -I/home/user/hyperscale/buildroot/output/host/csky-buildroot-linux-uclibcabiv1/sysroot/usr/include/glib-2.0 -I/home/user/hyperscale/buildroot/output/host/csky-buildroot-linux-uclibcabiv1/sysroot/usr/lib/glib-2.0/include -I/home/user/hyperscale/buildroot/output/host/csky-buildroot-linux-uclibcabiv1/sysroot/usr/include -pthread -DPCRE_STATIC
PKG_CONFIG_PATH: 
PKG_CONFIG_LIBDIR: /home/user/hyperscale/buildroot/output/host/csky-buildroot-linux-uclibcabiv1/sysroot/usr/lib/pkgconfig:/home/user/hyperscale/buildroot/output/host/csky-buildroot-linux-uclibcabiv1/sysroot/usr/share/pkgconfig
Called `/home/user/hyperscale/buildroot/output/host/bin/pkgconf gstreamer-tag-1.0 --libs --static` -> 0
-L/home/user/hyperscale/buildroot/output/host/csky-buildroot-linux-uclibcabiv1/sysroot/usr/lib -lgsttag-1.0 -lz -lgstreamer-1.0 -pthread -liconv -L/home/user/hyperscale/buildroot/output/host/csky-buildroot-linux-uclibcabiv1/sysroot/usr/lib -lpcre -lgobject-2.0 -pthread -lglib-2.0 -pthread -liconv -L/home/user/hyperscale/buildroot/output/host/csky-buildroot-linux-uclibcabiv1/sysroot/usr/lib -lpcre -L/home/user/hyperscale/buildroot/output/host/csky-buildroot-linux-uclibcabiv1/sysroot/usr/lib -lffi -L/home/user/hyperscale/buildroot/output/host/csky-buildroot-linux-uclibcabiv1/sysroot/usr/lib -lgmodule-2.0 -pthread -L/home/user/hyperscale/buildroot/output/host/csky-buildroot-linux-uclibcabiv1/sysroot/usr/lib -lglib-2.0 -pthread -liconv -L/home/user/hyperscale/buildroot/output/host/csky-buildroot-linux-uclibcabiv1/sysroot/usr/lib -lpcre
PKG_CONFIG_PATH: 
PKG_CONFIG_LIBDIR: /home/user/hyperscale/buildroot/output/host/csky-buildroot-linux-uclibcabiv1/sysroot/usr/lib/pkgconfig:/home/user/hyperscale/buildroot/output/host/csky-buildroot-linux-uclibcabiv1/sysroot/usr/share/pkgconfig
Called `/home/user/hyperscale/buildroot/output/host/bin/pkgconf gstreamer-tag-1.0 --libs --static` -> 0
-L/home/user/hyperscale/buildroot/output/host/csky-buildroot-linux-uclibcabiv1/sysroot/usr/lib -lgsttag-1.0 -lz -lgstreamer-1.0 -pthread -liconv -L/home/user/hyperscale/buildroot/output/host/csky-buildroot-linux-uclibcabiv1/sysroot/usr/lib -lpcre -lgobject-2.0 -pthread -lglib-2.0 -pthread -liconv -L/home/user/hyperscale/buildroot/output/host/csky-buildroot-linux-uclibcabiv1/sysroot/usr/lib -lpcre -L/home/user/hyperscale/buildroot/output/host/csky-buildroot-linux-uclibcabiv1/sysroot/usr/lib -lffi -L/home/user/hyperscale/buildroot/output/host/csky-buildroot-linux-uclibcabiv1/sysroot/usr/lib -lgmodule-2.0 -pthread -L/home/user/hyperscale/buildroot/output/host/csky-buildroot-linux-uclibcabiv1/sysroot/usr/lib -lglib-2.0 -pthread -liconv -L/home/user/hyperscale/buildroot/output/host/csky-buildroot-linux-uclibcabiv1/sysroot/usr/lib -lpcre
None of 'PKG_CONFIG_PATH' are defined in the environment, not changing global flags.
Run-time dependency gstreamer-tag-1.0 found: YES 1.18.1
Pkg-config binary for MachineChoice.HOST is cached.
Determining dependency 'gstreamer-video-1.0' with pkg-config executable '/home/user/hyperscale/buildroot/output/host/bin/pkgconf'
PKG_CONFIG_PATH: 
PKG_CONFIG_LIBDIR: /home/user/hyperscale/buildroot/output/host/csky-buildroot-linux-uclibcabiv1/sysroot/usr/lib/pkgconfig:/home/user/hyperscale/buildroot/output/host/csky-buildroot-linux-uclibcabiv1/sysroot/usr/share/pkgconfig
Called `/home/user/hyperscale/buildroot/output/host/bin/pkgconf --modversion gstreamer-video-1.0` -> 0
1.18.1
PKG_CONFIG_PATH: 
PKG_CONFIG_LIBDIR: /home/user/hyperscale/buildroot/output/host/csky-buildroot-linux-uclibcabiv1/sysroot/usr/lib/pkgconfig:/home/user/hyperscale/buildroot/output/host/csky-buildroot-linux-uclibcabiv1/sysroot/usr/share/pkgconfig
Called `/home/user/hyperscale/buildroot/output/host/bin/pkgconf --cflags gstreamer-video-1.0` -> 0
-I/home/user/hyperscale/buildroot/output/host/csky-buildroot-linux-uclibcabiv1/sysroot/usr/include/gstreamer-1.0 -I/home/user/hyperscale/buildroot/output/host/csky-buildroot-linux-uclibcabiv1/sysroot/usr/include/glib-2.0 -I/home/user/hyperscale/buildroot/output/host/csky-buildroot-linux-uclibcabiv1/sysroot/usr/lib/glib-2.0/include -I/home/user/hyperscale/buildroot/output/host/csky-buildroot-linux-uclibcabiv1/sysroot/usr/include -DPCRE_STATIC -pthread -DPCRE_STATIC
PKG_CONFIG_PATH: 
PKG_CONFIG_LIBDIR: /home/user/hyperscale/buildroot/output/host/csky-buildroot-linux-uclibcabiv1/sysroot/usr/lib/pkgconfig:/home/user/hyperscale/buildroot/output/host/csky-buildroot-linux-uclibcabiv1/sysroot/usr/share/pkgconfig
Called `/home/user/hyperscale/buildroot/output/host/bin/pkgconf gstreamer-video-1.0 --libs --static` -> 0
-L/home/user/hyperscale/buildroot/output/host/csky-buildroot-linux-uclibcabiv1/sysroot/usr/lib -lgstvideo-1.0 -pthread -liconv -L/home/user/hyperscale/buildroot/output/host/csky-buildroot-linux-uclibcabiv1/sysroot/usr/lib -lpcre -pthread -lglib-2.0 -pthread -liconv -L/home/user/hyperscale/buildroot/output/host/csky-buildroot-linux-uclibcabiv1/sysroot/usr/lib -lpcre -L/home/user/hyperscale/buildroot/output/host/csky-buildroot-linux-uclibcabiv1/sysroot/usr/lib -lffi -L/home/user/hyperscale/buildroot/output/host/csky-buildroot-linux-uclibcabiv1/sysroot/usr/lib -lgmodule-2.0 -pthread -L/home/user/hyperscale/buildroot/output/host/csky-buildroot-linux-uclibcabiv1/sysroot/usr/lib -pthread -liconv -L/home/user/hyperscale/buildroot/output/host/csky-buildroot-linux-uclibcabiv1/sysroot/usr/lib -lpcre -lgstbase-1.0 -lgstreamer-1.0 -pthread -liconv -L/home/user/hyperscale/buildroot/output/host/csky-buildroot-linux-uclibcabiv1/sysroot/usr/lib -lpcre -lgobject-2.0 -pthread -lglib-2.0 -pthread -liconv -L/home/user/hyperscale/buildroot/output/host/csky-buildroot-linux-uclibcabiv1/sysroot/usr/lib -lpcre -L/home/user/hyperscale/buildroot/output/host/csky-buildroot-linux-uclibcabiv1/sysroot/usr/lib -lffi -L/home/user/hyperscale/buildroot/output/host/csky-buildroot-linux-uclibcabiv1/sysroot/usr/lib -lgmodule-2.0 -pthread -L/home/user/hyperscale/buildroot/output/host/csky-buildroot-linux-uclibcabiv1/sysroot/usr/lib -lglib-2.0 -pthread -liconv -L/home/user/hyperscale/buildroot/output/host/csky-buildroot-linux-uclibcabiv1/sysroot/usr/lib -lpcre
PKG_CONFIG_PATH: 
PKG_CONFIG_LIBDIR: /home/user/hyperscale/buildroot/output/host/csky-buildroot-linux-uclibcabiv1/sysroot/usr/lib/pkgconfig:/home/user/hyperscale/buildroot/output/host/csky-buildroot-linux-uclibcabiv1/sysroot/usr/share/pkgconfig
Called `/home/user/hyperscale/buildroot/output/host/bin/pkgconf gstreamer-video-1.0 --libs --static` -> 0
-L/home/user/hyperscale/buildroot/output/host/csky-buildroot-linux-uclibcabiv1/sysroot/usr/lib -lgstvideo-1.0 -pthread -liconv -L/home/user/hyperscale/buildroot/output/host/csky-buildroot-linux-uclibcabiv1/sysroot/usr/lib -lpcre -pthread -lglib-2.0 -pthread -liconv -L/home/user/hyperscale/buildroot/output/host/csky-buildroot-linux-uclibcabiv1/sysroot/usr/lib -lpcre -L/home/user/hyperscale/buildroot/output/host/csky-buildroot-linux-uclibcabiv1/sysroot/usr/lib -lffi -L/home/user/hyperscale/buildroot/output/host/csky-buildroot-linux-uclibcabiv1/sysroot/usr/lib -lgmodule-2.0 -pthread -L/home/user/hyperscale/buildroot/output/host/csky-buildroot-linux-uclibcabiv1/sysroot/usr/lib -pthread -liconv -L/home/user/hyperscale/buildroot/output/host/csky-buildroot-linux-uclibcabiv1/sysroot/usr/lib -lpcre -lgstbase-1.0 -lgstreamer-1.0 -pthread -liconv -L/home/user/hyperscale/buildroot/output/host/csky-buildroot-linux-uclibcabiv1/sysroot/usr/lib -lpcre -lgobject-2.0 -pthread -lglib-2.0 -pthread -liconv -L/home/user/hyperscale/buildroot/output/host/csky-buildroot-linux-uclibcabiv1/sysroot/usr/lib -lpcre -L/home/user/hyperscale/buildroot/output/host/csky-buildroot-linux-uclibcabiv1/sysroot/usr/lib -lffi -L/home/user/hyperscale/buildroot/output/host/csky-buildroot-linux-uclibcabiv1/sysroot/usr/lib -lgmodule-2.0 -pthread -L/home/user/hyperscale/buildroot/output/host/csky-buildroot-linux-uclibcabiv1/sysroot/usr/lib -lglib-2.0 -pthread -liconv -L/home/user/hyperscale/buildroot/output/host/csky-buildroot-linux-uclibcabiv1/sysroot/usr/lib -lpcre
None of 'PKG_CONFIG_PATH' are defined in the environment, not changing global flags.
Run-time dependency gstreamer-video-1.0 found: YES 1.18.1
Pkg-config binary for MachineChoice.HOST is cached.
Determining dependency 'gstreamer-gl-1.0' with pkg-config executable '/home/user/hyperscale/buildroot/output/host/bin/pkgconf'
PKG_CONFIG_PATH: 
PKG_CONFIG_LIBDIR: /home/user/hyperscale/buildroot/output/host/csky-buildroot-linux-uclibcabiv1/sysroot/usr/lib/pkgconfig:/home/user/hyperscale/buildroot/output/host/csky-buildroot-linux-uclibcabiv1/sysroot/usr/share/pkgconfig
Called `/home/user/hyperscale/buildroot/output/host/bin/pkgconf --modversion gstreamer-gl-1.0` -> 1

CMake binary for MachineChoice.BUILD is not cached
None of 'CMAKE_FOR_BUILD' are defined in the environment, not changing global flags.
CMake binary missing from cross or native file, or env var undefined.
Trying a default CMake fallback at cmake
Found CMake: /usr/bin/cmake (3.16.3)
None of 'CMAKE_PREFIX_PATH_FOR_BUILD' are defined in the environment, not changing global flags.
Extracting basic cmake information
Try CMake generator: auto
Calling CMake (['/usr/bin/cmake']) in /home/user/hyperscale/buildroot/output/build/gst1-plugins-good-1.18.1/build/meson-private/cmake_gstreamer-gl-1.0 with:
  - "--trace"
  - "--trace-expand"
  - "--no-warn-unused-cli"
  - "--trace-redirect=cmake_trace.txt"
  - "-DCMAKE_TOOLCHAIN_FILE=/home/user/hyperscale/buildroot/output/build/gst1-plugins-good-1.18.1/build/meson-private/cmake_gstreamer-gl-1.0/CMakeMesonToolchainFile.cmake"
  - "."
  -- Module search paths:    ['/', '/home/user/hyperscale/buildroot/output/host/csky-buildroot-linux-uclibcabiv1/sysroot', '/home/user/hyperscale/buildroot/output/host/csky-buildroot-linux-uclibcabiv1/sysroot/opt', '/home/user/hyperscale/buildroot/output/host/csky-buildroot-linux-uclibcabiv1/sysroot/usr', '/opt', '/usr', '/usr/local']
  -- CMake root:             /usr/share/cmake-3.16
  -- CMake architectures:    ['i386-linux-gnu', 'x86_64-linux-gnu']
  -- CMake lib search paths: ['lib', 'lib32', 'lib64', 'libx32', 'share', 'lib/i386-linux-gnu', 'lib/x86_64-linux-gnu']
Preliminary CMake check failed. Aborting.
Run-time dependency gstreamer-gl-1.0 found: NO (tried pkgconfig and cmake)
Looking for a fallback subproject for the dependency gstreamer-gl-1.0
Neither a subproject directory nor a gst-plugins-base.wrap file was found.
Subproject  gst-plugins-base is buildable: NO (disabling)
Dependency gstreamer-gl-1.0 from subproject subprojects/gst-plugins-base found: NO (subproject failed to configure)
Pkg-config binary for MachineChoice.HOST is cached.
Determining dependency 'zlib' with pkg-config executable '/home/user/hyperscale/buildroot/output/host/bin/pkgconf'
PKG_CONFIG_PATH: 
PKG_CONFIG_LIBDIR: /home/user/hyperscale/buildroot/output/host/csky-buildroot-linux-uclibcabiv1/sysroot/usr/lib/pkgconfig:/home/user/hyperscale/buildroot/output/host/csky-buildroot-linux-uclibcabiv1/sysroot/usr/share/pkgconfig
Called `/home/user/hyperscale/buildroot/output/host/bin/pkgconf --modversion zlib` -> 0
1.2.11
PKG_CONFIG_PATH: 
PKG_CONFIG_LIBDIR: /home/user/hyperscale/buildroot/output/host/csky-buildroot-linux-uclibcabiv1/sysroot/usr/lib/pkgconfig:/home/user/hyperscale/buildroot/output/host/csky-buildroot-linux-uclibcabiv1/sysroot/usr/share/pkgconfig
Called `/home/user/hyperscale/buildroot/output/host/bin/pkgconf --cflags zlib` -> 0
-I/home/user/hyperscale/buildroot/output/host/csky-buildroot-linux-uclibcabiv1/sysroot/usr/include
PKG_CONFIG_PATH: 
PKG_CONFIG_LIBDIR: /home/user/hyperscale/buildroot/output/host/csky-buildroot-linux-uclibcabiv1/sysroot/usr/lib/pkgconfig:/home/user/hyperscale/buildroot/output/host/csky-buildroot-linux-uclibcabiv1/sysroot/usr/share/pkgconfig
Called `/home/user/hyperscale/buildroot/output/host/bin/pkgconf zlib --libs --static` -> 0
-L/home/user/hyperscale/buildroot/output/host/csky-buildroot-linux-uclibcabiv1/sysroot/usr/lib -lz
PKG_CONFIG_PATH: 
PKG_CONFIG_LIBDIR: /home/user/hyperscale/buildroot/output/host/csky-buildroot-linux-uclibcabiv1/sysroot/usr/lib/pkgconfig:/home/user/hyperscale/buildroot/output/host/csky-buildroot-linux-uclibcabiv1/sysroot/usr/share/pkgconfig
Called `/home/user/hyperscale/buildroot/output/host/bin/pkgconf zlib --libs --static` -> 0
-L/home/user/hyperscale/buildroot/output/host/csky-buildroot-linux-uclibcabiv1/sysroot/usr/lib -lz
None of 'PKG_CONFIG_PATH' are defined in the environment, not changing global flags.
Run-time dependency zlib found: YES 1.2.11
Pkg-config binary for MachineChoice.HOST is cached.
Determining dependency 'glib-2.0' with pkg-config executable '/home/user/hyperscale/buildroot/output/host/bin/pkgconf'
PKG_CONFIG_PATH: 
PKG_CONFIG_LIBDIR: /home/user/hyperscale/buildroot/output/host/csky-buildroot-linux-uclibcabiv1/sysroot/usr/lib/pkgconfig:/home/user/hyperscale/buildroot/output/host/csky-buildroot-linux-uclibcabiv1/sysroot/usr/share/pkgconfig
Called `/home/user/hyperscale/buildroot/output/host/bin/pkgconf --modversion glib-2.0` -> 0
2.64.4
PKG_CONFIG_PATH: 
PKG_CONFIG_LIBDIR: /home/user/hyperscale/buildroot/output/host/csky-buildroot-linux-uclibcabiv1/sysroot/usr/lib/pkgconfig:/home/user/hyperscale/buildroot/output/host/csky-buildroot-linux-uclibcabiv1/sysroot/usr/share/pkgconfig
Called `/home/user/hyperscale/buildroot/output/host/bin/pkgconf --cflags glib-2.0` -> 0
-I/home/user/hyperscale/buildroot/output/host/csky-buildroot-linux-uclibcabiv1/sysroot/usr/include/glib-2.0 -I/home/user/hyperscale/buildroot/output/host/csky-buildroot-linux-uclibcabiv1/sysroot/usr/lib/glib-2.0/include -I/home/user/hyperscale/buildroot/output/host/csky-buildroot-linux-uclibcabiv1/sysroot/usr/include -DPCRE_STATIC
PKG_CONFIG_PATH: 
PKG_CONFIG_LIBDIR: /home/user/hyperscale/buildroot/output/host/csky-buildroot-linux-uclibcabiv1/sysroot/usr/lib/pkgconfig:/home/user/hyperscale/buildroot/output/host/csky-buildroot-linux-uclibcabiv1/sysroot/usr/share/pkgconfig
Called `/home/user/hyperscale/buildroot/output/host/bin/pkgconf glib-2.0 --libs --static` -> 0
-L/home/user/hyperscale/buildroot/output/host/csky-buildroot-linux-uclibcabiv1/sysroot/usr/lib -lglib-2.0 -pthread -liconv -L/home/user/hyperscale/buildroot/output/host/csky-buildroot-linux-uclibcabiv1/sysroot/usr/lib -lpcre
PKG_CONFIG_PATH: 
PKG_CONFIG_LIBDIR: /home/user/hyperscale/buildroot/output/host/csky-buildroot-linux-uclibcabiv1/sysroot/usr/lib/pkgconfig:/home/user/hyperscale/buildroot/output/host/csky-buildroot-linux-uclibcabiv1/sysroot/usr/share/pkgconfig
Called `/home/user/hyperscale/buildroot/output/host/bin/pkgconf glib-2.0 --libs --static` -> 0
-L/home/user/hyperscale/buildroot/output/host/csky-buildroot-linux-uclibcabiv1/sysroot/usr/lib -lglib-2.0 -pthread -liconv -L/home/user/hyperscale/buildroot/output/host/csky-buildroot-linux-uclibcabiv1/sysroot/usr/lib -lpcre
None of 'PKG_CONFIG_PATH' are defined in the environment, not changing global flags.
Run-time dependency glib-2.0 found: YES 2.64.4
Pkg-config binary for MachineChoice.HOST is cached.
Determining dependency 'gobject-2.0' with pkg-config executable '/home/user/hyperscale/buildroot/output/host/bin/pkgconf'
PKG_CONFIG_PATH: 
PKG_CONFIG_LIBDIR: /home/user/hyperscale/buildroot/output/host/csky-buildroot-linux-uclibcabiv1/sysroot/usr/lib/pkgconfig:/home/user/hyperscale/buildroot/output/host/csky-buildroot-linux-uclibcabiv1/sysroot/usr/share/pkgconfig
Called `/home/user/hyperscale/buildroot/output/host/bin/pkgconf --modversion gobject-2.0` -> 0
2.64.4
PKG_CONFIG_PATH: 
PKG_CONFIG_LIBDIR: /home/user/hyperscale/buildroot/output/host/csky-buildroot-linux-uclibcabiv1/sysroot/usr/lib/pkgconfig:/home/user/hyperscale/buildroot/output/host/csky-buildroot-linux-uclibcabiv1/sysroot/usr/share/pkgconfig
Called `/home/user/hyperscale/buildroot/output/host/bin/pkgconf --cflags gobject-2.0` -> 0
-I/home/user/hyperscale/buildroot/output/host/csky-buildroot-linux-uclibcabiv1/sysroot/usr/include -I/home/user/hyperscale/buildroot/output/host/csky-buildroot-linux-uclibcabiv1/sysroot/usr/include/glib-2.0 -I/home/user/hyperscale/buildroot/output/host/csky-buildroot-linux-uclibcabiv1/sysroot/usr/lib/glib-2.0/include -DPCRE_STATIC
PKG_CONFIG_PATH: 
PKG_CONFIG_LIBDIR: /home/user/hyperscale/buildroot/output/host/csky-buildroot-linux-uclibcabiv1/sysroot/usr/lib/pkgconfig:/home/user/hyperscale/buildroot/output/host/csky-buildroot-linux-uclibcabiv1/sysroot/usr/share/pkgconfig
Called `/home/user/hyperscale/buildroot/output/host/bin/pkgconf gobject-2.0 --libs --static` -> 0
-L/home/user/hyperscale/buildroot/output/host/csky-buildroot-linux-uclibcabiv1/sysroot/usr/lib -lgobject-2.0 -pthread -lglib-2.0 -pthread -liconv -L/home/user/hyperscale/buildroot/output/host/csky-buildroot-linux-uclibcabiv1/sysroot/usr/lib -lpcre -L/home/user/hyperscale/buildroot/output/host/csky-buildroot-linux-uclibcabiv1/sysroot/usr/lib -lffi
PKG_CONFIG_PATH: 
PKG_CONFIG_LIBDIR: /home/user/hyperscale/buildroot/output/host/csky-buildroot-linux-uclibcabiv1/sysroot/usr/lib/pkgconfig:/home/user/hyperscale/buildroot/output/host/csky-buildroot-linux-uclibcabiv1/sysroot/usr/share/pkgconfig
Called `/home/user/hyperscale/buildroot/output/host/bin/pkgconf gobject-2.0 --libs --static` -> 0
-L/home/user/hyperscale/buildroot/output/host/csky-buildroot-linux-uclibcabiv1/sysroot/usr/lib -lgobject-2.0 -pthread -lglib-2.0 -pthread -liconv -L/home/user/hyperscale/buildroot/output/host/csky-buildroot-linux-uclibcabiv1/sysroot/usr/lib -lpcre -L/home/user/hyperscale/buildroot/output/host/csky-buildroot-linux-uclibcabiv1/sysroot/usr/lib -lffi
None of 'PKG_CONFIG_PATH' are defined in the environment, not changing global flags.
Run-time dependency gobject-2.0 found: YES 2.64.4
Pkg-config binary for MachineChoice.HOST is cached.
Determining dependency 'gio-2.0' with pkg-config executable '/home/user/hyperscale/buildroot/output/host/bin/pkgconf'
PKG_CONFIG_PATH: 
PKG_CONFIG_LIBDIR: /home/user/hyperscale/buildroot/output/host/csky-buildroot-linux-uclibcabiv1/sysroot/usr/lib/pkgconfig:/home/user/hyperscale/buildroot/output/host/csky-buildroot-linux-uclibcabiv1/sysroot/usr/share/pkgconfig
Called `/home/user/hyperscale/buildroot/output/host/bin/pkgconf --modversion gio-2.0` -> 0
2.64.4
PKG_CONFIG_PATH: 
PKG_CONFIG_LIBDIR: /home/user/hyperscale/buildroot/output/host/csky-buildroot-linux-uclibcabiv1/sysroot/usr/lib/pkgconfig:/home/user/hyperscale/buildroot/output/host/csky-buildroot-linux-uclibcabiv1/sysroot/usr/share/pkgconfig
Called `/home/user/hyperscale/buildroot/output/host/bin/pkgconf --cflags gio-2.0` -> 0
-I/home/user/hyperscale/buildroot/output/host/csky-buildroot-linux-uclibcabiv1/sysroot/usr/include -I/home/user/hyperscale/buildroot/output/host/csky-buildroot-linux-uclibcabiv1/sysroot/usr/include/glib-2.0 -I/home/user/hyperscale/buildroot/output/host/csky-buildroot-linux-uclibcabiv1/sysroot/usr/lib/glib-2.0/include -pthread -DPCRE_STATIC
PKG_CONFIG_PATH: 
PKG_CONFIG_LIBDIR: /home/user/hyperscale/buildroot/output/host/csky-buildroot-linux-uclibcabiv1/sysroot/usr/lib/pkgconfig:/home/user/hyperscale/buildroot/output/host/csky-buildroot-linux-uclibcabiv1/sysroot/usr/share/pkgconfig
Called `/home/user/hyperscale/buildroot/output/host/bin/pkgconf gio-2.0 --libs --static` -> 0
-L/home/user/hyperscale/buildroot/output/host/csky-buildroot-linux-uclibcabiv1/sysroot/usr/lib -lgio-2.0 -pthread -lglib-2.0 -pthread -liconv -L/home/user/hyperscale/buildroot/output/host/csky-buildroot-linux-uclibcabiv1/sysroot/usr/lib -lpcre -lgobject-2.0 -pthread -lglib-2.0 -liconv -L/home/user/hyperscale/buildroot/output/host/csky-buildroot-linux-uclibcabiv1/sysroot/usr/lib -lpcre -L/home/user/hyperscale/buildroot/output/host/csky-buildroot-linux-uclibcabiv1/sysroot/usr/lib -lffi -lgmodule-2.0 -pthread -lglib-2.0 -pthread -liconv -L/home/user/hyperscale/buildroot/output/host/csky-buildroot-linux-uclibcabiv1/sysroot/usr/lib -lpcre -L/home/user/hyperscale/buildroot/output/host/csky-buildroot-linux-uclibcabiv1/sysroot/usr/lib -L/home/user/hyperscale/buildroot/output/host/csky-buildroot-linux-uclibcabiv1/sysroot/usr/lib -lz
PKG_CONFIG_PATH: 
PKG_CONFIG_LIBDIR: /home/user/hyperscale/buildroot/output/host/csky-buildroot-linux-uclibcabiv1/sysroot/usr/lib/pkgconfig:/home/user/hyperscale/buildroot/output/host/csky-buildroot-linux-uclibcabiv1/sysroot/usr/share/pkgconfig
Called `/home/user/hyperscale/buildroot/output/host/bin/pkgconf gio-2.0 --libs --static` -> 0
-L/home/user/hyperscale/buildroot/output/host/csky-buildroot-linux-uclibcabiv1/sysroot/usr/lib -lgio-2.0 -pthread -lglib-2.0 -pthread -liconv -L/home/user/hyperscale/buildroot/output/host/csky-buildroot-linux-uclibcabiv1/sysroot/usr/lib -lpcre -lgobject-2.0 -pthread -lglib-2.0 -liconv -L/home/user/hyperscale/buildroot/output/host/csky-buildroot-linux-uclibcabiv1/sysroot/usr/lib -lpcre -L/home/user/hyperscale/buildroot/output/host/csky-buildroot-linux-uclibcabiv1/sysroot/usr/lib -lffi -lgmodule-2.0 -pthread -lglib-2.0 -pthread -liconv -L/home/user/hyperscale/buildroot/output/host/csky-buildroot-linux-uclibcabiv1/sysroot/usr/lib -lpcre -L/home/user/hyperscale/buildroot/output/host/csky-buildroot-linux-uclibcabiv1/sysroot/usr/lib -L/home/user/hyperscale/buildroot/output/host/csky-buildroot-linux-uclibcabiv1/sysroot/usr/lib -lz
None of 'PKG_CONFIG_PATH' are defined in the environment, not changing global flags.
Run-time dependency gio-2.0 found: YES 2.64.4
Pkg-config binary for MachineChoice.HOST is cached.
Determining dependency 'orc-0.4' with pkg-config executable '/home/user/hyperscale/buildroot/output/host/bin/pkgconf'
PKG_CONFIG_PATH: 
PKG_CONFIG_LIBDIR: /home/user/hyperscale/buildroot/output/host/csky-buildroot-linux-uclibcabiv1/sysroot/usr/lib/pkgconfig:/home/user/hyperscale/buildroot/output/host/csky-buildroot-linux-uclibcabiv1/sysroot/usr/share/pkgconfig
Called `/home/user/hyperscale/buildroot/output/host/bin/pkgconf --modversion orc-0.4` -> 1

CMake binary for MachineChoice.BUILD is cached.
None of 'CMAKE_PREFIX_PATH_FOR_BUILD' are defined in the environment, not changing global flags.
Preliminary CMake check failed. Aborting.
Run-time dependency orc-0.4 found: NO (tried pkgconfig and cmake)
Looking for a fallback subproject for the dependency orc-0.4
Neither a subproject directory nor a orc.wrap file was found.
Subproject  orc is buildable: NO (disabling)
Dependency orc-0.4 from subproject subprojects/orc found: NO (subproject failed to configure)
Program orcc found: YES (/usr/bin/orcc)
Message: Orc Compiler not found, will use backup C code
Running compile:
Working directory:  /home/user/hyperscale/buildroot/output/build/gst1-plugins-good-1.18.1/build/meson-private/tmplr0dp1su
Command line:  /home/user/hyperscale/buildroot/output/host/bin/csky-linux-gcc -I/home/user/hyperscale/buildroot/output/host/csky-buildroot-linux-uclibcabiv1/sysroot/usr/include/gstreamer-1.0 -I/home/user/hyperscale/buildroot/output/host/csky-buildroot-linux-uclibcabiv1/sysroot/usr/include/glib-2.0 -I/home/user/hyperscale/buildroot/output/host/csky-buildroot-linux-uclibcabiv1/sysroot/usr/lib/glib-2.0/include -I/home/user/hyperscale/buildroot/output/host/csky-buildroot-linux-uclibcabiv1/sysroot/usr/include /home/user/hyperscale/buildroot/output/build/gst1-plugins-good-1.18.1/build/meson-private/tmplr0dp1su/testfile.c -o /home/user/hyperscale/buildroot/output/build/gst1-plugins-good-1.18.1/build/meson-private/tmplr0dp1su/output.obj -pipe -c -pthread -DPCRE_STATIC -D_LARGEFILE_SOURCE -D_LARGEFILE64_SOURCE -Os -static -D_FILE_OFFSET_BITS=64 -O0 

Code:
 
        #include <gst/gstconfig.h>
        int main(void) {
            /* If it's not defined as a macro, try to use as a symbol */
            #ifndef GST_DISABLE_GST_DEBUG
                GST_DISABLE_GST_DEBUG;
            #endif
            return 0;
        }
Compiler stdout:
 
Compiler stderr:
 /home/user/hyperscale/buildroot/output/build/gst1-plugins-good-1.18.1/build/meson-private/tmplr0dp1su/testfile.c: In function 'main':
/home/user/hyperscale/buildroot/output/build/gst1-plugins-good-1.18.1/build/meson-private/tmplr0dp1su/testfile.c:6:17: error: 'GST_DISABLE_GST_DEBUG' undeclared (first use in this function)
                 GST_DISABLE_GST_DEBUG;
                 ^~~~~~~~~~~~~~~~~~~~~
/home/user/hyperscale/buildroot/output/build/gst1-plugins-good-1.18.1/build/meson-private/tmplr0dp1su/testfile.c:6:17: note: each undeclared identifier is reported only once for each function it appears in

Header <gst/gstconfig.h> has symbol "GST_DISABLE_GST_DEBUG" with dependency gstreamer-1.0: NO 
Message: GStreamer debug system is enabled
Program python3 found: YES (/home/user/hyperscale/buildroot/output/host/bin/python3)
Message: Not building Open Sound System 4 plugin, required headers not found.
Message: V4L2 plugin is disabled
Dependency x11 skipped: feature ximagesrc disabled
Dependency cairo-gobject skipped: feature cairo disabled
Dependency flac skipped: feature flac disabled
Dependency gdk-pixbuf-2.0 skipped: feature gdk-pixbuf disabled
Pkg-config binary for MachineChoice.HOST is cached.
Determining dependency 'gtk+-3.0' with pkg-config executable '/home/user/hyperscale/buildroot/output/host/bin/pkgconf'
PKG_CONFIG_PATH: 
PKG_CONFIG_LIBDIR: /home/user/hyperscale/buildroot/output/host/csky-buildroot-linux-uclibcabiv1/sysroot/usr/lib/pkgconfig:/home/user/hyperscale/buildroot/output/host/csky-buildroot-linux-uclibcabiv1/sysroot/usr/share/pkgconfig
Called `/home/user/hyperscale/buildroot/output/host/bin/pkgconf --modversion gtk+-3.0` -> 1

CMake binary for MachineChoice.BUILD is cached.
None of 'CMAKE_PREFIX_PATH_FOR_BUILD' are defined in the environment, not changing global flags.
Preliminary CMake check failed. Aborting.
Run-time dependency gtk+-3.0 found: NO (tried pkgconfig and cmake)
Dependency jack skipped: feature jack disabled
Dependency libjpeg skipped: feature jpeg disabled
Library mp3lame skipped: feature lame disabled
Dependency caca skipped: feature libcaca disabled
Dependency libdv skipped: feature dv disabled
Dependency libpng skipped: feature png disabled
Dependency libmpg123 skipped: feature mpg123 disabled
Dependency libraw1394 skipped: feature dv1394 disabled
Dependency libavc1394 skipped: feature dv1394 disabled
Dependency libiec61883 skipped: feature dv1394 disabled
Dependency libpulse skipped: feature pulse disabled
Dependency shout skipped: feature shout2 disabled
Pkg-config binary for MachineChoice.HOST is cached.
Determining dependency 'libsoup-2.4' with pkg-config executable '/home/user/hyperscale/buildroot/output/host/bin/pkgconf'
PKG_CONFIG_PATH: 
PKG_CONFIG_LIBDIR: /home/user/hyperscale/buildroot/output/host/csky-buildroot-linux-uclibcabiv1/sysroot/usr/lib/pkgconfig:/home/user/hyperscale/buildroot/output/host/csky-buildroot-linux-uclibcabiv1/sysroot/usr/share/pkgconfig
Called `/home/user/hyperscale/buildroot/output/host/bin/pkgconf --modversion libsoup-2.4` -> 0
2.62.3
PKG_CONFIG_PATH: 
PKG_CONFIG_LIBDIR: /home/user/hyperscale/buildroot/output/host/csky-buildroot-linux-uclibcabiv1/sysroot/usr/lib/pkgconfig:/home/user/hyperscale/buildroot/output/host/csky-buildroot-linux-uclibcabiv1/sysroot/usr/share/pkgconfig
Called `/home/user/hyperscale/buildroot/output/host/bin/pkgconf --cflags libsoup-2.4` -> 0
-I/home/user/hyperscale/buildroot/output/host/csky-buildroot-linux-uclibcabiv1/sysroot/usr/include/libsoup-2.4 -I/home/user/hyperscale/buildroot/output/host/csky-buildroot-linux-uclibcabiv1/sysroot/usr/include/glib-2.0 -I/home/user/hyperscale/buildroot/output/host/csky-buildroot-linux-uclibcabiv1/sysroot/usr/lib/glib-2.0/include -I/home/user/hyperscale/buildroot/output/host/csky-buildroot-linux-uclibcabiv1/sysroot/usr/include -pthread -DPCRE_STATIC -I/home/user/hyperscale/buildroot/output/host/csky-buildroot-linux-uclibcabiv1/sysroot/usr/include/libxml2
PKG_CONFIG_PATH: 
PKG_CONFIG_LIBDIR: /home/user/hyperscale/buildroot/output/host/csky-buildroot-linux-uclibcabiv1/sysroot/usr/lib/pkgconfig:/home/user/hyperscale/buildroot/output/host/csky-buildroot-linux-uclibcabiv1/sysroot/usr/share/pkgconfig
Called `/home/user/hyperscale/buildroot/output/host/bin/pkgconf libsoup-2.4 --libs --static` -> 0
-L/home/user/hyperscale/buildroot/output/host/csky-buildroot-linux-uclibcabiv1/sysroot/usr/lib -lsoup-2.4 -pthread -liconv -L/home/user/hyperscale/buildroot/output/host/csky-buildroot-linux-uclibcabiv1/sysroot/usr/lib -lpcre -pthread -lglib-2.0 -pthread -liconv -L/home/user/hyperscale/buildroot/output/host/csky-buildroot-linux-uclibcabiv1/sysroot/usr/lib -lpcre -L/home/user/hyperscale/buildroot/output/host/csky-buildroot-linux-uclibcabiv1/sysroot/usr/lib -lffi -lgio-2.0 -pthread -lglib-2.0 -pthread -liconv -L/home/user/hyperscale/buildroot/output/host/csky-buildroot-linux-uclibcabiv1/sysroot/usr/lib -lpcre -lgobject-2.0 -pthread -lglib-2.0 -liconv -L/home/user/hyperscale/buildroot/output/host/csky-buildroot-linux-uclibcabiv1/sysroot/usr/lib -lpcre -L/home/user/hyperscale/buildroot/output/host/csky-buildroot-linux-uclibcabiv1/sysroot/usr/lib -lffi -lgmodule-2.0 -pthread -lglib-2.0 -pthread -liconv -L/home/user/hyperscale/buildroot/output/host/csky-buildroot-linux-uclibcabiv1/sysroot/usr/lib -lpcre -L/home/user/hyperscale/buildroot/output/host/csky-buildroot-linux-uclibcabiv1/sysroot/usr/lib -L/home/user/hyperscale/buildroot/output/host/csky-buildroot-linux-uclibcabiv1/sysroot/usr/lib -lz -L/home/user/hyperscale/buildroot/output/host/csky-buildroot-linux-uclibcabiv1/sysroot/usr/lib -lxml2 -L/home/user/hyperscale/buildroot/output/host/csky-buildroot-linux-uclibcabiv1/sysroot/usr/lib -lz -liconv -lm
PKG_CONFIG_PATH: 
PKG_CONFIG_LIBDIR: /home/user/hyperscale/buildroot/output/host/csky-buildroot-linux-uclibcabiv1/sysroot/usr/lib/pkgconfig:/home/user/hyperscale/buildroot/output/host/csky-buildroot-linux-uclibcabiv1/sysroot/usr/share/pkgconfig
Called `/home/user/hyperscale/buildroot/output/host/bin/pkgconf libsoup-2.4 --libs --static` -> 0
-L/home/user/hyperscale/buildroot/output/host/csky-buildroot-linux-uclibcabiv1/sysroot/usr/lib -lsoup-2.4 -pthread -liconv -L/home/user/hyperscale/buildroot/output/host/csky-buildroot-linux-uclibcabiv1/sysroot/usr/lib -lpcre -pthread -lglib-2.0 -pthread -liconv -L/home/user/hyperscale/buildroot/output/host/csky-buildroot-linux-uclibcabiv1/sysroot/usr/lib -lpcre -L/home/user/hyperscale/buildroot/output/host/csky-buildroot-linux-uclibcabiv1/sysroot/usr/lib -lffi -lgio-2.0 -pthread -lglib-2.0 -pthread -liconv -L/home/user/hyperscale/buildroot/output/host/csky-buildroot-linux-uclibcabiv1/sysroot/usr/lib -lpcre -lgobject-2.0 -pthread -lglib-2.0 -liconv -L/home/user/hyperscale/buildroot/output/host/csky-buildroot-linux-uclibcabiv1/sysroot/usr/lib -lpcre -L/home/user/hyperscale/buildroot/output/host/csky-buildroot-linux-uclibcabiv1/sysroot/usr/lib -lffi -lgmodule-2.0 -pthread -lglib-2.0 -pthread -liconv -L/home/user/hyperscale/buildroot/output/host/csky-buildroot-linux-uclibcabiv1/sysroot/usr/lib -lpcre -L/home/user/hyperscale/buildroot/output/host/csky-buildroot-linux-uclibcabiv1/sysroot/usr/lib -L/home/user/hyperscale/buildroot/output/host/csky-buildroot-linux-uclibcabiv1/sysroot/usr/lib -lz -L/home/user/hyperscale/buildroot/output/host/csky-buildroot-linux-uclibcabiv1/sysroot/usr/lib -lxml2 -L/home/user/hyperscale/buildroot/output/host/csky-buildroot-linux-uclibcabiv1/sysroot/usr/lib -lz -liconv -lm
None of 'PKG_CONFIG_PATH' are defined in the environment, not changing global flags.
Run-time dependency libsoup-2.4 found: YES 2.62.3
Dependency speex skipped: feature speex disabled
Dependency taglib skipped: feature taglib disabled
Dependency twolame skipped: feature twolame disabled
Dependency vpx skipped: feature vpx disabled
Dependency wavpack skipped: feature wavpack disabled
Message: Documentation not built as building it while cross building is not supported yet.
Program xgettext found: YES (/home/user/hyperscale/buildroot/output/host/bin/xgettext)
Program dist-translations.py found: YES (/home/user/hyperscale/buildroot/output/build/gst1-plugins-good-1.18.1/scripts/dist-translations.py)
Program scripts/extract-release-date-from-doap-file.py found: YES (/home/user/hyperscale/buildroot/output/build/gst1-plugins-good-1.18.1/scripts/extract-release-date-from-doap-file.py)
Running command: /home/user/hyperscale/buildroot/output/build/gst1-plugins-good-1.18.1/scripts/extract-release-date-from-doap-file.py 1.18.1 /home/user/hyperscale/buildroot/output/build/gst1-plugins-good-1.18.1/gst-plugins-good.doap
--- stdout ---
2020-10-26

--- stderr ---


Message: Package release date: 2020-10-26
Configuring config.h using configuration
Running command: /home/user/hyperscale/buildroot/output/host/bin/python3 -c import shutil; shutil.copy("hooks/pre-commit.hook", ".git/hooks/pre-commit")
--- stdout ---

--- stderr ---
Traceback (most recent call last):
  File "<string>", line 1, in <module>
  File "/home/user/hyperscale/buildroot/output/host/lib/python3.9/shutil.py", line 415, in copy
    copyfile(src, dst, follow_symlinks=follow_symlinks)
  File "/home/user/hyperscale/buildroot/output/host/lib/python3.9/shutil.py", line 261, in copyfile
    with open(src, 'rb') as fsrc, open(dst, 'wb') as fdst:
FileNotFoundError: [Errno 2] No such file or directory: '.git/hooks/pre-commit'


Build targets in project: 7
WARNING: Project specifies a minimum meson_version '>= 0.48' but uses features which were added in newer versions:
 * 0.54.0: {'native arg in add_languages'}

gst-plugins-good 1.18.1

             Plugins: rtp, rtpmanager, udp, soup

  Subprojects
    gst-plugins-base: NO Neither a subproject directory nor a gst-plugins-base.wrap file was found.
                 orc: NO Neither a subproject directory nor a orc.wrap file was found.

Option buildtype is: release [default: debugoptimized]
Found ninja-1.10.2 at /home/user/hyperscale/buildroot/output/host/bin/ninja
